SF:/Users/casibbald/Workspace/microscaler/DCops/controllers/netbox/src/backoff.rs
FN:73,_RNvMNtCsjgzn8ineqr5_17netbox_controller7backoffNtB2_16FibonacciBackoff12next_backoff
FN:102,_RNvMNtCsjgzn8ineqr5_17netbox_controller7backoffNtB2_16FibonacciBackoff25calculate_for_error_count
FN:56,_RNvMNtCsjgzn8ineqr5_17netbox_controller7backoffNtB2_16FibonacciBackoff20next_backoff_seconds
FN:42,_RNvMNtCsjgzn8ineqr5_17netbox_controller7backoffNtB2_16FibonacciBackoff3new
FN:78,_RNvMNtCsjgzn8ineqr5_17netbox_controller7backoffNtB2_16FibonacciBackoff5reset
FN:171,_RNvNtNtCsjgzn8ineqr5_17netbox_controller7backoff5testss_28test_fibonacci_backoff_reset
FN:153,_RNvNtNtCsjgzn8ineqr5_17netbox_controller7backoff5testss_30test_fibonacci_backoff_max_cap
FN:138,_RNvNtNtCsjgzn8ineqr5_17netbox_controller7backoff5testss_31test_fibonacci_backoff_sequence
FNDA:0,_RNvMNtCsjgzn8ineqr5_17netbox_controller7backoffNtB2_16FibonacciBackoff12next_backoff
FNDA:0,_RNvMNtCsjgzn8ineqr5_17netbox_controller7backoffNtB2_16FibonacciBackoff25calculate_for_error_count
FNDA:61,_RNvMNtCsjgzn8ineqr5_17netbox_controller7backoffNtB2_16FibonacciBackoff20next_backoff_seconds
FNDA:17,_RNvMNtCsjgzn8ineqr5_17netbox_controller7backoffNtB2_16FibonacciBackoff3new
FNDA:6,_RNvMNtCsjgzn8ineqr5_17netbox_controller7backoffNtB2_16FibonacciBackoff5reset
FNDA:1,_RNvNtNtCsjgzn8ineqr5_17netbox_controller7backoff5testss_28test_fibonacci_backoff_reset
FNDA:1,_RNvNtNtCsjgzn8ineqr5_17netbox_controller7backoff5testss_30test_fibonacci_backoff_max_cap
FNDA:1,_RNvNtNtCsjgzn8ineqr5_17netbox_controller7backoff5testss_31test_fibonacci_backoff_sequence
FNF:8
FNH:6
DA:42,17
DA:43,17
DA:44,17
DA:45,17
DA:46,17
DA:47,17
DA:48,17
DA:49,17
DA:56,61
DA:58,61
DA:61,61
DA:64,61
DA:65,61
DA:67,61
DA:68,61
DA:73,0
DA:74,0
DA:75,0
DA:78,6
DA:79,6
DA:80,6
DA:81,6
DA:102,0
DA:103,0
DA:104,0
DA:105,0
DA:106,0
DA:107,0
DA:109,0
DA:110,0
DA:114,0
DA:115,0
DA:118,0
DA:119,0
DA:120,0
DA:121,0
DA:124,0
DA:125,0
DA:126,0
DA:129,0
DA:130,0
DA:138,1
DA:139,1
DA:143,1
DA:144,1
DA:145,1
DA:146,1
DA:147,1
DA:148,1
DA:149,1
DA:150,1
DA:153,1
DA:154,1
DA:157,1
DA:158,1
DA:159,1
DA:160,1
DA:161,1
DA:162,1
DA:163,1
DA:165,1
DA:167,1
DA:168,1
DA:171,1
DA:172,1
DA:174,1
DA:175,1
DA:176,1
DA:177,1
DA:179,1
DA:182,1
DA:183,1
DA:184,1
DA:185,1
BRF:0
BRH:0
LF:74
LH:52
end_of_record
SF:/Users/casibbald/Workspace/microscaler/DCops/controllers/netbox/src/controller.rs
FN:65,_RNCNCNvMNtCsjgzn8ineqr5_17netbox_controller10controllerNtB6_10Controller3new00B8_
FN:198,_RNCNCNvMNtCsjgzn8ineqr5_17netbox_controller10controllerNtB6_10Controller3new0s0_0B8_
FN:205,_RNCNCNvMNtCsjgzn8ineqr5_17netbox_controller10controllerNtB6_10Controller3new0s1_0B8_
FN:212,_RNCNCNvMNtCsjgzn8ineqr5_17netbox_controller10controllerNtB6_10Controller3new0s2_0B8_
FN:219,_RNCNCNvMNtCsjgzn8ineqr5_17netbox_controller10controllerNtB6_10Controller3new0s3_0B8_
FN:226,_RNCNCNvMNtCsjgzn8ineqr5_17netbox_controller10controllerNtB6_10Controller3new0s4_0B8_
FN:233,_RNCNCNvMNtCsjgzn8ineqr5_17netbox_controller10controllerNtB6_10Controller3new0s5_0B8_
FN:240,_RNCNCNvMNtCsjgzn8ineqr5_17netbox_controller10controllerNtB6_10Controller3new0s6_0B8_
FN:247,_RNCNCNvMNtCsjgzn8ineqr5_17netbox_controller10controllerNtB6_10Controller3new0s7_0B8_
FN:254,_RNCNCNvMNtCsjgzn8ineqr5_17netbox_controller10controllerNtB6_10Controller3new0s8_0B8_
FN:261,_RNCNCNvMNtCsjgzn8ineqr5_17netbox_controller10controllerNtB6_10Controller3new0s9_0B8_
FN:191,_RNCNCNvMNtCsjgzn8ineqr5_17netbox_controller10controllerNtB6_10Controller3new0s_0B8_
FN:268,_RNCNCNvMNtCsjgzn8ineqr5_17netbox_controller10controllerNtB6_10Controller3new0sa_0B8_
FN:275,_RNCNCNvMNtCsjgzn8ineqr5_17netbox_controller10controllerNtB6_10Controller3new0sb_0B8_
FN:282,_RNCNCNvMNtCsjgzn8ineqr5_17netbox_controller10controllerNtB6_10Controller3new0sc_0B8_
FN:289,_RNCNCNvMNtCsjgzn8ineqr5_17netbox_controller10controllerNtB6_10Controller3new0sd_0B8_
FN:296,_RNCNCNvMNtCsjgzn8ineqr5_17netbox_controller10controllerNtB6_10Controller3new0se_0B8_
FN:303,_RNCNCNvMNtCsjgzn8ineqr5_17netbox_controller10controllerNtB6_10Controller3new0sf_0B8_
FN:310,_RNCNCNvMNtCsjgzn8ineqr5_17netbox_controller10controllerNtB6_10Controller3new0sg_0B8_
FN:317,_RNCNCNvMNtCsjgzn8ineqr5_17netbox_controller10controllerNtB6_10Controller3new0sh_0B8_
FN:324,_RNCNCNvMNtCsjgzn8ineqr5_17netbox_controller10controllerNtB6_10Controller3new0si_0B8_
FN:364,_RNCNCNvMNtCsjgzn8ineqr5_17netbox_controller10controllerNtB6_10Controller3run0s0_0B8_
FN:365,_RNCNCNvMNtCsjgzn8ineqr5_17netbox_controller10controllerNtB6_10Controller3run0s1_0B8_
FN:368,_RNCNCNvMNtCsjgzn8ineqr5_17netbox_controller10controllerNtB6_10Controller3run0s2_0B8_
FN:369,_RNCNCNvMNtCsjgzn8ineqr5_17netbox_controller10controllerNtB6_10Controller3run0s3_0B8_
FN:372,_RNCNCNvMNtCsjgzn8ineqr5_17netbox_controller10controllerNtB6_10Controller3run0s4_0B8_
FN:373,_RNCNCNvMNtCsjgzn8ineqr5_17netbox_controller10controllerNtB6_10Controller3run0s5_0B8_
FN:376,_RNCNCNvMNtCsjgzn8ineqr5_17netbox_controller10controllerNtB6_10Controller3run0s6_0B8_
FN:377,_RNCNCNvMNtCsjgzn8ineqr5_17netbox_controller10controllerNtB6_10Controller3run0s7_0B8_
FN:380,_RNCNCNvMNtCsjgzn8ineqr5_17netbox_controller10controllerNtB6_10Controller3run0s8_0B8_
FN:381,_RNCNCNvMNtCsjgzn8ineqr5_17netbox_controller10controllerNtB6_10Controller3run0s9_0B8_
FN:436,_RNCNCNvMNtCsjgzn8ineqr5_17netbox_controller10controllerNtB6_10Controller3run0sA_0B8_
FN:437,_RNCNCNvMNtCsjgzn8ineqr5_17netbox_controller10controllerNtB6_10Controller3run0sB_0B8_
FN:440,_RNCNCNvMNtCsjgzn8ineqr5_17netbox_controller10controllerNtB6_10Controller3run0sC_0B8_
FN:441,_RNCNCNvMNtCsjgzn8ineqr5_17netbox_controller10controllerNtB6_10Controller3run0sD_0B8_
FN:384,_RNCNCNvMNtCsjgzn8ineqr5_17netbox_controller10controllerNtB6_10Controller3run0sa_0B8_
FN:385,_RNCNCNvMNtCsjgzn8ineqr5_17netbox_controller10controllerNtB6_10Controller3run0sb_0B8_
FN:388,_RNCNCNvMNtCsjgzn8ineqr5_17netbox_controller10controllerNtB6_10Controller3run0sc_0B8_
FN:389,_RNCNCNvMNtCsjgzn8ineqr5_17netbox_controller10controllerNtB6_10Controller3run0sd_0B8_
FN:392,_RNCNCNvMNtCsjgzn8ineqr5_17netbox_controller10controllerNtB6_10Controller3run0se_0B8_
FN:393,_RNCNCNvMNtCsjgzn8ineqr5_17netbox_controller10controllerNtB6_10Controller3run0sf_0B8_
FN:396,_RNCNCNvMNtCsjgzn8ineqr5_17netbox_controller10controllerNtB6_10Controller3run0sg_0B8_
FN:397,_RNCNCNvMNtCsjgzn8ineqr5_17netbox_controller10controllerNtB6_10Controller3run0sh_0B8_
FN:400,_RNCNCNvMNtCsjgzn8ineqr5_17netbox_controller10controllerNtB6_10Controller3run0si_0B8_
FN:401,_RNCNCNvMNtCsjgzn8ineqr5_17netbox_controller10controllerNtB6_10Controller3run0sj_0B8_
FN:404,_RNCNCNvMNtCsjgzn8ineqr5_17netbox_controller10controllerNtB6_10Controller3run0sk_0B8_
FN:405,_RNCNCNvMNtCsjgzn8ineqr5_17netbox_controller10controllerNtB6_10Controller3run0sl_0B8_
FN:408,_RNCNCNvMNtCsjgzn8ineqr5_17netbox_controller10controllerNtB6_10Controller3run0sm_0B8_
FN:409,_RNCNCNvMNtCsjgzn8ineqr5_17netbox_controller10controllerNtB6_10Controller3run0sn_0B8_
FN:412,_RNCNCNvMNtCsjgzn8ineqr5_17netbox_controller10controllerNtB6_10Controller3run0so_0B8_
FN:413,_RNCNCNvMNtCsjgzn8ineqr5_17netbox_controller10controllerNtB6_10Controller3run0sp_0B8_
FN:416,_RNCNCNvMNtCsjgzn8ineqr5_17netbox_controller10controllerNtB6_10Controller3run0sq_0B8_
FN:417,_RNCNCNvMNtCsjgzn8ineqr5_17netbox_controller10controllerNtB6_10Controller3run0sr_0B8_
FN:420,_RNCNCNvMNtCsjgzn8ineqr5_17netbox_controller10controllerNtB6_10Controller3run0ss_0B8_
FN:421,_RNCNCNvMNtCsjgzn8ineqr5_17netbox_controller10controllerNtB6_10Controller3run0st_0B8_
FN:424,_RNCNCNvMNtCsjgzn8ineqr5_17netbox_controller10controllerNtB6_10Controller3run0su_0B8_
FN:425,_RNCNCNvMNtCsjgzn8ineqr5_17netbox_controller10controllerNtB6_10Controller3run0sv_0B8_
FN:428,_RNCNCNvMNtCsjgzn8ineqr5_17netbox_controller10controllerNtB6_10Controller3run0sw_0B8_
FN:429,_RNCNCNvMNtCsjgzn8ineqr5_17netbox_controller10controllerNtB6_10Controller3run0sx_0B8_
FN:432,_RNCNCNvMNtCsjgzn8ineqr5_17netbox_controller10controllerNtB6_10Controller3run0sy_0B8_
FN:433,_RNCNCNvMNtCsjgzn8ineqr5_17netbox_controller10controllerNtB6_10Controller3run0sz_0B8_
FN:60,_RNCNvMNtCsjgzn8ineqr5_17netbox_controller10controllerNtB4_10Controller3new0B6_
FN:358,_RNCNvMNtCsjgzn8ineqr5_17netbox_controller10controllerNtB4_10Controller3run0B6_
FN:57,_RNvMNtCsjgzn8ineqr5_17netbox_controller10controllerNtB2_10Controller3new
FN:358,_RNvMNtCsjgzn8ineqr5_17netbox_controller10controllerNtB2_10Controller3run
FNDA:0,_RNCNCNvMNtCsjgzn8ineqr5_17netbox_controller10controllerNtB6_10Controller3new00B8_
FNDA:0,_RNCNCNvMNtCsjgzn8ineqr5_17netbox_controller10controllerNtB6_10Controller3new0s0_0B8_
FNDA:0,_RNCNCNvMNtCsjgzn8ineqr5_17netbox_controller10controllerNtB6_10Controller3new0s1_0B8_
FNDA:0,_RNCNCNvMNtCsjgzn8ineqr5_17netbox_controller10controllerNtB6_10Controller3new0s2_0B8_
FNDA:0,_RNCNCNvMNtCsjgzn8ineqr5_17netbox_controller10controllerNtB6_10Controller3new0s3_0B8_
FNDA:0,_RNCNCNvMNtCsjgzn8ineqr5_17netbox_controller10controllerNtB6_10Controller3new0s4_0B8_
FNDA:0,_RNCNCNvMNtCsjgzn8ineqr5_17netbox_controller10controllerNtB6_10Controller3new0s5_0B8_
FNDA:0,_RNCNCNvMNtCsjgzn8ineqr5_17netbox_controller10controllerNtB6_10Controller3new0s6_0B8_
FNDA:0,_RNCNCNvMNtCsjgzn8ineqr5_17netbox_controller10controllerNtB6_10Controller3new0s7_0B8_
FNDA:0,_RNCNCNvMNtCsjgzn8ineqr5_17netbox_controller10controllerNtB6_10Controller3new0s8_0B8_
FNDA:0,_RNCNCNvMNtCsjgzn8ineqr5_17netbox_controller10controllerNtB6_10Controller3new0s9_0B8_
FNDA:0,_RNCNCNvMNtCsjgzn8ineqr5_17netbox_controller10controllerNtB6_10Controller3new0s_0B8_
FNDA:0,_RNCNCNvMNtCsjgzn8ineqr5_17netbox_controller10controllerNtB6_10Controller3new0sa_0B8_
FNDA:0,_RNCNCNvMNtCsjgzn8ineqr5_17netbox_controller10controllerNtB6_10Controller3new0sb_0B8_
FNDA:0,_RNCNCNvMNtCsjgzn8ineqr5_17netbox_controller10controllerNtB6_10Controller3new0sc_0B8_
FNDA:0,_RNCNCNvMNtCsjgzn8ineqr5_17netbox_controller10controllerNtB6_10Controller3new0sd_0B8_
FNDA:0,_RNCNCNvMNtCsjgzn8ineqr5_17netbox_controller10controllerNtB6_10Controller3new0se_0B8_
FNDA:0,_RNCNCNvMNtCsjgzn8ineqr5_17netbox_controller10controllerNtB6_10Controller3new0sf_0B8_
FNDA:0,_RNCNCNvMNtCsjgzn8ineqr5_17netbox_controller10controllerNtB6_10Controller3new0sg_0B8_
FNDA:0,_RNCNCNvMNtCsjgzn8ineqr5_17netbox_controller10controllerNtB6_10Controller3new0sh_0B8_
FNDA:0,_RNCNCNvMNtCsjgzn8ineqr5_17netbox_controller10controllerNtB6_10Controller3new0si_0B8_
FNDA:0,_RNCNCNvMNtCsjgzn8ineqr5_17netbox_controller10controllerNtB6_10Controller3run0s0_0B8_
FNDA:0,_RNCNCNvMNtCsjgzn8ineqr5_17netbox_controller10controllerNtB6_10Controller3run0s1_0B8_
FNDA:0,_RNCNCNvMNtCsjgzn8ineqr5_17netbox_controller10controllerNtB6_10Controller3run0s2_0B8_
FNDA:0,_RNCNCNvMNtCsjgzn8ineqr5_17netbox_controller10controllerNtB6_10Controller3run0s3_0B8_
FNDA:0,_RNCNCNvMNtCsjgzn8ineqr5_17netbox_controller10controllerNtB6_10Controller3run0s4_0B8_
FNDA:0,_RNCNCNvMNtCsjgzn8ineqr5_17netbox_controller10controllerNtB6_10Controller3run0s5_0B8_
FNDA:0,_RNCNCNvMNtCsjgzn8ineqr5_17netbox_controller10controllerNtB6_10Controller3run0s6_0B8_
FNDA:0,_RNCNCNvMNtCsjgzn8ineqr5_17netbox_controller10controllerNtB6_10Controller3run0s7_0B8_
FNDA:0,_RNCNCNvMNtCsjgzn8ineqr5_17netbox_controller10controllerNtB6_10Controller3run0s8_0B8_
FNDA:0,_RNCNCNvMNtCsjgzn8ineqr5_17netbox_controller10controllerNtB6_10Controller3run0s9_0B8_
FNDA:0,_RNCNCNvMNtCsjgzn8ineqr5_17netbox_controller10controllerNtB6_10Controller3run0sA_0B8_
FNDA:0,_RNCNCNvMNtCsjgzn8ineqr5_17netbox_controller10controllerNtB6_10Controller3run0sB_0B8_
FNDA:0,_RNCNCNvMNtCsjgzn8ineqr5_17netbox_controller10controllerNtB6_10Controller3run0sC_0B8_
FNDA:0,_RNCNCNvMNtCsjgzn8ineqr5_17netbox_controller10controllerNtB6_10Controller3run0sD_0B8_
FNDA:0,_RNCNCNvMNtCsjgzn8ineqr5_17netbox_controller10controllerNtB6_10Controller3run0sa_0B8_
FNDA:0,_RNCNCNvMNtCsjgzn8ineqr5_17netbox_controller10controllerNtB6_10Controller3run0sb_0B8_
FNDA:0,_RNCNCNvMNtCsjgzn8ineqr5_17netbox_controller10controllerNtB6_10Controller3run0sc_0B8_
FNDA:0,_RNCNCNvMNtCsjgzn8ineqr5_17netbox_controller10controllerNtB6_10Controller3run0sd_0B8_
FNDA:0,_RNCNCNvMNtCsjgzn8ineqr5_17netbox_controller10controllerNtB6_10Controller3run0se_0B8_
FNDA:0,_RNCNCNvMNtCsjgzn8ineqr5_17netbox_controller10controllerNtB6_10Controller3run0sf_0B8_
FNDA:0,_RNCNCNvMNtCsjgzn8ineqr5_17netbox_controller10controllerNtB6_10Controller3run0sg_0B8_
FNDA:0,_RNCNCNvMNtCsjgzn8ineqr5_17netbox_controller10controllerNtB6_10Controller3run0sh_0B8_
FNDA:0,_RNCNCNvMNtCsjgzn8ineqr5_17netbox_controller10controllerNtB6_10Controller3run0si_0B8_
FNDA:0,_RNCNCNvMNtCsjgzn8ineqr5_17netbox_controller10controllerNtB6_10Controller3run0sj_0B8_
FNDA:0,_RNCNCNvMNtCsjgzn8ineqr5_17netbox_controller10controllerNtB6_10Controller3run0sk_0B8_
FNDA:0,_RNCNCNvMNtCsjgzn8ineqr5_17netbox_controller10controllerNtB6_10Controller3run0sl_0B8_
FNDA:0,_RNCNCNvMNtCsjgzn8ineqr5_17netbox_controller10controllerNtB6_10Controller3run0sm_0B8_
FNDA:0,_RNCNCNvMNtCsjgzn8ineqr5_17netbox_controller10controllerNtB6_10Controller3run0sn_0B8_
FNDA:0,_RNCNCNvMNtCsjgzn8ineqr5_17netbox_controller10controllerNtB6_10Controller3run0so_0B8_
FNDA:0,_RNCNCNvMNtCsjgzn8ineqr5_17netbox_controller10controllerNtB6_10Controller3run0sp_0B8_
FNDA:0,_RNCNCNvMNtCsjgzn8ineqr5_17netbox_controller10controllerNtB6_10Controller3run0sq_0B8_
FNDA:0,_RNCNCNvMNtCsjgzn8ineqr5_17netbox_controller10controllerNtB6_10Controller3run0sr_0B8_
FNDA:0,_RNCNCNvMNtCsjgzn8ineqr5_17netbox_controller10controllerNtB6_10Controller3run0ss_0B8_
FNDA:0,_RNCNCNvMNtCsjgzn8ineqr5_17netbox_controller10controllerNtB6_10Controller3run0st_0B8_
FNDA:0,_RNCNCNvMNtCsjgzn8ineqr5_17netbox_controller10controllerNtB6_10Controller3run0su_0B8_
FNDA:0,_RNCNCNvMNtCsjgzn8ineqr5_17netbox_controller10controllerNtB6_10Controller3run0sv_0B8_
FNDA:0,_RNCNCNvMNtCsjgzn8ineqr5_17netbox_controller10controllerNtB6_10Controller3run0sw_0B8_
FNDA:0,_RNCNCNvMNtCsjgzn8ineqr5_17netbox_controller10controllerNtB6_10Controller3run0sx_0B8_
FNDA:0,_RNCNCNvMNtCsjgzn8ineqr5_17netbox_controller10controllerNtB6_10Controller3run0sy_0B8_
FNDA:0,_RNCNCNvMNtCsjgzn8ineqr5_17netbox_controller10controllerNtB6_10Controller3run0sz_0B8_
FNDA:0,_RNCNvMNtCsjgzn8ineqr5_17netbox_controller10controllerNtB4_10Controller3new0B6_
FNDA:0,_RNCNvMNtCsjgzn8ineqr5_17netbox_controller10controllerNtB4_10Controller3run0B6_
FNDA:0,_RNvMNtCsjgzn8ineqr5_17netbox_controller10controllerNtB2_10Controller3new
FNDA:0,_RNvMNtCsjgzn8ineqr5_17netbox_controller10controllerNtB2_10Controller3run
FNF:65
FNH:0
DA:57,0
DA:58,0
DA:59,0
DA:60,0
DA:61,0
DA:64,0
DA:65,0
DA:68,0
DA:69,0
DA:74,0
DA:76,0
DA:77,0
DA:78,0
DA:79,0
DA:80,0
DA:81,0
DA:83,0
DA:85,0
DA:86,0
DA:87,0
DA:88,0
DA:89,0
DA:90,0
DA:91,0
DA:92,0
DA:93,0
DA:94,0
DA:95,0
DA:97,0
DA:98,0
DA:105,0
DA:111,0
DA:112,0
DA:113,0
DA:114,0
DA:115,0
DA:116,0
DA:118,0
DA:119,0
DA:120,0
DA:121,0
DA:123,0
DA:124,0
DA:125,0
DA:126,0
DA:127,0
DA:128,0
DA:130,0
DA:132,0
DA:133,0
DA:134,0
DA:135,0
DA:136,0
DA:137,0
DA:138,0
DA:139,0
DA:140,0
DA:141,0
DA:142,0
DA:144,0
DA:145,0
DA:149,0
DA:150,0
DA:151,0
DA:153,0
DA:157,0
DA:160,0
DA:161,0
DA:163,0
DA:164,0
DA:165,0
DA:166,0
DA:167,0
DA:168,0
DA:170,0
DA:172,0
DA:173,0
DA:174,0
DA:175,0
DA:176,0
DA:177,0
DA:178,0
DA:179,0
DA:180,0
DA:181,0
DA:182,0
DA:184,0
DA:185,0
DA:189,0
DA:190,0
DA:191,0
DA:192,0
DA:193,0
DA:196,0
DA:197,0
DA:198,0
DA:199,0
DA:200,0
DA:203,0
DA:204,0
DA:205,0
DA:206,0
DA:207,0
DA:210,0
DA:211,0
DA:212,0
DA:213,0
DA:214,0
DA:217,0
DA:218,0
DA:219,0
DA:220,0
DA:221,0
DA:224,0
DA:225,0
DA:226,0
DA:227,0
DA:228,0
DA:231,0
DA:232,0
DA:233,0
DA:234,0
DA:235,0
DA:238,0
DA:239,0
DA:240,0
DA:241,0
DA:242,0
DA:245,0
DA:246,0
DA:247,0
DA:248,0
DA:249,0
DA:252,0
DA:253,0
DA:254,0
DA:255,0
DA:256,0
DA:259,0
DA:260,0
DA:261,0
DA:262,0
DA:263,0
DA:266,0
DA:267,0
DA:268,0
DA:269,0
DA:270,0
DA:273,0
DA:274,0
DA:275,0
DA:276,0
DA:277,0
DA:280,0
DA:281,0
DA:282,0
DA:283,0
DA:284,0
DA:287,0
DA:288,0
DA:289,0
DA:290,0
DA:291,0
DA:294,0
DA:295,0
DA:296,0
DA:297,0
DA:298,0
DA:301,0
DA:302,0
DA:303,0
DA:304,0
DA:305,0
DA:308,0
DA:309,0
DA:310,0
DA:311,0
DA:312,0
DA:315,0
DA:316,0
DA:317,0
DA:318,0
DA:319,0
DA:322,0
DA:323,0
DA:324,0
DA:325,0
DA:326,0
DA:329,0
DA:330,0
DA:331,0
DA:332,0
DA:333,0
DA:334,0
DA:335,0
DA:336,0
DA:337,0
DA:338,0
DA:339,0
DA:340,0
DA:341,0
DA:342,0
DA:343,0
DA:344,0
DA:345,0
DA:346,0
DA:347,0
DA:348,0
DA:349,0
DA:350,0
DA:351,0
DA:352,0
DA:353,0
DA:354,0
DA:355,0
DA:358,0
DA:359,0
DA:362,0
DA:363,0
DA:364,0
DA:365,0
DA:367,0
DA:368,0
DA:369,0
DA:371,0
DA:372,0
DA:373,0
DA:375,0
DA:376,0
DA:377,0
DA:379,0
DA:380,0
DA:381,0
DA:383,0
DA:384,0
DA:385,0
DA:387,0
DA:388,0
DA:389,0
DA:391,0
DA:392,0
DA:393,0
DA:395,0
DA:396,0
DA:397,0
DA:399,0
DA:400,0
DA:401,0
DA:403,0
DA:404,0
DA:405,0
DA:407,0
DA:408,0
DA:409,0
DA:411,0
DA:412,0
DA:413,0
DA:415,0
DA:416,0
DA:417,0
DA:419,0
DA:420,0
DA:421,0
DA:423,0
DA:424,0
DA:425,0
DA:427,0
DA:428,0
DA:429,0
DA:431,0
DA:432,0
DA:433,0
DA:435,0
DA:436,0
DA:437,0
DA:439,0
DA:440,0
DA:441,0
DA:445,0
DA:446,0
BRF:0
BRH:0
LF:343
LH:0
end_of_record
SF:/Users/casibbald/Workspace/microscaler/DCops/controllers/netbox/src/controller_test.rs
FN:55,_RNvNtNtCsjgzn8ineqr5_17netbox_controller15controller_test5testss_27test_controller_run_pattern
FN:68,_RNvNtNtCsjgzn8ineqr5_17netbox_controller15controller_test5testss_29test_controller_watcher_count
FN:35,_RNvNtNtCsjgzn8ineqr5_17netbox_controller15controller_test5testss_39test_controller_initialization_sequence
FN:89,_RNvNtNtCsjgzn8ineqr5_17netbox_controller15controller_test5testss_42test_startup_reconciliation_error_handling
FN:15,_RNvNtNtCsjgzn8ineqr5_17netbox_controller15controller_test5testss_50test_controller_initialization_requires_netbox_url
FNDA:1,_RNvNtNtCsjgzn8ineqr5_17netbox_controller15controller_test5testss_27test_controller_run_pattern
FNDA:1,_RNvNtNtCsjgzn8ineqr5_17netbox_controller15controller_test5testss_29test_controller_watcher_count
FNDA:1,_RNvNtNtCsjgzn8ineqr5_17netbox_controller15controller_test5testss_39test_controller_initialization_sequence
FNDA:1,_RNvNtNtCsjgzn8ineqr5_17netbox_controller15controller_test5testss_42test_startup_reconciliation_error_handling
FNDA:0,_RNvNtNtCsjgzn8ineqr5_17netbox_controller15controller_test5testss_50test_controller_initialization_requires_netbox_url
FNF:5
FNH:4
DA:15,0
DA:30,0
DA:35,1
DA:50,1
DA:55,1
DA:64,1
DA:68,1
DA:76,1
DA:77,1
DA:78,1
DA:79,1
DA:81,1
DA:82,1
DA:83,1
DA:84,0
DA:85,1
DA:89,1
DA:97,1
BRF:0
BRH:0
LF:18
LH:15
end_of_record
SF:/Users/casibbald/Workspace/microscaler/DCops/controllers/netbox/src/events.rs
FN:94,_RINvXs1_NtCsjgzn8ineqr5_17netbox_controller6eventsNtNtCs5sLqqVW9hh7_12kube_runtime6events8RecorderNtB6_16EventRecorderExt13record_normalpEB8_
FN:125,_RINvXs1_NtCsjgzn8ineqr5_17netbox_controller6eventsNtNtCs5sLqqVW9hh7_12kube_runtime6events8RecorderNtB6_16EventRecorderExt14record_warningpEB8_
FN:160,_RINvXs2_NtCsjgzn8ineqr5_17netbox_controller6eventsNtNtNtB8_10test_utils19mock_event_recorder17MockEventRecorderNtB6_16EventRecorderExt13record_normalpEB8_
FN:191,_RINvXs2_NtCsjgzn8ineqr5_17netbox_controller6eventsNtNtNtB8_10test_utils19mock_event_recorder17MockEventRecorderNtB6_16EventRecorderExt14record_warningpEB8_
FN:54,_RNvMNtCsjgzn8ineqr5_17netbox_controller6eventsNtB2_15RecorderWrapper3new
FN:61,_RNvXs_NtCsjgzn8ineqr5_17netbox_controller6eventsNtB4_15RecorderWrapperNtB4_18EventRecorderTrait7publish
FN:69,_RNvXs0_NtCsjgzn8ineqr5_17netbox_controller6eventsNtNtNtB7_10test_utils19mock_event_recorder17MockEventRecorderNtB5_18EventRecorderTrait7publish
FN:220,_RINvNtCsjgzn8ineqr5_17netbox_controller6events26record_event_normal_helperNtNtCs7UKuxsnLN9N_4crds7ip_pool6IPPoolEB4_
FN:220,_RINvNtCsjgzn8ineqr5_17netbox_controller6events26record_event_normal_helperNtNtCs7UKuxsnLN9N_4crds8ip_claim7IPClaimEB4_
FN:220,_RINvNtCsjgzn8ineqr5_17netbox_controller6events26record_event_normal_helperNtNtNtCs7UKuxsnLN9N_4crds4dcim11netbox_site10NetBoxSiteEB4_
FN:220,_RINvNtCsjgzn8ineqr5_17netbox_controller6events26record_event_normal_helperNtNtNtCs7UKuxsnLN9N_4crds4dcim13netbox_device12NetBoxDeviceEB4_
FN:220,_RINvNtCsjgzn8ineqr5_17netbox_controller6events26record_event_normal_helperNtNtNtCs7UKuxsnLN9N_4crds4dcim13netbox_region12NetBoxRegionEB4_
FN:220,_RINvNtCsjgzn8ineqr5_17netbox_controller6events26record_event_normal_helperNtNtNtCs7UKuxsnLN9N_4crds4dcim15netbox_location14NetBoxLocationEB4_
FN:220,_RINvNtCsjgzn8ineqr5_17netbox_controller6events26record_event_normal_helperNtNtNtCs7UKuxsnLN9N_4crds4dcim15netbox_platform14NetBoxPlatformEB4_
FN:220,_RINvNtCsjgzn8ineqr5_17netbox_controller6events26record_event_normal_helperNtNtNtCs7UKuxsnLN9N_4crds4dcim16netbox_interface15NetBoxInterfaceEB4_
FN:220,_RINvNtCsjgzn8ineqr5_17netbox_controller6events26record_event_normal_helperNtNtNtCs7UKuxsnLN9N_4crds4dcim17netbox_site_group15NetBoxSiteGroupEB4_
FN:220,_RINvNtCsjgzn8ineqr5_17netbox_controller6events26record_event_normal_helperNtNtNtCs7UKuxsnLN9N_4crds4dcim18netbox_device_role16NetBoxDeviceRoleEB4_
FN:220,_RINvNtCsjgzn8ineqr5_17netbox_controller6events26record_event_normal_helperNtNtNtCs7UKuxsnLN9N_4crds4dcim18netbox_device_type16NetBoxDeviceTypeEB4_
FN:220,_RINvNtCsjgzn8ineqr5_17netbox_controller6events26record_event_normal_helperNtNtNtCs7UKuxsnLN9N_4crds4dcim18netbox_mac_address16NetBoxMACAddressEB4_
FN:220,_RINvNtCsjgzn8ineqr5_17netbox_controller6events26record_event_normal_helperNtNtNtCs7UKuxsnLN9N_4crds4dcim19netbox_manufacturer18NetBoxManufacturerEB4_
FN:220,_RINvNtCsjgzn8ineqr5_17netbox_controller6events26record_event_normal_helperNtNtNtCs7UKuxsnLN9N_4crds4ipam10netbox_rir9NetBoxRIREB4_
FN:220,_RINvNtCsjgzn8ineqr5_17netbox_controller6events26record_event_normal_helperNtNtNtCs7UKuxsnLN9N_4crds4ipam11netbox_role10NetBoxRoleEB4_
FN:220,_RINvNtCsjgzn8ineqr5_17netbox_controller6events26record_event_normal_helperNtNtNtCs7UKuxsnLN9N_4crds4ipam11netbox_vlan10NetBoxVLANEB4_
FN:220,_RINvNtCsjgzn8ineqr5_17netbox_controller6events26record_event_normal_helperNtNtNtCs7UKuxsnLN9N_4crds4ipam13netbox_prefix12NetBoxPrefixEB4_
FN:220,_RINvNtCsjgzn8ineqr5_17netbox_controller6events26record_event_normal_helperNtNtNtCs7UKuxsnLN9N_4crds4ipam16netbox_aggregate15NetBoxAggregateEB4_
FN:220,_RINvNtCsjgzn8ineqr5_17netbox_controller6events26record_event_normal_helperNtNtNtCs7UKuxsnLN9N_4crds6extras10netbox_tag9NetBoxTagEB4_
FN:220,_RINvNtCsjgzn8ineqr5_17netbox_controller6events26record_event_normal_helperNtNtNtCs7UKuxsnLN9N_4crds7tenancy13netbox_tenant12NetBoxTenantEB4_
FN:253,_RINvNtCsjgzn8ineqr5_17netbox_controller6events27record_event_warning_helperNtNtCs7UKuxsnLN9N_4crds7ip_pool6IPPoolEB4_
FN:253,_RINvNtCsjgzn8ineqr5_17netbox_controller6events27record_event_warning_helperNtNtCs7UKuxsnLN9N_4crds8ip_claim7IPClaimEB4_
FN:253,_RINvNtCsjgzn8ineqr5_17netbox_controller6events27record_event_warning_helperNtNtNtCs7UKuxsnLN9N_4crds4dcim11netbox_site10NetBoxSiteEB4_
FN:253,_RINvNtCsjgzn8ineqr5_17netbox_controller6events27record_event_warning_helperNtNtNtCs7UKuxsnLN9N_4crds4dcim13netbox_device12NetBoxDeviceEB4_
FN:253,_RINvNtCsjgzn8ineqr5_17netbox_controller6events27record_event_warning_helperNtNtNtCs7UKuxsnLN9N_4crds4dcim13netbox_region12NetBoxRegionEB4_
FN:253,_RINvNtCsjgzn8ineqr5_17netbox_controller6events27record_event_warning_helperNtNtNtCs7UKuxsnLN9N_4crds4dcim15netbox_location14NetBoxLocationEB4_
FN:253,_RINvNtCsjgzn8ineqr5_17netbox_controller6events27record_event_warning_helperNtNtNtCs7UKuxsnLN9N_4crds4dcim15netbox_platform14NetBoxPlatformEB4_
FN:253,_RINvNtCsjgzn8ineqr5_17netbox_controller6events27record_event_warning_helperNtNtNtCs7UKuxsnLN9N_4crds4dcim16netbox_interface15NetBoxInterfaceEB4_
FN:253,_RINvNtCsjgzn8ineqr5_17netbox_controller6events27record_event_warning_helperNtNtNtCs7UKuxsnLN9N_4crds4dcim17netbox_site_group15NetBoxSiteGroupEB4_
FN:253,_RINvNtCsjgzn8ineqr5_17netbox_controller6events27record_event_warning_helperNtNtNtCs7UKuxsnLN9N_4crds4dcim18netbox_device_role16NetBoxDeviceRoleEB4_
FN:253,_RINvNtCsjgzn8ineqr5_17netbox_controller6events27record_event_warning_helperNtNtNtCs7UKuxsnLN9N_4crds4dcim18netbox_device_type16NetBoxDeviceTypeEB4_
FN:253,_RINvNtCsjgzn8ineqr5_17netbox_controller6events27record_event_warning_helperNtNtNtCs7UKuxsnLN9N_4crds4dcim18netbox_mac_address16NetBoxMACAddressEB4_
FN:253,_RINvNtCsjgzn8ineqr5_17netbox_controller6events27record_event_warning_helperNtNtNtCs7UKuxsnLN9N_4crds4dcim19netbox_manufacturer18NetBoxManufacturerEB4_
FN:253,_RINvNtCsjgzn8ineqr5_17netbox_controller6events27record_event_warning_helperNtNtNtCs7UKuxsnLN9N_4crds4ipam10netbox_rir9NetBoxRIREB4_
FN:253,_RINvNtCsjgzn8ineqr5_17netbox_controller6events27record_event_warning_helperNtNtNtCs7UKuxsnLN9N_4crds4ipam11netbox_role10NetBoxRoleEB4_
FN:253,_RINvNtCsjgzn8ineqr5_17netbox_controller6events27record_event_warning_helperNtNtNtCs7UKuxsnLN9N_4crds4ipam11netbox_vlan10NetBoxVLANEB4_
FN:253,_RINvNtCsjgzn8ineqr5_17netbox_controller6events27record_event_warning_helperNtNtNtCs7UKuxsnLN9N_4crds4ipam13netbox_prefix12NetBoxPrefixEB4_
FN:253,_RINvNtCsjgzn8ineqr5_17netbox_controller6events27record_event_warning_helperNtNtNtCs7UKuxsnLN9N_4crds4ipam16netbox_aggregate15NetBoxAggregateEB4_
FN:253,_RINvNtCsjgzn8ineqr5_17netbox_controller6events27record_event_warning_helperNtNtNtCs7UKuxsnLN9N_4crds6extras10netbox_tag9NetBoxTagEB4_
FN:253,_RINvNtCsjgzn8ineqr5_17netbox_controller6events27record_event_warning_helperNtNtNtCs7UKuxsnLN9N_4crds7tenancy13netbox_tenant12NetBoxTenantEB4_
FN:227,_RNCINvNtCsjgzn8ineqr5_17netbox_controller6events26record_event_normal_helperNtNtCs7UKuxsnLN9N_4crds7ip_pool6IPPoolE0B6_
FN:227,_RNCINvNtCsjgzn8ineqr5_17netbox_controller6events26record_event_normal_helperNtNtCs7UKuxsnLN9N_4crds8ip_claim7IPClaimE0B6_
FN:227,_RNCINvNtCsjgzn8ineqr5_17netbox_controller6events26record_event_normal_helperNtNtNtCs7UKuxsnLN9N_4crds4dcim11netbox_site10NetBoxSiteE0B6_
FN:227,_RNCINvNtCsjgzn8ineqr5_17netbox_controller6events26record_event_normal_helperNtNtNtCs7UKuxsnLN9N_4crds4dcim13netbox_device12NetBoxDeviceE0B6_
FN:227,_RNCINvNtCsjgzn8ineqr5_17netbox_controller6events26record_event_normal_helperNtNtNtCs7UKuxsnLN9N_4crds4dcim13netbox_region12NetBoxRegionE0B6_
FN:227,_RNCINvNtCsjgzn8ineqr5_17netbox_controller6events26record_event_normal_helperNtNtNtCs7UKuxsnLN9N_4crds4dcim15netbox_location14NetBoxLocationE0B6_
FN:227,_RNCINvNtCsjgzn8ineqr5_17netbox_controller6events26record_event_normal_helperNtNtNtCs7UKuxsnLN9N_4crds4dcim15netbox_platform14NetBoxPlatformE0B6_
FN:227,_RNCINvNtCsjgzn8ineqr5_17netbox_controller6events26record_event_normal_helperNtNtNtCs7UKuxsnLN9N_4crds4dcim16netbox_interface15NetBoxInterfaceE0B6_
FN:227,_RNCINvNtCsjgzn8ineqr5_17netbox_controller6events26record_event_normal_helperNtNtNtCs7UKuxsnLN9N_4crds4dcim17netbox_site_group15NetBoxSiteGroupE0B6_
FN:227,_RNCINvNtCsjgzn8ineqr5_17netbox_controller6events26record_event_normal_helperNtNtNtCs7UKuxsnLN9N_4crds4dcim18netbox_device_role16NetBoxDeviceRoleE0B6_
FN:227,_RNCINvNtCsjgzn8ineqr5_17netbox_controller6events26record_event_normal_helperNtNtNtCs7UKuxsnLN9N_4crds4dcim18netbox_device_type16NetBoxDeviceTypeE0B6_
FN:227,_RNCINvNtCsjgzn8ineqr5_17netbox_controller6events26record_event_normal_helperNtNtNtCs7UKuxsnLN9N_4crds4dcim18netbox_mac_address16NetBoxMACAddressE0B6_
FN:227,_RNCINvNtCsjgzn8ineqr5_17netbox_controller6events26record_event_normal_helperNtNtNtCs7UKuxsnLN9N_4crds4dcim19netbox_manufacturer18NetBoxManufacturerE0B6_
FN:227,_RNCINvNtCsjgzn8ineqr5_17netbox_controller6events26record_event_normal_helperNtNtNtCs7UKuxsnLN9N_4crds4ipam10netbox_rir9NetBoxRIRE0B6_
FN:227,_RNCINvNtCsjgzn8ineqr5_17netbox_controller6events26record_event_normal_helperNtNtNtCs7UKuxsnLN9N_4crds4ipam11netbox_role10NetBoxRoleE0B6_
FN:227,_RNCINvNtCsjgzn8ineqr5_17netbox_controller6events26record_event_normal_helperNtNtNtCs7UKuxsnLN9N_4crds4ipam11netbox_vlan10NetBoxVLANE0B6_
FN:227,_RNCINvNtCsjgzn8ineqr5_17netbox_controller6events26record_event_normal_helperNtNtNtCs7UKuxsnLN9N_4crds4ipam13netbox_prefix12NetBoxPrefixE0B6_
FN:227,_RNCINvNtCsjgzn8ineqr5_17netbox_controller6events26record_event_normal_helperNtNtNtCs7UKuxsnLN9N_4crds4ipam16netbox_aggregate15NetBoxAggregateE0B6_
FN:227,_RNCINvNtCsjgzn8ineqr5_17netbox_controller6events26record_event_normal_helperNtNtNtCs7UKuxsnLN9N_4crds6extras10netbox_tag9NetBoxTagE0B6_
FN:227,_RNCINvNtCsjgzn8ineqr5_17netbox_controller6events26record_event_normal_helperNtNtNtCs7UKuxsnLN9N_4crds7tenancy13netbox_tenant12NetBoxTenantE0B6_
FN:260,_RNCINvNtCsjgzn8ineqr5_17netbox_controller6events27record_event_warning_helperNtNtCs7UKuxsnLN9N_4crds7ip_pool6IPPoolE0B6_
FN:260,_RNCINvNtCsjgzn8ineqr5_17netbox_controller6events27record_event_warning_helperNtNtCs7UKuxsnLN9N_4crds8ip_claim7IPClaimE0B6_
FN:260,_RNCINvNtCsjgzn8ineqr5_17netbox_controller6events27record_event_warning_helperNtNtNtCs7UKuxsnLN9N_4crds4dcim11netbox_site10NetBoxSiteE0B6_
FN:260,_RNCINvNtCsjgzn8ineqr5_17netbox_controller6events27record_event_warning_helperNtNtNtCs7UKuxsnLN9N_4crds4dcim13netbox_device12NetBoxDeviceE0B6_
FN:260,_RNCINvNtCsjgzn8ineqr5_17netbox_controller6events27record_event_warning_helperNtNtNtCs7UKuxsnLN9N_4crds4dcim13netbox_region12NetBoxRegionE0B6_
FN:260,_RNCINvNtCsjgzn8ineqr5_17netbox_controller6events27record_event_warning_helperNtNtNtCs7UKuxsnLN9N_4crds4dcim15netbox_location14NetBoxLocationE0B6_
FN:260,_RNCINvNtCsjgzn8ineqr5_17netbox_controller6events27record_event_warning_helperNtNtNtCs7UKuxsnLN9N_4crds4dcim15netbox_platform14NetBoxPlatformE0B6_
FN:260,_RNCINvNtCsjgzn8ineqr5_17netbox_controller6events27record_event_warning_helperNtNtNtCs7UKuxsnLN9N_4crds4dcim16netbox_interface15NetBoxInterfaceE0B6_
FN:260,_RNCINvNtCsjgzn8ineqr5_17netbox_controller6events27record_event_warning_helperNtNtNtCs7UKuxsnLN9N_4crds4dcim17netbox_site_group15NetBoxSiteGroupE0B6_
FN:260,_RNCINvNtCsjgzn8ineqr5_17netbox_controller6events27record_event_warning_helperNtNtNtCs7UKuxsnLN9N_4crds4dcim18netbox_device_role16NetBoxDeviceRoleE0B6_
FN:260,_RNCINvNtCsjgzn8ineqr5_17netbox_controller6events27record_event_warning_helperNtNtNtCs7UKuxsnLN9N_4crds4dcim18netbox_device_type16NetBoxDeviceTypeE0B6_
FN:260,_RNCINvNtCsjgzn8ineqr5_17netbox_controller6events27record_event_warning_helperNtNtNtCs7UKuxsnLN9N_4crds4dcim18netbox_mac_address16NetBoxMACAddressE0B6_
FN:260,_RNCINvNtCsjgzn8ineqr5_17netbox_controller6events27record_event_warning_helperNtNtNtCs7UKuxsnLN9N_4crds4dcim19netbox_manufacturer18NetBoxManufacturerE0B6_
FN:260,_RNCINvNtCsjgzn8ineqr5_17netbox_controller6events27record_event_warning_helperNtNtNtCs7UKuxsnLN9N_4crds4ipam10netbox_rir9NetBoxRIRE0B6_
FN:260,_RNCINvNtCsjgzn8ineqr5_17netbox_controller6events27record_event_warning_helperNtNtNtCs7UKuxsnLN9N_4crds4ipam11netbox_role10NetBoxRoleE0B6_
FN:260,_RNCINvNtCsjgzn8ineqr5_17netbox_controller6events27record_event_warning_helperNtNtNtCs7UKuxsnLN9N_4crds4ipam11netbox_vlan10NetBoxVLANE0B6_
FN:260,_RNCINvNtCsjgzn8ineqr5_17netbox_controller6events27record_event_warning_helperNtNtNtCs7UKuxsnLN9N_4crds4ipam13netbox_prefix12NetBoxPrefixE0B6_
FN:260,_RNCINvNtCsjgzn8ineqr5_17netbox_controller6events27record_event_warning_helperNtNtNtCs7UKuxsnLN9N_4crds4ipam16netbox_aggregate15NetBoxAggregateE0B6_
FN:260,_RNCINvNtCsjgzn8ineqr5_17netbox_controller6events27record_event_warning_helperNtNtNtCs7UKuxsnLN9N_4crds6extras10netbox_tag9NetBoxTagE0B6_
FN:260,_RNCINvNtCsjgzn8ineqr5_17netbox_controller6events27record_event_warning_helperNtNtNtCs7UKuxsnLN9N_4crds7tenancy13netbox_tenant12NetBoxTenantE0B6_
FNDA:0,_RINvXs1_NtCsjgzn8ineqr5_17netbox_controller6eventsNtNtCs5sLqqVW9hh7_12kube_runtime6events8RecorderNtB6_16EventRecorderExt13record_normalpEB8_
FNDA:0,_RINvXs1_NtCsjgzn8ineqr5_17netbox_controller6eventsNtNtCs5sLqqVW9hh7_12kube_runtime6events8RecorderNtB6_16EventRecorderExt14record_warningpEB8_
FNDA:0,_RINvXs2_NtCsjgzn8ineqr5_17netbox_controller6eventsNtNtNtB8_10test_utils19mock_event_recorder17MockEventRecorderNtB6_16EventRecorderExt13record_normalpEB8_
FNDA:0,_RINvXs2_NtCsjgzn8ineqr5_17netbox_controller6eventsNtNtNtB8_10test_utils19mock_event_recorder17MockEventRecorderNtB6_16EventRecorderExt14record_warningpEB8_
FNDA:0,_RNvMNtCsjgzn8ineqr5_17netbox_controller6eventsNtB2_15RecorderWrapper3new
FNDA:0,_RNvXs_NtCsjgzn8ineqr5_17netbox_controller6eventsNtB4_15RecorderWrapperNtB4_18EventRecorderTrait7publish
FNDA:80,_RNvXs0_NtCsjgzn8ineqr5_17netbox_controller6eventsNtNtNtB7_10test_utils19mock_event_recorder17MockEventRecorderNtB5_18EventRecorderTrait7publish
FNDA:1,_RINvNtCsjgzn8ineqr5_17netbox_controller6events26record_event_normal_helperNtNtCs7UKuxsnLN9N_4crds7ip_pool6IPPoolEB4_
FNDA:5,_RINvNtCsjgzn8ineqr5_17netbox_controller6events26record_event_normal_helperNtNtCs7UKuxsnLN9N_4crds8ip_claim7IPClaimEB4_
FNDA:3,_RINvNtCsjgzn8ineqr5_17netbox_controller6events26record_event_normal_helperNtNtNtCs7UKuxsnLN9N_4crds4dcim11netbox_site10NetBoxSiteEB4_
FNDA:4,_RINvNtCsjgzn8ineqr5_17netbox_controller6events26record_event_normal_helperNtNtNtCs7UKuxsnLN9N_4crds4dcim13netbox_device12NetBoxDeviceEB4_
FNDA:3,_RINvNtCsjgzn8ineqr5_17netbox_controller6events26record_event_normal_helperNtNtNtCs7UKuxsnLN9N_4crds4dcim13netbox_region12NetBoxRegionEB4_
FNDA:1,_RINvNtCsjgzn8ineqr5_17netbox_controller6events26record_event_normal_helperNtNtNtCs7UKuxsnLN9N_4crds4dcim15netbox_location14NetBoxLocationEB4_
FNDA:4,_RINvNtCsjgzn8ineqr5_17netbox_controller6events26record_event_normal_helperNtNtNtCs7UKuxsnLN9N_4crds4dcim15netbox_platform14NetBoxPlatformEB4_
FNDA:2,_RINvNtCsjgzn8ineqr5_17netbox_controller6events26record_event_normal_helperNtNtNtCs7UKuxsnLN9N_4crds4dcim16netbox_interface15NetBoxInterfaceEB4_
FNDA:3,_RINvNtCsjgzn8ineqr5_17netbox_controller6events26record_event_normal_helperNtNtNtCs7UKuxsnLN9N_4crds4dcim17netbox_site_group15NetBoxSiteGroupEB4_
FNDA:2,_RINvNtCsjgzn8ineqr5_17netbox_controller6events26record_event_normal_helperNtNtNtCs7UKuxsnLN9N_4crds4dcim18netbox_device_role16NetBoxDeviceRoleEB4_
FNDA:2,_RINvNtCsjgzn8ineqr5_17netbox_controller6events26record_event_normal_helperNtNtNtCs7UKuxsnLN9N_4crds4dcim18netbox_device_type16NetBoxDeviceTypeEB4_
FNDA:2,_RINvNtCsjgzn8ineqr5_17netbox_controller6events26record_event_normal_helperNtNtNtCs7UKuxsnLN9N_4crds4dcim18netbox_mac_address16NetBoxMACAddressEB4_
FNDA:2,_RINvNtCsjgzn8ineqr5_17netbox_controller6events26record_event_normal_helperNtNtNtCs7UKuxsnLN9N_4crds4dcim19netbox_manufacturer18NetBoxManufacturerEB4_
FNDA:2,_RINvNtCsjgzn8ineqr5_17netbox_controller6events26record_event_normal_helperNtNtNtCs7UKuxsnLN9N_4crds4ipam10netbox_rir9NetBoxRIREB4_
FNDA:2,_RINvNtCsjgzn8ineqr5_17netbox_controller6events26record_event_normal_helperNtNtNtCs7UKuxsnLN9N_4crds4ipam11netbox_role10NetBoxRoleEB4_
FNDA:2,_RINvNtCsjgzn8ineqr5_17netbox_controller6events26record_event_normal_helperNtNtNtCs7UKuxsnLN9N_4crds4ipam11netbox_vlan10NetBoxVLANEB4_
FNDA:6,_RINvNtCsjgzn8ineqr5_17netbox_controller6events26record_event_normal_helperNtNtNtCs7UKuxsnLN9N_4crds4ipam13netbox_prefix12NetBoxPrefixEB4_
FNDA:3,_RINvNtCsjgzn8ineqr5_17netbox_controller6events26record_event_normal_helperNtNtNtCs7UKuxsnLN9N_4crds4ipam16netbox_aggregate15NetBoxAggregateEB4_
FNDA:1,_RINvNtCsjgzn8ineqr5_17netbox_controller6events26record_event_normal_helperNtNtNtCs7UKuxsnLN9N_4crds6extras10netbox_tag9NetBoxTagEB4_
FNDA:6,_RINvNtCsjgzn8ineqr5_17netbox_controller6events26record_event_normal_helperNtNtNtCs7UKuxsnLN9N_4crds7tenancy13netbox_tenant12NetBoxTenantEB4_
FNDA:2,_RINvNtCsjgzn8ineqr5_17netbox_controller6events27record_event_warning_helperNtNtCs7UKuxsnLN9N_4crds7ip_pool6IPPoolEB4_
FNDA:1,_RINvNtCsjgzn8ineqr5_17netbox_controller6events27record_event_warning_helperNtNtCs7UKuxsnLN9N_4crds8ip_claim7IPClaimEB4_
FNDA:2,_RINvNtCsjgzn8ineqr5_17netbox_controller6events27record_event_warning_helperNtNtNtCs7UKuxsnLN9N_4crds4dcim11netbox_site10NetBoxSiteEB4_
FNDA:2,_RINvNtCsjgzn8ineqr5_17netbox_controller6events27record_event_warning_helperNtNtNtCs7UKuxsnLN9N_4crds4dcim13netbox_device12NetBoxDeviceEB4_
FNDA:0,_RINvNtCsjgzn8ineqr5_17netbox_controller6events27record_event_warning_helperNtNtNtCs7UKuxsnLN9N_4crds4dcim13netbox_region12NetBoxRegionEB4_
FNDA:1,_RINvNtCsjgzn8ineqr5_17netbox_controller6events27record_event_warning_helperNtNtNtCs7UKuxsnLN9N_4crds4dcim15netbox_location14NetBoxLocationEB4_
FNDA:0,_RINvNtCsjgzn8ineqr5_17netbox_controller6events27record_event_warning_helperNtNtNtCs7UKuxsnLN9N_4crds4dcim15netbox_platform14NetBoxPlatformEB4_
FNDA:1,_RINvNtCsjgzn8ineqr5_17netbox_controller6events27record_event_warning_helperNtNtNtCs7UKuxsnLN9N_4crds4dcim16netbox_interface15NetBoxInterfaceEB4_
FNDA:0,_RINvNtCsjgzn8ineqr5_17netbox_controller6events27record_event_warning_helperNtNtNtCs7UKuxsnLN9N_4crds4dcim17netbox_site_group15NetBoxSiteGroupEB4_
FNDA:0,_RINvNtCsjgzn8ineqr5_17netbox_controller6events27record_event_warning_helperNtNtNtCs7UKuxsnLN9N_4crds4dcim18netbox_device_role16NetBoxDeviceRoleEB4_
FNDA:1,_RINvNtCsjgzn8ineqr5_17netbox_controller6events27record_event_warning_helperNtNtNtCs7UKuxsnLN9N_4crds4dcim18netbox_device_type16NetBoxDeviceTypeEB4_
FNDA:2,_RINvNtCsjgzn8ineqr5_17netbox_controller6events27record_event_warning_helperNtNtNtCs7UKuxsnLN9N_4crds4dcim18netbox_mac_address16NetBoxMACAddressEB4_
FNDA:0,_RINvNtCsjgzn8ineqr5_17netbox_controller6events27record_event_warning_helperNtNtNtCs7UKuxsnLN9N_4crds4dcim19netbox_manufacturer18NetBoxManufacturerEB4_
FNDA:0,_RINvNtCsjgzn8ineqr5_17netbox_controller6events27record_event_warning_helperNtNtNtCs7UKuxsnLN9N_4crds4ipam10netbox_rir9NetBoxRIREB4_
FNDA:0,_RINvNtCsjgzn8ineqr5_17netbox_controller6events27record_event_warning_helperNtNtNtCs7UKuxsnLN9N_4crds4ipam11netbox_role10NetBoxRoleEB4_
FNDA:1,_RINvNtCsjgzn8ineqr5_17netbox_controller6events27record_event_warning_helperNtNtNtCs7UKuxsnLN9N_4crds4ipam11netbox_vlan10NetBoxVLANEB4_
FNDA:7,_RINvNtCsjgzn8ineqr5_17netbox_controller6events27record_event_warning_helperNtNtNtCs7UKuxsnLN9N_4crds4ipam13netbox_prefix12NetBoxPrefixEB4_
FNDA:1,_RINvNtCsjgzn8ineqr5_17netbox_controller6events27record_event_warning_helperNtNtNtCs7UKuxsnLN9N_4crds4ipam16netbox_aggregate15NetBoxAggregateEB4_
FNDA:0,_RINvNtCsjgzn8ineqr5_17netbox_controller6events27record_event_warning_helperNtNtNtCs7UKuxsnLN9N_4crds6extras10netbox_tag9NetBoxTagEB4_
FNDA:3,_RINvNtCsjgzn8ineqr5_17netbox_controller6events27record_event_warning_helperNtNtNtCs7UKuxsnLN9N_4crds7tenancy13netbox_tenant12NetBoxTenantEB4_
FNDA:1,_RNCINvNtCsjgzn8ineqr5_17netbox_controller6events26record_event_normal_helperNtNtCs7UKuxsnLN9N_4crds7ip_pool6IPPoolE0B6_
FNDA:5,_RNCINvNtCsjgzn8ineqr5_17netbox_controller6events26record_event_normal_helperNtNtCs7UKuxsnLN9N_4crds8ip_claim7IPClaimE0B6_
FNDA:3,_RNCINvNtCsjgzn8ineqr5_17netbox_controller6events26record_event_normal_helperNtNtNtCs7UKuxsnLN9N_4crds4dcim11netbox_site10NetBoxSiteE0B6_
FNDA:4,_RNCINvNtCsjgzn8ineqr5_17netbox_controller6events26record_event_normal_helperNtNtNtCs7UKuxsnLN9N_4crds4dcim13netbox_device12NetBoxDeviceE0B6_
FNDA:3,_RNCINvNtCsjgzn8ineqr5_17netbox_controller6events26record_event_normal_helperNtNtNtCs7UKuxsnLN9N_4crds4dcim13netbox_region12NetBoxRegionE0B6_
FNDA:1,_RNCINvNtCsjgzn8ineqr5_17netbox_controller6events26record_event_normal_helperNtNtNtCs7UKuxsnLN9N_4crds4dcim15netbox_location14NetBoxLocationE0B6_
FNDA:4,_RNCINvNtCsjgzn8ineqr5_17netbox_controller6events26record_event_normal_helperNtNtNtCs7UKuxsnLN9N_4crds4dcim15netbox_platform14NetBoxPlatformE0B6_
FNDA:2,_RNCINvNtCsjgzn8ineqr5_17netbox_controller6events26record_event_normal_helperNtNtNtCs7UKuxsnLN9N_4crds4dcim16netbox_interface15NetBoxInterfaceE0B6_
FNDA:3,_RNCINvNtCsjgzn8ineqr5_17netbox_controller6events26record_event_normal_helperNtNtNtCs7UKuxsnLN9N_4crds4dcim17netbox_site_group15NetBoxSiteGroupE0B6_
FNDA:2,_RNCINvNtCsjgzn8ineqr5_17netbox_controller6events26record_event_normal_helperNtNtNtCs7UKuxsnLN9N_4crds4dcim18netbox_device_role16NetBoxDeviceRoleE0B6_
FNDA:2,_RNCINvNtCsjgzn8ineqr5_17netbox_controller6events26record_event_normal_helperNtNtNtCs7UKuxsnLN9N_4crds4dcim18netbox_device_type16NetBoxDeviceTypeE0B6_
FNDA:2,_RNCINvNtCsjgzn8ineqr5_17netbox_controller6events26record_event_normal_helperNtNtNtCs7UKuxsnLN9N_4crds4dcim18netbox_mac_address16NetBoxMACAddressE0B6_
FNDA:2,_RNCINvNtCsjgzn8ineqr5_17netbox_controller6events26record_event_normal_helperNtNtNtCs7UKuxsnLN9N_4crds4dcim19netbox_manufacturer18NetBoxManufacturerE0B6_
FNDA:2,_RNCINvNtCsjgzn8ineqr5_17netbox_controller6events26record_event_normal_helperNtNtNtCs7UKuxsnLN9N_4crds4ipam10netbox_rir9NetBoxRIRE0B6_
FNDA:2,_RNCINvNtCsjgzn8ineqr5_17netbox_controller6events26record_event_normal_helperNtNtNtCs7UKuxsnLN9N_4crds4ipam11netbox_role10NetBoxRoleE0B6_
FNDA:2,_RNCINvNtCsjgzn8ineqr5_17netbox_controller6events26record_event_normal_helperNtNtNtCs7UKuxsnLN9N_4crds4ipam11netbox_vlan10NetBoxVLANE0B6_
FNDA:6,_RNCINvNtCsjgzn8ineqr5_17netbox_controller6events26record_event_normal_helperNtNtNtCs7UKuxsnLN9N_4crds4ipam13netbox_prefix12NetBoxPrefixE0B6_
FNDA:3,_RNCINvNtCsjgzn8ineqr5_17netbox_controller6events26record_event_normal_helperNtNtNtCs7UKuxsnLN9N_4crds4ipam16netbox_aggregate15NetBoxAggregateE0B6_
FNDA:1,_RNCINvNtCsjgzn8ineqr5_17netbox_controller6events26record_event_normal_helperNtNtNtCs7UKuxsnLN9N_4crds6extras10netbox_tag9NetBoxTagE0B6_
FNDA:6,_RNCINvNtCsjgzn8ineqr5_17netbox_controller6events26record_event_normal_helperNtNtNtCs7UKuxsnLN9N_4crds7tenancy13netbox_tenant12NetBoxTenantE0B6_
FNDA:2,_RNCINvNtCsjgzn8ineqr5_17netbox_controller6events27record_event_warning_helperNtNtCs7UKuxsnLN9N_4crds7ip_pool6IPPoolE0B6_
FNDA:1,_RNCINvNtCsjgzn8ineqr5_17netbox_controller6events27record_event_warning_helperNtNtCs7UKuxsnLN9N_4crds8ip_claim7IPClaimE0B6_
FNDA:2,_RNCINvNtCsjgzn8ineqr5_17netbox_controller6events27record_event_warning_helperNtNtNtCs7UKuxsnLN9N_4crds4dcim11netbox_site10NetBoxSiteE0B6_
FNDA:2,_RNCINvNtCsjgzn8ineqr5_17netbox_controller6events27record_event_warning_helperNtNtNtCs7UKuxsnLN9N_4crds4dcim13netbox_device12NetBoxDeviceE0B6_
FNDA:0,_RNCINvNtCsjgzn8ineqr5_17netbox_controller6events27record_event_warning_helperNtNtNtCs7UKuxsnLN9N_4crds4dcim13netbox_region12NetBoxRegionE0B6_
FNDA:1,_RNCINvNtCsjgzn8ineqr5_17netbox_controller6events27record_event_warning_helperNtNtNtCs7UKuxsnLN9N_4crds4dcim15netbox_location14NetBoxLocationE0B6_
FNDA:0,_RNCINvNtCsjgzn8ineqr5_17netbox_controller6events27record_event_warning_helperNtNtNtCs7UKuxsnLN9N_4crds4dcim15netbox_platform14NetBoxPlatformE0B6_
FNDA:1,_RNCINvNtCsjgzn8ineqr5_17netbox_controller6events27record_event_warning_helperNtNtNtCs7UKuxsnLN9N_4crds4dcim16netbox_interface15NetBoxInterfaceE0B6_
FNDA:0,_RNCINvNtCsjgzn8ineqr5_17netbox_controller6events27record_event_warning_helperNtNtNtCs7UKuxsnLN9N_4crds4dcim17netbox_site_group15NetBoxSiteGroupE0B6_
FNDA:0,_RNCINvNtCsjgzn8ineqr5_17netbox_controller6events27record_event_warning_helperNtNtNtCs7UKuxsnLN9N_4crds4dcim18netbox_device_role16NetBoxDeviceRoleE0B6_
FNDA:1,_RNCINvNtCsjgzn8ineqr5_17netbox_controller6events27record_event_warning_helperNtNtNtCs7UKuxsnLN9N_4crds4dcim18netbox_device_type16NetBoxDeviceTypeE0B6_
FNDA:2,_RNCINvNtCsjgzn8ineqr5_17netbox_controller6events27record_event_warning_helperNtNtNtCs7UKuxsnLN9N_4crds4dcim18netbox_mac_address16NetBoxMACAddressE0B6_
FNDA:0,_RNCINvNtCsjgzn8ineqr5_17netbox_controller6events27record_event_warning_helperNtNtNtCs7UKuxsnLN9N_4crds4dcim19netbox_manufacturer18NetBoxManufacturerE0B6_
FNDA:0,_RNCINvNtCsjgzn8ineqr5_17netbox_controller6events27record_event_warning_helperNtNtNtCs7UKuxsnLN9N_4crds4ipam10netbox_rir9NetBoxRIRE0B6_
FNDA:0,_RNCINvNtCsjgzn8ineqr5_17netbox_controller6events27record_event_warning_helperNtNtNtCs7UKuxsnLN9N_4crds4ipam11netbox_role10NetBoxRoleE0B6_
FNDA:1,_RNCINvNtCsjgzn8ineqr5_17netbox_controller6events27record_event_warning_helperNtNtNtCs7UKuxsnLN9N_4crds4ipam11netbox_vlan10NetBoxVLANE0B6_
FNDA:7,_RNCINvNtCsjgzn8ineqr5_17netbox_controller6events27record_event_warning_helperNtNtNtCs7UKuxsnLN9N_4crds4ipam13netbox_prefix12NetBoxPrefixE0B6_
FNDA:1,_RNCINvNtCsjgzn8ineqr5_17netbox_controller6events27record_event_warning_helperNtNtNtCs7UKuxsnLN9N_4crds4ipam16netbox_aggregate15NetBoxAggregateE0B6_
FNDA:0,_RNCINvNtCsjgzn8ineqr5_17netbox_controller6events27record_event_warning_helperNtNtNtCs7UKuxsnLN9N_4crds6extras10netbox_tag9NetBoxTagE0B6_
FNDA:3,_RNCINvNtCsjgzn8ineqr5_17netbox_controller6events27record_event_warning_helperNtNtNtCs7UKuxsnLN9N_4crds7tenancy13netbox_tenant12NetBoxTenantE0B6_
FNF:11
FNH:5
DA:54,0
DA:55,0
DA:56,0
DA:61,0
DA:63,0
DA:69,80
DA:71,80
DA:94,0
DA:119,0
DA:125,0
DA:150,0
DA:160,0
DA:185,0
DA:191,0
DA:216,0
DA:220,56
DA:221,56
DA:222,56
DA:223,56
DA:224,56
DA:225,56
DA:226,56
DA:227,56
DA:228,56
DA:229,56
DA:230,56
DA:231,56
DA:232,56
DA:233,56
DA:234,56
DA:236,56
DA:237,56
DA:238,56
DA:239,56
DA:240,56
DA:241,56
DA:242,56
DA:243,56
DA:244,56
DA:245,56
DA:247,56
DA:248,0
DA:249,56
DA:250,56
DA:253,24
DA:254,24
DA:255,24
DA:256,24
DA:257,24
DA:258,24
DA:259,24
DA:260,24
DA:261,24
DA:262,24
DA:263,24
DA:264,24
DA:265,24
DA:266,24
DA:267,24
DA:269,24
DA:270,24
DA:271,24
DA:272,24
DA:273,24
DA:274,24
DA:275,24
DA:276,24
DA:277,24
DA:278,24
DA:280,24
DA:281,0
DA:282,24
DA:283,24
BRF:0
BRH:0
LF:73
LH:58
end_of_record
SF:/Users/casibbald/Workspace/microscaler/DCops/controllers/netbox/src/events_test.rs
FN:8,_RNvNtNtCsjgzn8ineqr5_17netbox_controller11events_test5testss_28test_event_reasons_constants
FN:22,_RNvNtNtCsjgzn8ineqr5_17netbox_controller11events_test5testss_32test_event_reasons_are_non_empty
FNDA:1,_RNvNtNtCsjgzn8ineqr5_17netbox_controller11events_test5testss_28test_event_reasons_constants
FNDA:1,_RNvNtNtCsjgzn8ineqr5_17netbox_controller11events_test5testss_32test_event_reasons_are_non_empty
FNF:2
FNH:2
DA:8,1
DA:10,1
DA:11,1
DA:12,1
DA:13,1
DA:14,1
DA:15,1
DA:16,1
DA:17,1
DA:18,1
DA:19,1
DA:22,1
DA:24,1
DA:25,1
DA:26,1
DA:27,1
DA:28,1
DA:29,1
DA:30,1
DA:31,1
DA:32,1
DA:33,1
BRF:0
BRH:0
LF:22
LH:22
end_of_record
SF:/Users/casibbald/Workspace/microscaler/DCops/controllers/netbox/src/kube_api_trait.rs
FN:78,_RNvMNtCsjgzn8ineqr5_17netbox_controller14kube_api_traitINtB2_14KubeApiWrapperpE3newB4_
FN:84,_RNvMNtCsjgzn8ineqr5_17netbox_controller14kube_api_traitINtB2_14KubeApiWrapperpE5innerB4_
FN:104,_RNvXININtCsjgzn8ineqr5_17netbox_controller14kube_api_traits_0pEINtB5_14KubeApiWrapperpEINtB5_12KubeApiTraitpE12patch_statusB7_
FN:95,_RNvXININtCsjgzn8ineqr5_17netbox_controller14kube_api_traits_0pEINtB5_14KubeApiWrapperpEINtB5_12KubeApiTraitpE3getB7_
FN:108,_RNvXININtCsjgzn8ineqr5_17netbox_controller14kube_api_traits_0pEINtB5_14KubeApiWrapperpEINtB5_12KubeApiTraitpE4listB7_
FNDA:0,_RNvMNtCsjgzn8ineqr5_17netbox_controller14kube_api_traitINtB2_14KubeApiWrapperpE3newB4_
FNDA:0,_RNvMNtCsjgzn8ineqr5_17netbox_controller14kube_api_traitINtB2_14KubeApiWrapperpE5innerB4_
FNDA:0,_RNvXININtCsjgzn8ineqr5_17netbox_controller14kube_api_traits_0pEINtB5_14KubeApiWrapperpEINtB5_12KubeApiTraitpE12patch_statusB7_
FNDA:0,_RNvXININtCsjgzn8ineqr5_17netbox_controller14kube_api_traits_0pEINtB5_14KubeApiWrapperpEINtB5_12KubeApiTraitpE3getB7_
FNDA:0,_RNvXININtCsjgzn8ineqr5_17netbox_controller14kube_api_traits_0pEINtB5_14KubeApiWrapperpEINtB5_12KubeApiTraitpE4listB7_
FNF:5
FNH:0
DA:78,0
DA:79,0
DA:80,0
DA:84,0
DA:85,0
DA:86,0
DA:95,0
DA:97,0
DA:104,0
DA:106,0
DA:108,0
DA:110,0
BRF:0
BRH:0
LF:12
LH:0
end_of_record
SF:/Users/casibbald/Workspace/microscaler/DCops/controllers/netbox/src/kube_api_trait/mock.rs
FN:43,_RNvMNtNtCsjgzn8ineqr5_17netbox_controller14kube_api_trait4mockINtB2_11MockKubeApipE12get_resourceB6_
FN:49,_RNvMNtNtCsjgzn8ineqr5_17netbox_controller14kube_api_trait4mockINtB2_11MockKubeApipE5clearB6_
FN:61,_RNvXININtNtCsjgzn8ineqr5_17netbox_controller14kube_api_trait4mocks_0pEINtB5_11MockKubeApipENtNtCskzPJi2J8k3N_4core7default7Default7defaultB9_
FN:171,_RNvXs1_NtNtCsjgzn8ineqr5_17netbox_controller14kube_api_trait4mockINtNtCsganj50Cd8Gx_5alloc4sync3ArcINtB5_11MockKubeApiNtNtCs7UKuxsnLN9N_4crds7ip_pool6IPPoolEEINtB7_12KubeApiTraitB1S_E12patch_statusB9_
FN:162,_RNvXs1_NtNtCsjgzn8ineqr5_17netbox_controller14kube_api_trait4mockINtNtCsganj50Cd8Gx_5alloc4sync3ArcINtB5_11MockKubeApiNtNtCs7UKuxsnLN9N_4crds7ip_pool6IPPoolEEINtB7_12KubeApiTraitB1S_E3getB9_
FN:175,_RNvXs1_NtNtCsjgzn8ineqr5_17netbox_controller14kube_api_trait4mockINtNtCsganj50Cd8Gx_5alloc4sync3ArcINtB5_11MockKubeApiNtNtCs7UKuxsnLN9N_4crds7ip_pool6IPPoolEEINtB7_12KubeApiTraitB1S_E4listB9_
FN:171,_RNvXs1_NtNtCsjgzn8ineqr5_17netbox_controller14kube_api_trait4mockINtNtCsganj50Cd8Gx_5alloc4sync3ArcINtB5_11MockKubeApiNtNtCs7UKuxsnLN9N_4crds8ip_claim7IPClaimEEINtB7_12KubeApiTraitB1S_E12patch_statusB9_
FN:162,_RNvXs1_NtNtCsjgzn8ineqr5_17netbox_controller14kube_api_trait4mockINtNtCsganj50Cd8Gx_5alloc4sync3ArcINtB5_11MockKubeApiNtNtCs7UKuxsnLN9N_4crds8ip_claim7IPClaimEEINtB7_12KubeApiTraitB1S_E3getB9_
FN:175,_RNvXs1_NtNtCsjgzn8ineqr5_17netbox_controller14kube_api_trait4mockINtNtCsganj50Cd8Gx_5alloc4sync3ArcINtB5_11MockKubeApiNtNtCs7UKuxsnLN9N_4crds8ip_claim7IPClaimEEINtB7_12KubeApiTraitB1S_E4listB9_
FN:171,_RNvXs1_NtNtCsjgzn8ineqr5_17netbox_controller14kube_api_trait4mockINtNtCsganj50Cd8Gx_5alloc4sync3ArcINtB5_11MockKubeApiNtNtNtCs7UKuxsnLN9N_4crds4dcim11netbox_site10NetBoxSiteEEINtB7_12KubeApiTraitB1S_E12patch_statusB9_
FN:162,_RNvXs1_NtNtCsjgzn8ineqr5_17netbox_controller14kube_api_trait4mockINtNtCsganj50Cd8Gx_5alloc4sync3ArcINtB5_11MockKubeApiNtNtNtCs7UKuxsnLN9N_4crds4dcim11netbox_site10NetBoxSiteEEINtB7_12KubeApiTraitB1S_E3getB9_
FN:175,_RNvXs1_NtNtCsjgzn8ineqr5_17netbox_controller14kube_api_trait4mockINtNtCsganj50Cd8Gx_5alloc4sync3ArcINtB5_11MockKubeApiNtNtNtCs7UKuxsnLN9N_4crds4dcim11netbox_site10NetBoxSiteEEINtB7_12KubeApiTraitB1S_E4listB9_
FN:171,_RNvXs1_NtNtCsjgzn8ineqr5_17netbox_controller14kube_api_trait4mockINtNtCsganj50Cd8Gx_5alloc4sync3ArcINtB5_11MockKubeApiNtNtNtCs7UKuxsnLN9N_4crds4dcim13netbox_device12NetBoxDeviceEEINtB7_12KubeApiTraitB1S_E12patch_statusB9_
FN:162,_RNvXs1_NtNtCsjgzn8ineqr5_17netbox_controller14kube_api_trait4mockINtNtCsganj50Cd8Gx_5alloc4sync3ArcINtB5_11MockKubeApiNtNtNtCs7UKuxsnLN9N_4crds4dcim13netbox_device12NetBoxDeviceEEINtB7_12KubeApiTraitB1S_E3getB9_
FN:175,_RNvXs1_NtNtCsjgzn8ineqr5_17netbox_controller14kube_api_trait4mockINtNtCsganj50Cd8Gx_5alloc4sync3ArcINtB5_11MockKubeApiNtNtNtCs7UKuxsnLN9N_4crds4dcim13netbox_device12NetBoxDeviceEEINtB7_12KubeApiTraitB1S_E4listB9_
FN:171,_RNvXs1_NtNtCsjgzn8ineqr5_17netbox_controller14kube_api_trait4mockINtNtCsganj50Cd8Gx_5alloc4sync3ArcINtB5_11MockKubeApiNtNtNtCs7UKuxsnLN9N_4crds4dcim13netbox_region12NetBoxRegionEEINtB7_12KubeApiTraitB1S_E12patch_statusB9_
FN:162,_RNvXs1_NtNtCsjgzn8ineqr5_17netbox_controller14kube_api_trait4mockINtNtCsganj50Cd8Gx_5alloc4sync3ArcINtB5_11MockKubeApiNtNtNtCs7UKuxsnLN9N_4crds4dcim13netbox_region12NetBoxRegionEEINtB7_12KubeApiTraitB1S_E3getB9_
FN:175,_RNvXs1_NtNtCsjgzn8ineqr5_17netbox_controller14kube_api_trait4mockINtNtCsganj50Cd8Gx_5alloc4sync3ArcINtB5_11MockKubeApiNtNtNtCs7UKuxsnLN9N_4crds4dcim13netbox_region12NetBoxRegionEEINtB7_12KubeApiTraitB1S_E4listB9_
FN:171,_RNvXs1_NtNtCsjgzn8ineqr5_17netbox_controller14kube_api_trait4mockINtNtCsganj50Cd8Gx_5alloc4sync3ArcINtB5_11MockKubeApiNtNtNtCs7UKuxsnLN9N_4crds4dcim15netbox_location14NetBoxLocationEEINtB7_12KubeApiTraitB1S_E12patch_statusB9_
FN:162,_RNvXs1_NtNtCsjgzn8ineqr5_17netbox_controller14kube_api_trait4mockINtNtCsganj50Cd8Gx_5alloc4sync3ArcINtB5_11MockKubeApiNtNtNtCs7UKuxsnLN9N_4crds4dcim15netbox_location14NetBoxLocationEEINtB7_12KubeApiTraitB1S_E3getB9_
FN:175,_RNvXs1_NtNtCsjgzn8ineqr5_17netbox_controller14kube_api_trait4mockINtNtCsganj50Cd8Gx_5alloc4sync3ArcINtB5_11MockKubeApiNtNtNtCs7UKuxsnLN9N_4crds4dcim15netbox_location14NetBoxLocationEEINtB7_12KubeApiTraitB1S_E4listB9_
FN:171,_RNvXs1_NtNtCsjgzn8ineqr5_17netbox_controller14kube_api_trait4mockINtNtCsganj50Cd8Gx_5alloc4sync3ArcINtB5_11MockKubeApiNtNtNtCs7UKuxsnLN9N_4crds4dcim15netbox_platform14NetBoxPlatformEEINtB7_12KubeApiTraitB1S_E12patch_statusB9_
FN:162,_RNvXs1_NtNtCsjgzn8ineqr5_17netbox_controller14kube_api_trait4mockINtNtCsganj50Cd8Gx_5alloc4sync3ArcINtB5_11MockKubeApiNtNtNtCs7UKuxsnLN9N_4crds4dcim15netbox_platform14NetBoxPlatformEEINtB7_12KubeApiTraitB1S_E3getB9_
FN:175,_RNvXs1_NtNtCsjgzn8ineqr5_17netbox_controller14kube_api_trait4mockINtNtCsganj50Cd8Gx_5alloc4sync3ArcINtB5_11MockKubeApiNtNtNtCs7UKuxsnLN9N_4crds4dcim15netbox_platform14NetBoxPlatformEEINtB7_12KubeApiTraitB1S_E4listB9_
FN:171,_RNvXs1_NtNtCsjgzn8ineqr5_17netbox_controller14kube_api_trait4mockINtNtCsganj50Cd8Gx_5alloc4sync3ArcINtB5_11MockKubeApiNtNtNtCs7UKuxsnLN9N_4crds4dcim16netbox_interface15NetBoxInterfaceEEINtB7_12KubeApiTraitB1S_E12patch_statusB9_
FN:162,_RNvXs1_NtNtCsjgzn8ineqr5_17netbox_controller14kube_api_trait4mockINtNtCsganj50Cd8Gx_5alloc4sync3ArcINtB5_11MockKubeApiNtNtNtCs7UKuxsnLN9N_4crds4dcim16netbox_interface15NetBoxInterfaceEEINtB7_12KubeApiTraitB1S_E3getB9_
FN:175,_RNvXs1_NtNtCsjgzn8ineqr5_17netbox_controller14kube_api_trait4mockINtNtCsganj50Cd8Gx_5alloc4sync3ArcINtB5_11MockKubeApiNtNtNtCs7UKuxsnLN9N_4crds4dcim16netbox_interface15NetBoxInterfaceEEINtB7_12KubeApiTraitB1S_E4listB9_
FN:171,_RNvXs1_NtNtCsjgzn8ineqr5_17netbox_controller14kube_api_trait4mockINtNtCsganj50Cd8Gx_5alloc4sync3ArcINtB5_11MockKubeApiNtNtNtCs7UKuxsnLN9N_4crds4dcim17netbox_site_group15NetBoxSiteGroupEEINtB7_12KubeApiTraitB1S_E12patch_statusB9_
FN:162,_RNvXs1_NtNtCsjgzn8ineqr5_17netbox_controller14kube_api_trait4mockINtNtCsganj50Cd8Gx_5alloc4sync3ArcINtB5_11MockKubeApiNtNtNtCs7UKuxsnLN9N_4crds4dcim17netbox_site_group15NetBoxSiteGroupEEINtB7_12KubeApiTraitB1S_E3getB9_
FN:175,_RNvXs1_NtNtCsjgzn8ineqr5_17netbox_controller14kube_api_trait4mockINtNtCsganj50Cd8Gx_5alloc4sync3ArcINtB5_11MockKubeApiNtNtNtCs7UKuxsnLN9N_4crds4dcim17netbox_site_group15NetBoxSiteGroupEEINtB7_12KubeApiTraitB1S_E4listB9_
FN:171,_RNvXs1_NtNtCsjgzn8ineqr5_17netbox_controller14kube_api_trait4mockINtNtCsganj50Cd8Gx_5alloc4sync3ArcINtB5_11MockKubeApiNtNtNtCs7UKuxsnLN9N_4crds4dcim18netbox_device_role16NetBoxDeviceRoleEEINtB7_12KubeApiTraitB1S_E12patch_statusB9_
FN:162,_RNvXs1_NtNtCsjgzn8ineqr5_17netbox_controller14kube_api_trait4mockINtNtCsganj50Cd8Gx_5alloc4sync3ArcINtB5_11MockKubeApiNtNtNtCs7UKuxsnLN9N_4crds4dcim18netbox_device_role16NetBoxDeviceRoleEEINtB7_12KubeApiTraitB1S_E3getB9_
FN:175,_RNvXs1_NtNtCsjgzn8ineqr5_17netbox_controller14kube_api_trait4mockINtNtCsganj50Cd8Gx_5alloc4sync3ArcINtB5_11MockKubeApiNtNtNtCs7UKuxsnLN9N_4crds4dcim18netbox_device_role16NetBoxDeviceRoleEEINtB7_12KubeApiTraitB1S_E4listB9_
FN:171,_RNvXs1_NtNtCsjgzn8ineqr5_17netbox_controller14kube_api_trait4mockINtNtCsganj50Cd8Gx_5alloc4sync3ArcINtB5_11MockKubeApiNtNtNtCs7UKuxsnLN9N_4crds4dcim18netbox_device_type16NetBoxDeviceTypeEEINtB7_12KubeApiTraitB1S_E12patch_statusB9_
FN:162,_RNvXs1_NtNtCsjgzn8ineqr5_17netbox_controller14kube_api_trait4mockINtNtCsganj50Cd8Gx_5alloc4sync3ArcINtB5_11MockKubeApiNtNtNtCs7UKuxsnLN9N_4crds4dcim18netbox_device_type16NetBoxDeviceTypeEEINtB7_12KubeApiTraitB1S_E3getB9_
FN:175,_RNvXs1_NtNtCsjgzn8ineqr5_17netbox_controller14kube_api_trait4mockINtNtCsganj50Cd8Gx_5alloc4sync3ArcINtB5_11MockKubeApiNtNtNtCs7UKuxsnLN9N_4crds4dcim18netbox_device_type16NetBoxDeviceTypeEEINtB7_12KubeApiTraitB1S_E4listB9_
FN:171,_RNvXs1_NtNtCsjgzn8ineqr5_17netbox_controller14kube_api_trait4mockINtNtCsganj50Cd8Gx_5alloc4sync3ArcINtB5_11MockKubeApiNtNtNtCs7UKuxsnLN9N_4crds4dcim18netbox_mac_address16NetBoxMACAddressEEINtB7_12KubeApiTraitB1S_E12patch_statusB9_
FN:162,_RNvXs1_NtNtCsjgzn8ineqr5_17netbox_controller14kube_api_trait4mockINtNtCsganj50Cd8Gx_5alloc4sync3ArcINtB5_11MockKubeApiNtNtNtCs7UKuxsnLN9N_4crds4dcim18netbox_mac_address16NetBoxMACAddressEEINtB7_12KubeApiTraitB1S_E3getB9_
FN:175,_RNvXs1_NtNtCsjgzn8ineqr5_17netbox_controller14kube_api_trait4mockINtNtCsganj50Cd8Gx_5alloc4sync3ArcINtB5_11MockKubeApiNtNtNtCs7UKuxsnLN9N_4crds4dcim18netbox_mac_address16NetBoxMACAddressEEINtB7_12KubeApiTraitB1S_E4listB9_
FN:171,_RNvXs1_NtNtCsjgzn8ineqr5_17netbox_controller14kube_api_trait4mockINtNtCsganj50Cd8Gx_5alloc4sync3ArcINtB5_11MockKubeApiNtNtNtCs7UKuxsnLN9N_4crds4dcim19netbox_manufacturer18NetBoxManufacturerEEINtB7_12KubeApiTraitB1S_E12patch_statusB9_
FN:162,_RNvXs1_NtNtCsjgzn8ineqr5_17netbox_controller14kube_api_trait4mockINtNtCsganj50Cd8Gx_5alloc4sync3ArcINtB5_11MockKubeApiNtNtNtCs7UKuxsnLN9N_4crds4dcim19netbox_manufacturer18NetBoxManufacturerEEINtB7_12KubeApiTraitB1S_E3getB9_
FN:175,_RNvXs1_NtNtCsjgzn8ineqr5_17netbox_controller14kube_api_trait4mockINtNtCsganj50Cd8Gx_5alloc4sync3ArcINtB5_11MockKubeApiNtNtNtCs7UKuxsnLN9N_4crds4dcim19netbox_manufacturer18NetBoxManufacturerEEINtB7_12KubeApiTraitB1S_E4listB9_
FN:171,_RNvXs1_NtNtCsjgzn8ineqr5_17netbox_controller14kube_api_trait4mockINtNtCsganj50Cd8Gx_5alloc4sync3ArcINtB5_11MockKubeApiNtNtNtCs7UKuxsnLN9N_4crds4ipam10netbox_rir9NetBoxRIREEINtB7_12KubeApiTraitB1S_E12patch_statusB9_
FN:162,_RNvXs1_NtNtCsjgzn8ineqr5_17netbox_controller14kube_api_trait4mockINtNtCsganj50Cd8Gx_5alloc4sync3ArcINtB5_11MockKubeApiNtNtNtCs7UKuxsnLN9N_4crds4ipam10netbox_rir9NetBoxRIREEINtB7_12KubeApiTraitB1S_E3getB9_
FN:175,_RNvXs1_NtNtCsjgzn8ineqr5_17netbox_controller14kube_api_trait4mockINtNtCsganj50Cd8Gx_5alloc4sync3ArcINtB5_11MockKubeApiNtNtNtCs7UKuxsnLN9N_4crds4ipam10netbox_rir9NetBoxRIREEINtB7_12KubeApiTraitB1S_E4listB9_
FN:171,_RNvXs1_NtNtCsjgzn8ineqr5_17netbox_controller14kube_api_trait4mockINtNtCsganj50Cd8Gx_5alloc4sync3ArcINtB5_11MockKubeApiNtNtNtCs7UKuxsnLN9N_4crds4ipam11netbox_role10NetBoxRoleEEINtB7_12KubeApiTraitB1S_E12patch_statusB9_
FN:162,_RNvXs1_NtNtCsjgzn8ineqr5_17netbox_controller14kube_api_trait4mockINtNtCsganj50Cd8Gx_5alloc4sync3ArcINtB5_11MockKubeApiNtNtNtCs7UKuxsnLN9N_4crds4ipam11netbox_role10NetBoxRoleEEINtB7_12KubeApiTraitB1S_E3getB9_
FN:175,_RNvXs1_NtNtCsjgzn8ineqr5_17netbox_controller14kube_api_trait4mockINtNtCsganj50Cd8Gx_5alloc4sync3ArcINtB5_11MockKubeApiNtNtNtCs7UKuxsnLN9N_4crds4ipam11netbox_role10NetBoxRoleEEINtB7_12KubeApiTraitB1S_E4listB9_
FN:171,_RNvXs1_NtNtCsjgzn8ineqr5_17netbox_controller14kube_api_trait4mockINtNtCsganj50Cd8Gx_5alloc4sync3ArcINtB5_11MockKubeApiNtNtNtCs7UKuxsnLN9N_4crds4ipam11netbox_vlan10NetBoxVLANEEINtB7_12KubeApiTraitB1S_E12patch_statusB9_
FN:162,_RNvXs1_NtNtCsjgzn8ineqr5_17netbox_controller14kube_api_trait4mockINtNtCsganj50Cd8Gx_5alloc4sync3ArcINtB5_11MockKubeApiNtNtNtCs7UKuxsnLN9N_4crds4ipam11netbox_vlan10NetBoxVLANEEINtB7_12KubeApiTraitB1S_E3getB9_
FN:175,_RNvXs1_NtNtCsjgzn8ineqr5_17netbox_controller14kube_api_trait4mockINtNtCsganj50Cd8Gx_5alloc4sync3ArcINtB5_11MockKubeApiNtNtNtCs7UKuxsnLN9N_4crds4ipam11netbox_vlan10NetBoxVLANEEINtB7_12KubeApiTraitB1S_E4listB9_
FN:171,_RNvXs1_NtNtCsjgzn8ineqr5_17netbox_controller14kube_api_trait4mockINtNtCsganj50Cd8Gx_5alloc4sync3ArcINtB5_11MockKubeApiNtNtNtCs7UKuxsnLN9N_4crds4ipam13netbox_prefix12NetBoxPrefixEEINtB7_12KubeApiTraitB1S_E12patch_statusB9_
FN:162,_RNvXs1_NtNtCsjgzn8ineqr5_17netbox_controller14kube_api_trait4mockINtNtCsganj50Cd8Gx_5alloc4sync3ArcINtB5_11MockKubeApiNtNtNtCs7UKuxsnLN9N_4crds4ipam13netbox_prefix12NetBoxPrefixEEINtB7_12KubeApiTraitB1S_E3getB9_
FN:175,_RNvXs1_NtNtCsjgzn8ineqr5_17netbox_controller14kube_api_trait4mockINtNtCsganj50Cd8Gx_5alloc4sync3ArcINtB5_11MockKubeApiNtNtNtCs7UKuxsnLN9N_4crds4ipam13netbox_prefix12NetBoxPrefixEEINtB7_12KubeApiTraitB1S_E4listB9_
FN:171,_RNvXs1_NtNtCsjgzn8ineqr5_17netbox_controller14kube_api_trait4mockINtNtCsganj50Cd8Gx_5alloc4sync3ArcINtB5_11MockKubeApiNtNtNtCs7UKuxsnLN9N_4crds4ipam16netbox_aggregate15NetBoxAggregateEEINtB7_12KubeApiTraitB1S_E12patch_statusB9_
FN:162,_RNvXs1_NtNtCsjgzn8ineqr5_17netbox_controller14kube_api_trait4mockINtNtCsganj50Cd8Gx_5alloc4sync3ArcINtB5_11MockKubeApiNtNtNtCs7UKuxsnLN9N_4crds4ipam16netbox_aggregate15NetBoxAggregateEEINtB7_12KubeApiTraitB1S_E3getB9_
FN:175,_RNvXs1_NtNtCsjgzn8ineqr5_17netbox_controller14kube_api_trait4mockINtNtCsganj50Cd8Gx_5alloc4sync3ArcINtB5_11MockKubeApiNtNtNtCs7UKuxsnLN9N_4crds4ipam16netbox_aggregate15NetBoxAggregateEEINtB7_12KubeApiTraitB1S_E4listB9_
FN:171,_RNvXs1_NtNtCsjgzn8ineqr5_17netbox_controller14kube_api_trait4mockINtNtCsganj50Cd8Gx_5alloc4sync3ArcINtB5_11MockKubeApiNtNtNtCs7UKuxsnLN9N_4crds6extras10netbox_tag9NetBoxTagEEINtB7_12KubeApiTraitB1S_E12patch_statusB9_
FN:162,_RNvXs1_NtNtCsjgzn8ineqr5_17netbox_controller14kube_api_trait4mockINtNtCsganj50Cd8Gx_5alloc4sync3ArcINtB5_11MockKubeApiNtNtNtCs7UKuxsnLN9N_4crds6extras10netbox_tag9NetBoxTagEEINtB7_12KubeApiTraitB1S_E3getB9_
FN:175,_RNvXs1_NtNtCsjgzn8ineqr5_17netbox_controller14kube_api_trait4mockINtNtCsganj50Cd8Gx_5alloc4sync3ArcINtB5_11MockKubeApiNtNtNtCs7UKuxsnLN9N_4crds6extras10netbox_tag9NetBoxTagEEINtB7_12KubeApiTraitB1S_E4listB9_
FN:171,_RNvXs1_NtNtCsjgzn8ineqr5_17netbox_controller14kube_api_trait4mockINtNtCsganj50Cd8Gx_5alloc4sync3ArcINtB5_11MockKubeApiNtNtNtCs7UKuxsnLN9N_4crds7tenancy13netbox_tenant12NetBoxTenantEEINtB7_12KubeApiTraitB1S_E12patch_statusB9_
FN:162,_RNvXs1_NtNtCsjgzn8ineqr5_17netbox_controller14kube_api_trait4mockINtNtCsganj50Cd8Gx_5alloc4sync3ArcINtB5_11MockKubeApiNtNtNtCs7UKuxsnLN9N_4crds7tenancy13netbox_tenant12NetBoxTenantEEINtB7_12KubeApiTraitB1S_E3getB9_
FN:175,_RNvXs1_NtNtCsjgzn8ineqr5_17netbox_controller14kube_api_trait4mockINtNtCsganj50Cd8Gx_5alloc4sync3ArcINtB5_11MockKubeApiNtNtNtCs7UKuxsnLN9N_4crds7tenancy13netbox_tenant12NetBoxTenantEEINtB7_12KubeApiTraitB1S_E4listB9_
FN:95,_RNCNCNvXs0_NtNtCsjgzn8ineqr5_17netbox_controller14kube_api_trait4mockINtB9_11MockKubeApiNtNtCs7UKuxsnLN9N_4crds7ip_pool6IPPoolEINtBb_12KubeApiTraitB1o_E12patch_status00Bd_
FN:120,_RNCNCNvXs0_NtNtCsjgzn8ineqr5_17netbox_controller14kube_api_trait4mockINtB9_11MockKubeApiNtNtCs7UKuxsnLN9N_4crds7ip_pool6IPPoolEINtBb_12KubeApiTraitB1o_E12patch_status0s0_0Bd_
FN:110,_RNCNCNvXs0_NtNtCsjgzn8ineqr5_17netbox_controller14kube_api_trait4mockINtB9_11MockKubeApiNtNtCs7UKuxsnLN9N_4crds7ip_pool6IPPoolEINtBb_12KubeApiTraitB1o_E12patch_status0s_0Bd_
FN:78,_RNCNCNvXs0_NtNtCsjgzn8ineqr5_17netbox_controller14kube_api_trait4mockINtB9_11MockKubeApiNtNtCs7UKuxsnLN9N_4crds7ip_pool6IPPoolEINtBb_12KubeApiTraitB1o_E3get00Bd_
FN:95,_RNCNCNvXs0_NtNtCsjgzn8ineqr5_17netbox_controller14kube_api_trait4mockINtB9_11MockKubeApiNtNtCs7UKuxsnLN9N_4crds8ip_claim7IPClaimEINtBb_12KubeApiTraitB1o_E12patch_status00Bd_
FN:120,_RNCNCNvXs0_NtNtCsjgzn8ineqr5_17netbox_controller14kube_api_trait4mockINtB9_11MockKubeApiNtNtCs7UKuxsnLN9N_4crds8ip_claim7IPClaimEINtBb_12KubeApiTraitB1o_E12patch_status0s0_0Bd_
FN:110,_RNCNCNvXs0_NtNtCsjgzn8ineqr5_17netbox_controller14kube_api_trait4mockINtB9_11MockKubeApiNtNtCs7UKuxsnLN9N_4crds8ip_claim7IPClaimEINtBb_12KubeApiTraitB1o_E12patch_status0s_0Bd_
FN:78,_RNCNCNvXs0_NtNtCsjgzn8ineqr5_17netbox_controller14kube_api_trait4mockINtB9_11MockKubeApiNtNtCs7UKuxsnLN9N_4crds8ip_claim7IPClaimEINtBb_12KubeApiTraitB1o_E3get00Bd_
FN:95,_RNCNCNvXs0_NtNtCsjgzn8ineqr5_17netbox_controller14kube_api_trait4mockINtB9_11MockKubeApiNtNtNtCs7UKuxsnLN9N_4crds4dcim11netbox_site10NetBoxSiteEINtBb_12KubeApiTraitB1o_E12patch_status00Bd_
FN:120,_RNCNCNvXs0_NtNtCsjgzn8ineqr5_17netbox_controller14kube_api_trait4mockINtB9_11MockKubeApiNtNtNtCs7UKuxsnLN9N_4crds4dcim11netbox_site10NetBoxSiteEINtBb_12KubeApiTraitB1o_E12patch_status0s0_0Bd_
FN:110,_RNCNCNvXs0_NtNtCsjgzn8ineqr5_17netbox_controller14kube_api_trait4mockINtB9_11MockKubeApiNtNtNtCs7UKuxsnLN9N_4crds4dcim11netbox_site10NetBoxSiteEINtBb_12KubeApiTraitB1o_E12patch_status0s_0Bd_
FN:78,_RNCNCNvXs0_NtNtCsjgzn8ineqr5_17netbox_controller14kube_api_trait4mockINtB9_11MockKubeApiNtNtNtCs7UKuxsnLN9N_4crds4dcim11netbox_site10NetBoxSiteEINtBb_12KubeApiTraitB1o_E3get00Bd_
FN:95,_RNCNCNvXs0_NtNtCsjgzn8ineqr5_17netbox_controller14kube_api_trait4mockINtB9_11MockKubeApiNtNtNtCs7UKuxsnLN9N_4crds4dcim13netbox_device12NetBoxDeviceEINtBb_12KubeApiTraitB1o_E12patch_status00Bd_
FN:120,_RNCNCNvXs0_NtNtCsjgzn8ineqr5_17netbox_controller14kube_api_trait4mockINtB9_11MockKubeApiNtNtNtCs7UKuxsnLN9N_4crds4dcim13netbox_device12NetBoxDeviceEINtBb_12KubeApiTraitB1o_E12patch_status0s0_0Bd_
FN:110,_RNCNCNvXs0_NtNtCsjgzn8ineqr5_17netbox_controller14kube_api_trait4mockINtB9_11MockKubeApiNtNtNtCs7UKuxsnLN9N_4crds4dcim13netbox_device12NetBoxDeviceEINtBb_12KubeApiTraitB1o_E12patch_status0s_0Bd_
FN:78,_RNCNCNvXs0_NtNtCsjgzn8ineqr5_17netbox_controller14kube_api_trait4mockINtB9_11MockKubeApiNtNtNtCs7UKuxsnLN9N_4crds4dcim13netbox_device12NetBoxDeviceEINtBb_12KubeApiTraitB1o_E3get00Bd_
FN:95,_RNCNCNvXs0_NtNtCsjgzn8ineqr5_17netbox_controller14kube_api_trait4mockINtB9_11MockKubeApiNtNtNtCs7UKuxsnLN9N_4crds4dcim13netbox_region12NetBoxRegionEINtBb_12KubeApiTraitB1o_E12patch_status00Bd_
FN:120,_RNCNCNvXs0_NtNtCsjgzn8ineqr5_17netbox_controller14kube_api_trait4mockINtB9_11MockKubeApiNtNtNtCs7UKuxsnLN9N_4crds4dcim13netbox_region12NetBoxRegionEINtBb_12KubeApiTraitB1o_E12patch_status0s0_0Bd_
FN:110,_RNCNCNvXs0_NtNtCsjgzn8ineqr5_17netbox_controller14kube_api_trait4mockINtB9_11MockKubeApiNtNtNtCs7UKuxsnLN9N_4crds4dcim13netbox_region12NetBoxRegionEINtBb_12KubeApiTraitB1o_E12patch_status0s_0Bd_
FN:78,_RNCNCNvXs0_NtNtCsjgzn8ineqr5_17netbox_controller14kube_api_trait4mockINtB9_11MockKubeApiNtNtNtCs7UKuxsnLN9N_4crds4dcim13netbox_region12NetBoxRegionEINtBb_12KubeApiTraitB1o_E3get00Bd_
FN:95,_RNCNCNvXs0_NtNtCsjgzn8ineqr5_17netbox_controller14kube_api_trait4mockINtB9_11MockKubeApiNtNtNtCs7UKuxsnLN9N_4crds4dcim15netbox_location14NetBoxLocationEINtBb_12KubeApiTraitB1o_E12patch_status00Bd_
FN:120,_RNCNCNvXs0_NtNtCsjgzn8ineqr5_17netbox_controller14kube_api_trait4mockINtB9_11MockKubeApiNtNtNtCs7UKuxsnLN9N_4crds4dcim15netbox_location14NetBoxLocationEINtBb_12KubeApiTraitB1o_E12patch_status0s0_0Bd_
FN:110,_RNCNCNvXs0_NtNtCsjgzn8ineqr5_17netbox_controller14kube_api_trait4mockINtB9_11MockKubeApiNtNtNtCs7UKuxsnLN9N_4crds4dcim15netbox_location14NetBoxLocationEINtBb_12KubeApiTraitB1o_E12patch_status0s_0Bd_
FN:78,_RNCNCNvXs0_NtNtCsjgzn8ineqr5_17netbox_controller14kube_api_trait4mockINtB9_11MockKubeApiNtNtNtCs7UKuxsnLN9N_4crds4dcim15netbox_location14NetBoxLocationEINtBb_12KubeApiTraitB1o_E3get00Bd_
FN:95,_RNCNCNvXs0_NtNtCsjgzn8ineqr5_17netbox_controller14kube_api_trait4mockINtB9_11MockKubeApiNtNtNtCs7UKuxsnLN9N_4crds4dcim15netbox_platform14NetBoxPlatformEINtBb_12KubeApiTraitB1o_E12patch_status00Bd_
FN:120,_RNCNCNvXs0_NtNtCsjgzn8ineqr5_17netbox_controller14kube_api_trait4mockINtB9_11MockKubeApiNtNtNtCs7UKuxsnLN9N_4crds4dcim15netbox_platform14NetBoxPlatformEINtBb_12KubeApiTraitB1o_E12patch_status0s0_0Bd_
FN:110,_RNCNCNvXs0_NtNtCsjgzn8ineqr5_17netbox_controller14kube_api_trait4mockINtB9_11MockKubeApiNtNtNtCs7UKuxsnLN9N_4crds4dcim15netbox_platform14NetBoxPlatformEINtBb_12KubeApiTraitB1o_E12patch_status0s_0Bd_
FN:78,_RNCNCNvXs0_NtNtCsjgzn8ineqr5_17netbox_controller14kube_api_trait4mockINtB9_11MockKubeApiNtNtNtCs7UKuxsnLN9N_4crds4dcim15netbox_platform14NetBoxPlatformEINtBb_12KubeApiTraitB1o_E3get00Bd_
FN:95,_RNCNCNvXs0_NtNtCsjgzn8ineqr5_17netbox_controller14kube_api_trait4mockINtB9_11MockKubeApiNtNtNtCs7UKuxsnLN9N_4crds4dcim16netbox_interface15NetBoxInterfaceEINtBb_12KubeApiTraitB1o_E12patch_status00Bd_
FN:120,_RNCNCNvXs0_NtNtCsjgzn8ineqr5_17netbox_controller14kube_api_trait4mockINtB9_11MockKubeApiNtNtNtCs7UKuxsnLN9N_4crds4dcim16netbox_interface15NetBoxInterfaceEINtBb_12KubeApiTraitB1o_E12patch_status0s0_0Bd_
FN:110,_RNCNCNvXs0_NtNtCsjgzn8ineqr5_17netbox_controller14kube_api_trait4mockINtB9_11MockKubeApiNtNtNtCs7UKuxsnLN9N_4crds4dcim16netbox_interface15NetBoxInterfaceEINtBb_12KubeApiTraitB1o_E12patch_status0s_0Bd_
FN:78,_RNCNCNvXs0_NtNtCsjgzn8ineqr5_17netbox_controller14kube_api_trait4mockINtB9_11MockKubeApiNtNtNtCs7UKuxsnLN9N_4crds4dcim16netbox_interface15NetBoxInterfaceEINtBb_12KubeApiTraitB1o_E3get00Bd_
FN:95,_RNCNCNvXs0_NtNtCsjgzn8ineqr5_17netbox_controller14kube_api_trait4mockINtB9_11MockKubeApiNtNtNtCs7UKuxsnLN9N_4crds4dcim17netbox_site_group15NetBoxSiteGroupEINtBb_12KubeApiTraitB1o_E12patch_status00Bd_
FN:120,_RNCNCNvXs0_NtNtCsjgzn8ineqr5_17netbox_controller14kube_api_trait4mockINtB9_11MockKubeApiNtNtNtCs7UKuxsnLN9N_4crds4dcim17netbox_site_group15NetBoxSiteGroupEINtBb_12KubeApiTraitB1o_E12patch_status0s0_0Bd_
FN:110,_RNCNCNvXs0_NtNtCsjgzn8ineqr5_17netbox_controller14kube_api_trait4mockINtB9_11MockKubeApiNtNtNtCs7UKuxsnLN9N_4crds4dcim17netbox_site_group15NetBoxSiteGroupEINtBb_12KubeApiTraitB1o_E12patch_status0s_0Bd_
FN:78,_RNCNCNvXs0_NtNtCsjgzn8ineqr5_17netbox_controller14kube_api_trait4mockINtB9_11MockKubeApiNtNtNtCs7UKuxsnLN9N_4crds4dcim17netbox_site_group15NetBoxSiteGroupEINtBb_12KubeApiTraitB1o_E3get00Bd_
FN:95,_RNCNCNvXs0_NtNtCsjgzn8ineqr5_17netbox_controller14kube_api_trait4mockINtB9_11MockKubeApiNtNtNtCs7UKuxsnLN9N_4crds4dcim18netbox_device_role16NetBoxDeviceRoleEINtBb_12KubeApiTraitB1o_E12patch_status00Bd_
FN:120,_RNCNCNvXs0_NtNtCsjgzn8ineqr5_17netbox_controller14kube_api_trait4mockINtB9_11MockKubeApiNtNtNtCs7UKuxsnLN9N_4crds4dcim18netbox_device_role16NetBoxDeviceRoleEINtBb_12KubeApiTraitB1o_E12patch_status0s0_0Bd_
FN:110,_RNCNCNvXs0_NtNtCsjgzn8ineqr5_17netbox_controller14kube_api_trait4mockINtB9_11MockKubeApiNtNtNtCs7UKuxsnLN9N_4crds4dcim18netbox_device_role16NetBoxDeviceRoleEINtBb_12KubeApiTraitB1o_E12patch_status0s_0Bd_
FN:78,_RNCNCNvXs0_NtNtCsjgzn8ineqr5_17netbox_controller14kube_api_trait4mockINtB9_11MockKubeApiNtNtNtCs7UKuxsnLN9N_4crds4dcim18netbox_device_role16NetBoxDeviceRoleEINtBb_12KubeApiTraitB1o_E3get00Bd_
FN:95,_RNCNCNvXs0_NtNtCsjgzn8ineqr5_17netbox_controller14kube_api_trait4mockINtB9_11MockKubeApiNtNtNtCs7UKuxsnLN9N_4crds4dcim18netbox_device_type16NetBoxDeviceTypeEINtBb_12KubeApiTraitB1o_E12patch_status00Bd_
FN:120,_RNCNCNvXs0_NtNtCsjgzn8ineqr5_17netbox_controller14kube_api_trait4mockINtB9_11MockKubeApiNtNtNtCs7UKuxsnLN9N_4crds4dcim18netbox_device_type16NetBoxDeviceTypeEINtBb_12KubeApiTraitB1o_E12patch_status0s0_0Bd_
FN:110,_RNCNCNvXs0_NtNtCsjgzn8ineqr5_17netbox_controller14kube_api_trait4mockINtB9_11MockKubeApiNtNtNtCs7UKuxsnLN9N_4crds4dcim18netbox_device_type16NetBoxDeviceTypeEINtBb_12KubeApiTraitB1o_E12patch_status0s_0Bd_
FN:78,_RNCNCNvXs0_NtNtCsjgzn8ineqr5_17netbox_controller14kube_api_trait4mockINtB9_11MockKubeApiNtNtNtCs7UKuxsnLN9N_4crds4dcim18netbox_device_type16NetBoxDeviceTypeEINtBb_12KubeApiTraitB1o_E3get00Bd_
FN:95,_RNCNCNvXs0_NtNtCsjgzn8ineqr5_17netbox_controller14kube_api_trait4mockINtB9_11MockKubeApiNtNtNtCs7UKuxsnLN9N_4crds4dcim18netbox_mac_address16NetBoxMACAddressEINtBb_12KubeApiTraitB1o_E12patch_status00Bd_
FN:120,_RNCNCNvXs0_NtNtCsjgzn8ineqr5_17netbox_controller14kube_api_trait4mockINtB9_11MockKubeApiNtNtNtCs7UKuxsnLN9N_4crds4dcim18netbox_mac_address16NetBoxMACAddressEINtBb_12KubeApiTraitB1o_E12patch_status0s0_0Bd_
FN:110,_RNCNCNvXs0_NtNtCsjgzn8ineqr5_17netbox_controller14kube_api_trait4mockINtB9_11MockKubeApiNtNtNtCs7UKuxsnLN9N_4crds4dcim18netbox_mac_address16NetBoxMACAddressEINtBb_12KubeApiTraitB1o_E12patch_status0s_0Bd_
FN:78,_RNCNCNvXs0_NtNtCsjgzn8ineqr5_17netbox_controller14kube_api_trait4mockINtB9_11MockKubeApiNtNtNtCs7UKuxsnLN9N_4crds4dcim18netbox_mac_address16NetBoxMACAddressEINtBb_12KubeApiTraitB1o_E3get00Bd_
FN:95,_RNCNCNvXs0_NtNtCsjgzn8ineqr5_17netbox_controller14kube_api_trait4mockINtB9_11MockKubeApiNtNtNtCs7UKuxsnLN9N_4crds4dcim19netbox_manufacturer18NetBoxManufacturerEINtBb_12KubeApiTraitB1o_E12patch_status00Bd_
FN:120,_RNCNCNvXs0_NtNtCsjgzn8ineqr5_17netbox_controller14kube_api_trait4mockINtB9_11MockKubeApiNtNtNtCs7UKuxsnLN9N_4crds4dcim19netbox_manufacturer18NetBoxManufacturerEINtBb_12KubeApiTraitB1o_E12patch_status0s0_0Bd_
FN:110,_RNCNCNvXs0_NtNtCsjgzn8ineqr5_17netbox_controller14kube_api_trait4mockINtB9_11MockKubeApiNtNtNtCs7UKuxsnLN9N_4crds4dcim19netbox_manufacturer18NetBoxManufacturerEINtBb_12KubeApiTraitB1o_E12patch_status0s_0Bd_
FN:78,_RNCNCNvXs0_NtNtCsjgzn8ineqr5_17netbox_controller14kube_api_trait4mockINtB9_11MockKubeApiNtNtNtCs7UKuxsnLN9N_4crds4dcim19netbox_manufacturer18NetBoxManufacturerEINtBb_12KubeApiTraitB1o_E3get00Bd_
FN:95,_RNCNCNvXs0_NtNtCsjgzn8ineqr5_17netbox_controller14kube_api_trait4mockINtB9_11MockKubeApiNtNtNtCs7UKuxsnLN9N_4crds4ipam10netbox_rir9NetBoxRIREINtBb_12KubeApiTraitB1o_E12patch_status00Bd_
FN:120,_RNCNCNvXs0_NtNtCsjgzn8ineqr5_17netbox_controller14kube_api_trait4mockINtB9_11MockKubeApiNtNtNtCs7UKuxsnLN9N_4crds4ipam10netbox_rir9NetBoxRIREINtBb_12KubeApiTraitB1o_E12patch_status0s0_0Bd_
FN:110,_RNCNCNvXs0_NtNtCsjgzn8ineqr5_17netbox_controller14kube_api_trait4mockINtB9_11MockKubeApiNtNtNtCs7UKuxsnLN9N_4crds4ipam10netbox_rir9NetBoxRIREINtBb_12KubeApiTraitB1o_E12patch_status0s_0Bd_
FN:78,_RNCNCNvXs0_NtNtCsjgzn8ineqr5_17netbox_controller14kube_api_trait4mockINtB9_11MockKubeApiNtNtNtCs7UKuxsnLN9N_4crds4ipam10netbox_rir9NetBoxRIREINtBb_12KubeApiTraitB1o_E3get00Bd_
FN:95,_RNCNCNvXs0_NtNtCsjgzn8ineqr5_17netbox_controller14kube_api_trait4mockINtB9_11MockKubeApiNtNtNtCs7UKuxsnLN9N_4crds4ipam11netbox_role10NetBoxRoleEINtBb_12KubeApiTraitB1o_E12patch_status00Bd_
FN:120,_RNCNCNvXs0_NtNtCsjgzn8ineqr5_17netbox_controller14kube_api_trait4mockINtB9_11MockKubeApiNtNtNtCs7UKuxsnLN9N_4crds4ipam11netbox_role10NetBoxRoleEINtBb_12KubeApiTraitB1o_E12patch_status0s0_0Bd_
FN:110,_RNCNCNvXs0_NtNtCsjgzn8ineqr5_17netbox_controller14kube_api_trait4mockINtB9_11MockKubeApiNtNtNtCs7UKuxsnLN9N_4crds4ipam11netbox_role10NetBoxRoleEINtBb_12KubeApiTraitB1o_E12patch_status0s_0Bd_
FN:78,_RNCNCNvXs0_NtNtCsjgzn8ineqr5_17netbox_controller14kube_api_trait4mockINtB9_11MockKubeApiNtNtNtCs7UKuxsnLN9N_4crds4ipam11netbox_role10NetBoxRoleEINtBb_12KubeApiTraitB1o_E3get00Bd_
FN:95,_RNCNCNvXs0_NtNtCsjgzn8ineqr5_17netbox_controller14kube_api_trait4mockINtB9_11MockKubeApiNtNtNtCs7UKuxsnLN9N_4crds4ipam11netbox_vlan10NetBoxVLANEINtBb_12KubeApiTraitB1o_E12patch_status00Bd_
FN:120,_RNCNCNvXs0_NtNtCsjgzn8ineqr5_17netbox_controller14kube_api_trait4mockINtB9_11MockKubeApiNtNtNtCs7UKuxsnLN9N_4crds4ipam11netbox_vlan10NetBoxVLANEINtBb_12KubeApiTraitB1o_E12patch_status0s0_0Bd_
FN:110,_RNCNCNvXs0_NtNtCsjgzn8ineqr5_17netbox_controller14kube_api_trait4mockINtB9_11MockKubeApiNtNtNtCs7UKuxsnLN9N_4crds4ipam11netbox_vlan10NetBoxVLANEINtBb_12KubeApiTraitB1o_E12patch_status0s_0Bd_
FN:78,_RNCNCNvXs0_NtNtCsjgzn8ineqr5_17netbox_controller14kube_api_trait4mockINtB9_11MockKubeApiNtNtNtCs7UKuxsnLN9N_4crds4ipam11netbox_vlan10NetBoxVLANEINtBb_12KubeApiTraitB1o_E3get00Bd_
FN:95,_RNCNCNvXs0_NtNtCsjgzn8ineqr5_17netbox_controller14kube_api_trait4mockINtB9_11MockKubeApiNtNtNtCs7UKuxsnLN9N_4crds4ipam13netbox_prefix12NetBoxPrefixEINtBb_12KubeApiTraitB1o_E12patch_status00Bd_
FN:120,_RNCNCNvXs0_NtNtCsjgzn8ineqr5_17netbox_controller14kube_api_trait4mockINtB9_11MockKubeApiNtNtNtCs7UKuxsnLN9N_4crds4ipam13netbox_prefix12NetBoxPrefixEINtBb_12KubeApiTraitB1o_E12patch_status0s0_0Bd_
FN:110,_RNCNCNvXs0_NtNtCsjgzn8ineqr5_17netbox_controller14kube_api_trait4mockINtB9_11MockKubeApiNtNtNtCs7UKuxsnLN9N_4crds4ipam13netbox_prefix12NetBoxPrefixEINtBb_12KubeApiTraitB1o_E12patch_status0s_0Bd_
FN:78,_RNCNCNvXs0_NtNtCsjgzn8ineqr5_17netbox_controller14kube_api_trait4mockINtB9_11MockKubeApiNtNtNtCs7UKuxsnLN9N_4crds4ipam13netbox_prefix12NetBoxPrefixEINtBb_12KubeApiTraitB1o_E3get00Bd_
FN:95,_RNCNCNvXs0_NtNtCsjgzn8ineqr5_17netbox_controller14kube_api_trait4mockINtB9_11MockKubeApiNtNtNtCs7UKuxsnLN9N_4crds4ipam16netbox_aggregate15NetBoxAggregateEINtBb_12KubeApiTraitB1o_E12patch_status00Bd_
FN:120,_RNCNCNvXs0_NtNtCsjgzn8ineqr5_17netbox_controller14kube_api_trait4mockINtB9_11MockKubeApiNtNtNtCs7UKuxsnLN9N_4crds4ipam16netbox_aggregate15NetBoxAggregateEINtBb_12KubeApiTraitB1o_E12patch_status0s0_0Bd_
FN:110,_RNCNCNvXs0_NtNtCsjgzn8ineqr5_17netbox_controller14kube_api_trait4mockINtB9_11MockKubeApiNtNtNtCs7UKuxsnLN9N_4crds4ipam16netbox_aggregate15NetBoxAggregateEINtBb_12KubeApiTraitB1o_E12patch_status0s_0Bd_
FN:78,_RNCNCNvXs0_NtNtCsjgzn8ineqr5_17netbox_controller14kube_api_trait4mockINtB9_11MockKubeApiNtNtNtCs7UKuxsnLN9N_4crds4ipam16netbox_aggregate15NetBoxAggregateEINtBb_12KubeApiTraitB1o_E3get00Bd_
FN:95,_RNCNCNvXs0_NtNtCsjgzn8ineqr5_17netbox_controller14kube_api_trait4mockINtB9_11MockKubeApiNtNtNtCs7UKuxsnLN9N_4crds6extras10netbox_tag9NetBoxTagEINtBb_12KubeApiTraitB1o_E12patch_status00Bd_
FN:120,_RNCNCNvXs0_NtNtCsjgzn8ineqr5_17netbox_controller14kube_api_trait4mockINtB9_11MockKubeApiNtNtNtCs7UKuxsnLN9N_4crds6extras10netbox_tag9NetBoxTagEINtBb_12KubeApiTraitB1o_E12patch_status0s0_0Bd_
FN:110,_RNCNCNvXs0_NtNtCsjgzn8ineqr5_17netbox_controller14kube_api_trait4mockINtB9_11MockKubeApiNtNtNtCs7UKuxsnLN9N_4crds6extras10netbox_tag9NetBoxTagEINtBb_12KubeApiTraitB1o_E12patch_status0s_0Bd_
FN:78,_RNCNCNvXs0_NtNtCsjgzn8ineqr5_17netbox_controller14kube_api_trait4mockINtB9_11MockKubeApiNtNtNtCs7UKuxsnLN9N_4crds6extras10netbox_tag9NetBoxTagEINtBb_12KubeApiTraitB1o_E3get00Bd_
FN:95,_RNCNCNvXs0_NtNtCsjgzn8ineqr5_17netbox_controller14kube_api_trait4mockINtB9_11MockKubeApiNtNtNtCs7UKuxsnLN9N_4crds7tenancy13netbox_tenant12NetBoxTenantEINtBb_12KubeApiTraitB1o_E12patch_status00Bd_
FN:120,_RNCNCNvXs0_NtNtCsjgzn8ineqr5_17netbox_controller14kube_api_trait4mockINtB9_11MockKubeApiNtNtNtCs7UKuxsnLN9N_4crds7tenancy13netbox_tenant12NetBoxTenantEINtBb_12KubeApiTraitB1o_E12patch_status0s0_0Bd_
FN:110,_RNCNCNvXs0_NtNtCsjgzn8ineqr5_17netbox_controller14kube_api_trait4mockINtB9_11MockKubeApiNtNtNtCs7UKuxsnLN9N_4crds7tenancy13netbox_tenant12NetBoxTenantEINtBb_12KubeApiTraitB1o_E12patch_status0s_0Bd_
FN:78,_RNCNCNvXs0_NtNtCsjgzn8ineqr5_17netbox_controller14kube_api_trait4mockINtB9_11MockKubeApiNtNtNtCs7UKuxsnLN9N_4crds7tenancy13netbox_tenant12NetBoxTenantEINtBb_12KubeApiTraitB1o_E3get00Bd_
FN:30,_RNvMNtNtCsjgzn8ineqr5_17netbox_controller14kube_api_trait4mockINtB2_11MockKubeApiNtNtCs7UKuxsnLN9N_4crds7ip_pool6IPPoolE3newB6_
FN:37,_RNvMNtNtCsjgzn8ineqr5_17netbox_controller14kube_api_trait4mockINtB2_11MockKubeApiNtNtCs7UKuxsnLN9N_4crds7ip_pool6IPPoolE5storeB6_
FN:30,_RNvMNtNtCsjgzn8ineqr5_17netbox_controller14kube_api_trait4mockINtB2_11MockKubeApiNtNtCs7UKuxsnLN9N_4crds8ip_claim7IPClaimE3newB6_
FN:37,_RNvMNtNtCsjgzn8ineqr5_17netbox_controller14kube_api_trait4mockINtB2_11MockKubeApiNtNtCs7UKuxsnLN9N_4crds8ip_claim7IPClaimE5storeB6_
FN:30,_RNvMNtNtCsjgzn8ineqr5_17netbox_controller14kube_api_trait4mockINtB2_11MockKubeApiNtNtNtCs7UKuxsnLN9N_4crds4dcim11netbox_site10NetBoxSiteE3newB6_
FN:37,_RNvMNtNtCsjgzn8ineqr5_17netbox_controller14kube_api_trait4mockINtB2_11MockKubeApiNtNtNtCs7UKuxsnLN9N_4crds4dcim11netbox_site10NetBoxSiteE5storeB6_
FN:30,_RNvMNtNtCsjgzn8ineqr5_17netbox_controller14kube_api_trait4mockINtB2_11MockKubeApiNtNtNtCs7UKuxsnLN9N_4crds4dcim13netbox_device12NetBoxDeviceE3newB6_
FN:37,_RNvMNtNtCsjgzn8ineqr5_17netbox_controller14kube_api_trait4mockINtB2_11MockKubeApiNtNtNtCs7UKuxsnLN9N_4crds4dcim13netbox_device12NetBoxDeviceE5storeB6_
FN:30,_RNvMNtNtCsjgzn8ineqr5_17netbox_controller14kube_api_trait4mockINtB2_11MockKubeApiNtNtNtCs7UKuxsnLN9N_4crds4dcim13netbox_region12NetBoxRegionE3newB6_
FN:37,_RNvMNtNtCsjgzn8ineqr5_17netbox_controller14kube_api_trait4mockINtB2_11MockKubeApiNtNtNtCs7UKuxsnLN9N_4crds4dcim13netbox_region12NetBoxRegionE5storeB6_
FN:30,_RNvMNtNtCsjgzn8ineqr5_17netbox_controller14kube_api_trait4mockINtB2_11MockKubeApiNtNtNtCs7UKuxsnLN9N_4crds4dcim15netbox_location14NetBoxLocationE3newB6_
FN:37,_RNvMNtNtCsjgzn8ineqr5_17netbox_controller14kube_api_trait4mockINtB2_11MockKubeApiNtNtNtCs7UKuxsnLN9N_4crds4dcim15netbox_location14NetBoxLocationE5storeB6_
FN:30,_RNvMNtNtCsjgzn8ineqr5_17netbox_controller14kube_api_trait4mockINtB2_11MockKubeApiNtNtNtCs7UKuxsnLN9N_4crds4dcim15netbox_platform14NetBoxPlatformE3newB6_
FN:37,_RNvMNtNtCsjgzn8ineqr5_17netbox_controller14kube_api_trait4mockINtB2_11MockKubeApiNtNtNtCs7UKuxsnLN9N_4crds4dcim15netbox_platform14NetBoxPlatformE5storeB6_
FN:30,_RNvMNtNtCsjgzn8ineqr5_17netbox_controller14kube_api_trait4mockINtB2_11MockKubeApiNtNtNtCs7UKuxsnLN9N_4crds4dcim16netbox_interface15NetBoxInterfaceE3newB6_
FN:37,_RNvMNtNtCsjgzn8ineqr5_17netbox_controller14kube_api_trait4mockINtB2_11MockKubeApiNtNtNtCs7UKuxsnLN9N_4crds4dcim16netbox_interface15NetBoxInterfaceE5storeB6_
FN:30,_RNvMNtNtCsjgzn8ineqr5_17netbox_controller14kube_api_trait4mockINtB2_11MockKubeApiNtNtNtCs7UKuxsnLN9N_4crds4dcim17netbox_site_group15NetBoxSiteGroupE3newB6_
FN:37,_RNvMNtNtCsjgzn8ineqr5_17netbox_controller14kube_api_trait4mockINtB2_11MockKubeApiNtNtNtCs7UKuxsnLN9N_4crds4dcim17netbox_site_group15NetBoxSiteGroupE5storeB6_
FN:30,_RNvMNtNtCsjgzn8ineqr5_17netbox_controller14kube_api_trait4mockINtB2_11MockKubeApiNtNtNtCs7UKuxsnLN9N_4crds4dcim18netbox_device_role16NetBoxDeviceRoleE3newB6_
FN:37,_RNvMNtNtCsjgzn8ineqr5_17netbox_controller14kube_api_trait4mockINtB2_11MockKubeApiNtNtNtCs7UKuxsnLN9N_4crds4dcim18netbox_device_role16NetBoxDeviceRoleE5storeB6_
[...]
FN:281,_RINvNtCsc0esyxWu90F_13netbox_client6models26deserialize_interface_typeQINtNtCsaGQjbVcrkz_10serde_json2de12DeserializerNtNtB1c_4read7StrReadEEB4_
FN:281,_RINvNtCsc0esyxWu90F_13netbox_client6models26deserialize_interface_typeQINtNtCsaGQjbVcrkz_10serde_json2de12DeserializerNtNtB1c_4read9SliceReadEEB4_
FNDA:0,_RINvNtCsc0esyxWu90F_13netbox_client6models17deserialize_ipnetQINtNtCsaGQjbVcrkz_10serde_json2de12DeserializerNtNtB13_4read7StrReadEEB4_
FNDA:0,_RINvNtCsc0esyxWu90F_13netbox_client6models17deserialize_ipnetQINtNtCsaGQjbVcrkz_10serde_json2de12DeserializerNtNtB13_4read9SliceReadEEB4_
FNDA:0,_RINvNtCsc0esyxWu90F_13netbox_client6models18deserialize_familyQINtNtCsaGQjbVcrkz_10serde_json2de12DeserializerNtNtB14_4read7StrReadEEB4_
FNDA:0,_RINvNtCsc0esyxWu90F_13netbox_client6models18deserialize_familyQINtNtCsaGQjbVcrkz_10serde_json2de12DeserializerNtNtB14_4read9SliceReadEEB4_
FNDA:0,_RINvNtCsc0esyxWu90F_13netbox_client6models23deserialize_site_statusQINtNtCsaGQjbVcrkz_10serde_json2de12DeserializerNtNtB19_4read7StrReadEEB4_
FNDA:0,_RINvNtCsc0esyxWu90F_13netbox_client6models23deserialize_site_statusQINtNtCsaGQjbVcrkz_10serde_json2de12DeserializerNtNtB19_4read9SliceReadEEB4_
FNDA:0,_RINvNtCsc0esyxWu90F_13netbox_client6models23deserialize_vlan_statusQINtNtCsaGQjbVcrkz_10serde_json2de12DeserializerNtNtB19_4read7StrReadEEB4_
FNDA:0,_RINvNtCsc0esyxWu90F_13netbox_client6models23deserialize_vlan_statusQINtNtCsaGQjbVcrkz_10serde_json2de12DeserializerNtNtB19_4read9SliceReadEEB4_
FNDA:0,_RINvNtCsc0esyxWu90F_13netbox_client6models25deserialize_device_statusQINtNtCsaGQjbVcrkz_10serde_json2de12DeserializerNtNtB1b_4read7StrReadEEB4_
FNDA:0,_RINvNtCsc0esyxWu90F_13netbox_client6models25deserialize_device_statusQINtNtCsaGQjbVcrkz_10serde_json2de12DeserializerNtNtB1b_4read9SliceReadEEB4_
FNDA:0,_RINvNtCsc0esyxWu90F_13netbox_client6models25deserialize_prefix_statusQINtNtCsaGQjbVcrkz_10serde_json2de12DeserializerNtNtB1b_4read7StrReadEEB4_
FNDA:0,_RINvNtCsc0esyxWu90F_13netbox_client6models25deserialize_prefix_statusQINtNtCsaGQjbVcrkz_10serde_json2de12DeserializerNtNtB1b_4read9SliceReadEEB4_
FNDA:0,_RINvNtCsc0esyxWu90F_13netbox_client6models26deserialize_interface_typeQINtNtCsaGQjbVcrkz_10serde_json2de12DeserializerNtNtB1c_4read7StrReadEEB4_
FNDA:0,_RINvNtCsc0esyxWu90F_13netbox_client6models26deserialize_interface_typeQINtNtCsaGQjbVcrkz_10serde_json2de12DeserializerNtNtB1c_4read9SliceReadEEB4_
FNF:7
FNH:0
DA:19,0
DA:20,0
DA:21,0
DA:23,0
DA:24,0
DA:25,0
DA:99,0
DA:100,0
DA:101,0
DA:104,0
DA:105,0
DA:106,0
DA:108,0
DA:109,0
DA:110,0
DA:113,0
DA:114,0
DA:115,0
DA:116,0
DA:117,0
DA:118,0
DA:119,0
DA:121,0
DA:216,0
DA:217,0
DA:218,0
DA:221,0
DA:222,0
DA:223,0
DA:224,0
DA:225,0
DA:226,0
DA:227,0
DA:228,0
DA:229,0
DA:230,0
DA:232,0
DA:281,0
DA:282,0
DA:283,0
DA:286,0
DA:287,0
DA:288,0
DA:445,0
DA:446,0
DA:447,0
DA:450,0
DA:451,0
DA:452,0
DA:453,0
DA:454,0
DA:455,0
DA:457,0
DA:543,0
DA:544,0
DA:545,0
DA:548,0
DA:549,0
DA:550,0
DA:551,0
DA:552,0
DA:553,0
DA:554,0
DA:556,0
BRF:0
BRH:0
LF:64
LH:0
end_of_record
SF:/Users/casibbald/Workspace/microscaler/DCops/crates/netbox-client/src/tenancy/tenant.rs
FN:53,_RNvNtNtCsc0esyxWu90F_13netbox_client7tenancy6tenant10get_tenant
FN:94,_RNvNtNtCsc0esyxWu90F_13netbox_client7tenancy6tenant13create_tenant
FN:12,_RNvNtNtCsc0esyxWu90F_13netbox_client7tenancy6tenant13query_tenants
FN:142,_RNvNtNtCsc0esyxWu90F_13netbox_client7tenancy6tenant13update_tenant
FN:61,_RNCNCNvNtNtCsc0esyxWu90F_13netbox_client7tenancy6tenant10get_tenant00B9_
FN:90,_RNCNCNvNtNtCsc0esyxWu90F_13netbox_client7tenancy6tenant10get_tenant0s_0B9_
FN:127,_RNCNCNvNtNtCsc0esyxWu90F_13netbox_client7tenancy6tenant13create_tenant00B9_
FN:138,_RNCNCNvNtNtCsc0esyxWu90F_13netbox_client7tenancy6tenant13create_tenant0s_0B9_
FN:21,_RNCNCNvNtNtCsc0esyxWu90F_13netbox_client7tenancy6tenant13query_tenants00B9_
FN:166,_RNCNCNvNtNtCsc0esyxWu90F_13netbox_client7tenancy6tenant13update_tenant00B9_
FN:187,_RNCNCNvNtNtCsc0esyxWu90F_13netbox_client7tenancy6tenant13update_tenant0s0_0B9_
FN:176,_RNCNCNvNtNtCsc0esyxWu90F_13netbox_client7tenancy6tenant13update_tenant0s_0B9_
FN:53,_RNCNvNtNtCsc0esyxWu90F_13netbox_client7tenancy6tenant10get_tenant0B7_
FN:101,_RNCNvNtNtCsc0esyxWu90F_13netbox_client7tenancy6tenant13create_tenant0B7_
FN:16,_RNCNvNtNtCsc0esyxWu90F_13netbox_client7tenancy6tenant13query_tenants0B7_
FN:150,_RNCNvNtNtCsc0esyxWu90F_13netbox_client7tenancy6tenant13update_tenant0B7_
FNDA:0,_RNvNtNtCsc0esyxWu90F_13netbox_client7tenancy6tenant10get_tenant
FNDA:0,_RNvNtNtCsc0esyxWu90F_13netbox_client7tenancy6tenant13create_tenant
FNDA:0,_RNvNtNtCsc0esyxWu90F_13netbox_client7tenancy6tenant13query_tenants
FNDA:0,_RNvNtNtCsc0esyxWu90F_13netbox_client7tenancy6tenant13update_tenant
FNDA:0,_RNCNCNvNtNtCsc0esyxWu90F_13netbox_client7tenancy6tenant10get_tenant00B9_
FNDA:0,_RNCNCNvNtNtCsc0esyxWu90F_13netbox_client7tenancy6tenant10get_tenant0s_0B9_
FNDA:0,_RNCNCNvNtNtCsc0esyxWu90F_13netbox_client7tenancy6tenant13create_tenant00B9_
FNDA:0,_RNCNCNvNtNtCsc0esyxWu90F_13netbox_client7tenancy6tenant13create_tenant0s_0B9_
FNDA:0,_RNCNCNvNtNtCsc0esyxWu90F_13netbox_client7tenancy6tenant13query_tenants00B9_
FNDA:0,_RNCNCNvNtNtCsc0esyxWu90F_13netbox_client7tenancy6tenant13update_tenant00B9_
FNDA:0,_RNCNCNvNtNtCsc0esyxWu90F_13netbox_client7tenancy6tenant13update_tenant0s0_0B9_
FNDA:0,_RNCNCNvNtNtCsc0esyxWu90F_13netbox_client7tenancy6tenant13update_tenant0s_0B9_
FNDA:0,_RNCNvNtNtCsc0esyxWu90F_13netbox_client7tenancy6tenant10get_tenant0B7_
FNDA:0,_RNCNvNtNtCsc0esyxWu90F_13netbox_client7tenancy6tenant13create_tenant0B7_
FNDA:0,_RNCNvNtNtCsc0esyxWu90F_13netbox_client7tenancy6tenant13query_tenants0B7_
FNDA:0,_RNCNvNtNtCsc0esyxWu90F_13netbox_client7tenancy6tenant13update_tenant0B7_
FNF:16
FNH:0
DA:12,0
DA:13,0
DA:14,0
DA:15,0
DA:16,0
DA:17,0
DA:19,0
DA:20,0
DA:21,0
DA:22,0
DA:23,0
DA:24,0
DA:26,0
DA:28,0
DA:29,0
DA:31,0
DA:32,0
DA:33,0
DA:34,0
DA:35,0
DA:36,0
DA:38,0
DA:39,0
DA:40,0
DA:41,0
DA:42,0
DA:43,0
DA:44,0
DA:45,0
DA:47,0
DA:48,0
DA:50,0
DA:53,0
DA:54,0
DA:55,0
DA:56,0
DA:57,0
DA:58,0
DA:59,0
DA:60,0
DA:61,0
DA:63,0
DA:64,0
DA:65,0
DA:66,0
DA:68,0
DA:70,0
DA:72,0
DA:73,0
DA:74,0
DA:77,0
DA:78,0
DA:79,0
DA:80,0
DA:81,0
DA:82,0
DA:84,0
DA:85,0
DA:86,0
DA:87,0
DA:88,0
DA:90,0
DA:91,0
DA:94,0
DA:95,0
DA:96,0
DA:97,0
DA:98,0
DA:99,0
DA:100,0
DA:101,0
DA:102,0
DA:103,0
DA:105,0
DA:106,0
DA:107,0
DA:108,0
DA:111,0
DA:112,0
DA:113,0
DA:114,0
DA:115,0
DA:116,0
DA:117,0
DA:119,0
DA:120,0
DA:121,0
DA:122,0
DA:123,0
DA:124,0
DA:125,0
DA:126,0
DA:127,0
DA:129,0
DA:130,0
DA:131,0
DA:132,0
DA:133,0
DA:134,0
DA:135,0
DA:136,0
DA:138,0
DA:139,0
DA:142,0
DA:143,0
DA:144,0
DA:145,0
DA:146,0
DA:147,0
DA:148,0
DA:149,0
DA:150,0
DA:151,0
DA:152,0
DA:154,0
DA:156,0
DA:157,0
DA:158,0
DA:160,0
DA:161,0
DA:162,0
DA:164,0
DA:165,0
DA:166,0
DA:168,0
DA:169,0
DA:170,0
DA:171,0
DA:172,0
DA:173,0
DA:174,0
DA:175,0
DA:176,0
DA:178,0
DA:179,0
DA:180,0
DA:181,0
DA:182,0
DA:183,0
DA:184,0
DA:185,0
DA:187,0
DA:188,0
BRF:0
BRH:0
LF:156
LH:0
end_of_record
SF:/Users/casibbald/Workspace/microscaler/DCops/crates/netbox-client/src/tenancy/tenant_group.rs
FN:89,_RNCNCNvNtNtCsc0esyxWu90F_13netbox_client7tenancy12tenant_group19create_tenant_group00B9_
FN:110,_RNCNCNvNtNtCsc0esyxWu90F_13netbox_client7tenancy12tenant_group19create_tenant_group0s0_0B9_
FN:99,_RNCNCNvNtNtCsc0esyxWu90F_13netbox_client7tenancy12tenant_group19create_tenant_group0s_0B9_
FN:22,_RNCNCNvNtNtCsc0esyxWu90F_13netbox_client7tenancy12tenant_group19query_tenant_groups00B9_
FN:77,_RNCNvNtNtCsc0esyxWu90F_13netbox_client7tenancy12tenant_group19create_tenant_group0B7_
FN:17,_RNCNvNtNtCsc0esyxWu90F_13netbox_client7tenancy12tenant_group19query_tenant_groups0B7_
FN:57,_RNCNvNtNtCsc0esyxWu90F_13netbox_client7tenancy12tenant_group24get_tenant_group_by_name0B7_
FN:70,_RNvNtNtCsc0esyxWu90F_13netbox_client7tenancy12tenant_group19create_tenant_group
FN:13,_RNvNtNtCsc0esyxWu90F_13netbox_client7tenancy12tenant_group19query_tenant_groups
FN:54,_RNvNtNtCsc0esyxWu90F_13netbox_client7tenancy12tenant_group24get_tenant_group_by_name
FNDA:0,_RNCNCNvNtNtCsc0esyxWu90F_13netbox_client7tenancy12tenant_group19create_tenant_group00B9_
FNDA:0,_RNCNCNvNtNtCsc0esyxWu90F_13netbox_client7tenancy12tenant_group19create_tenant_group0s0_0B9_
FNDA:0,_RNCNCNvNtNtCsc0esyxWu90F_13netbox_client7tenancy12tenant_group19create_tenant_group0s_0B9_
FNDA:0,_RNCNCNvNtNtCsc0esyxWu90F_13netbox_client7tenancy12tenant_group19query_tenant_groups00B9_
FNDA:0,_RNCNvNtNtCsc0esyxWu90F_13netbox_client7tenancy12tenant_group19create_tenant_group0B7_
FNDA:0,_RNCNvNtNtCsc0esyxWu90F_13netbox_client7tenancy12tenant_group19query_tenant_groups0B7_
FNDA:0,_RNCNvNtNtCsc0esyxWu90F_13netbox_client7tenancy12tenant_group24get_tenant_group_by_name0B7_
FNDA:0,_RNvNtNtCsc0esyxWu90F_13netbox_client7tenancy12tenant_group19create_tenant_group
FNDA:0,_RNvNtNtCsc0esyxWu90F_13netbox_client7tenancy12tenant_group19query_tenant_groups
FNDA:0,_RNvNtNtCsc0esyxWu90F_13netbox_client7tenancy12tenant_group24get_tenant_group_by_name
FNF:10
FNH:0
DA:13,0
DA:14,0
DA:15,0
DA:16,0
DA:17,0
DA:18,0
DA:20,0
DA:21,0
DA:22,0
DA:23,0
DA:24,0
DA:25,0
DA:27,0
DA:29,0
DA:30,0
DA:32,0
DA:33,0
DA:34,0
DA:35,0
DA:36,0
DA:37,0
DA:39,0
DA:40,0
DA:41,0
DA:42,0
DA:43,0
DA:44,0
DA:45,0
DA:46,0
DA:48,0
DA:49,0
DA:51,0
DA:54,0
DA:55,0
DA:56,0
DA:57,0
DA:59,0
DA:60,0
DA:61,0
DA:62,0
DA:65,0
DA:66,0
DA:67,0
DA:70,0
DA:71,0
DA:72,0
DA:73,0
DA:74,0
DA:75,0
DA:76,0
DA:77,0
DA:78,0
DA:79,0
DA:81,0
DA:82,0
DA:83,0
DA:84,0
DA:87,0
DA:88,0
DA:89,0
DA:91,0
DA:92,0
DA:93,0
DA:94,0
DA:95,0
DA:96,0
DA:97,0
DA:98,0
DA:99,0
DA:101,0
DA:102,0
DA:103,0
DA:104,0
DA:105,0
DA:106,0
DA:107,0
DA:108,0
DA:110,0
DA:111,0
BRF:0
BRH:0
LF:86
LH:0
end_of_record
SF:/Users/casibbald/Workspace/microscaler/DCops/crates/netbox-client/src/types.rs
FN:118,_RNvXNtCsc0esyxWu90F_13netbox_client5typesNtB2_8TenantIdINtNtCskzPJi2J8k3N_4core7convert4FromyE4from
FN:131,_RNvXs0_NtCsc0esyxWu90F_13netbox_client5typesNtB5_6SiteIdINtNtCskzPJi2J8k3N_4core7convert4FromyE4from
FN:137,_RNvXs1_NtCsc0esyxWu90F_13netbox_client5typesyINtNtCskzPJi2J8k3N_4core7convert4FromNtB5_6SiteIdE4from
FN:144,_RNvXs2_NtCsc0esyxWu90F_13netbox_client5typesNtB5_8DeviceIdINtNtCskzPJi2J8k3N_4core7convert4FromyE4from
FN:150,_RNvXs3_NtCsc0esyxWu90F_13netbox_client5typesyINtNtCskzPJi2J8k3N_4core7convert4FromNtB5_8DeviceIdE4from
FN:157,_RNvXs4_NtCsc0esyxWu90F_13netbox_client5typesNtB5_11InterfaceIdINtNtCskzPJi2J8k3N_4core7convert4FromyE4from
FN:163,_RNvXs5_NtCsc0esyxWu90F_13netbox_client5typesyINtNtCskzPJi2J8k3N_4core7convert4FromNtB5_11InterfaceIdE4from
FN:170,_RNvXs6_NtCsc0esyxWu90F_13netbox_client5typesNtB5_8PrefixIdINtNtCskzPJi2J8k3N_4core7convert4FromyE4from
FN:176,_RNvXs7_NtCsc0esyxWu90F_13netbox_client5typesyINtNtCskzPJi2J8k3N_4core7convert4FromNtB5_8PrefixIdE4from
FN:183,_RNvXs8_NtCsc0esyxWu90F_13netbox_client5typesNtB5_11IpAddressIdINtNtCskzPJi2J8k3N_4core7convert4FromyE4from
FN:189,_RNvXs9_NtCsc0esyxWu90F_13netbox_client5typesyINtNtCskzPJi2J8k3N_4core7convert4FromNtB5_11IpAddressIdE4from
FN:368,_RNvXsA_NtCsc0esyxWu90F_13netbox_client5typesNtB5_6SiteIdNtNtCskzPJi2J8k3N_4core3fmt7Display3fmt
FN:374,_RNvXsB_NtCsc0esyxWu90F_13netbox_client5typesNtB5_8PrefixIdNtNtCskzPJi2J8k3N_4core3fmt7Display3fmt
FN:124,_RNvXs_NtCsc0esyxWu90F_13netbox_client5typesyINtNtCskzPJi2J8k3N_4core7convert4FromNtB4_8TenantIdE4from
FN:196,_RNvXsa_NtCsc0esyxWu90F_13netbox_client5typesNtB5_6VlanIdINtNtCskzPJi2J8k3N_4core7convert4FrommE4from
FN:202,_RNvXsb_NtCsc0esyxWu90F_13netbox_client5typesmINtNtCskzPJi2J8k3N_4core7convert4FromNtB5_6VlanIdE4from
FN:209,_RNvXsc_NtCsc0esyxWu90F_13netbox_client5typesNtB5_8RegionIdINtNtCskzPJi2J8k3N_4core7convert4FromyE4from
FN:215,_RNvXsd_NtCsc0esyxWu90F_13netbox_client5typesyINtNtCskzPJi2J8k3N_4core7convert4FromNtB5_8RegionIdE4from
FN:222,_RNvXse_NtCsc0esyxWu90F_13netbox_client5typesNtB5_11SiteGroupIdINtNtCskzPJi2J8k3N_4core7convert4FromyE4from
FN:228,_RNvXsf_NtCsc0esyxWu90F_13netbox_client5typesyINtNtCskzPJi2J8k3N_4core7convert4FromNtB5_11SiteGroupIdE4from
FN:235,_RNvXsg_NtCsc0esyxWu90F_13netbox_client5typesNtB5_10LocationIdINtNtCskzPJi2J8k3N_4core7convert4FromyE4from
FN:241,_RNvXsh_NtCsc0esyxWu90F_13netbox_client5typesyINtNtCskzPJi2J8k3N_4core7convert4FromNtB5_10LocationIdE4from
FN:248,_RNvXsi_NtCsc0esyxWu90F_13netbox_client5typesNtB5_12DeviceRoleIdINtNtCskzPJi2J8k3N_4core7convert4FromyE4from
FN:254,_RNvXsj_NtCsc0esyxWu90F_13netbox_client5typesyINtNtCskzPJi2J8k3N_4core7convert4FromNtB5_12DeviceRoleIdE4from
FN:261,_RNvXsk_NtCsc0esyxWu90F_13netbox_client5typesNtB5_12DeviceTypeIdINtNtCskzPJi2J8k3N_4core7convert4FromyE4from
FN:267,_RNvXsl_NtCsc0esyxWu90F_13netbox_client5typesyINtNtCskzPJi2J8k3N_4core7convert4FromNtB5_12DeviceTypeIdE4from
FN:274,_RNvXsm_NtCsc0esyxWu90F_13netbox_client5typesNtB5_14ManufacturerIdINtNtCskzPJi2J8k3N_4core7convert4FromyE4from
FN:280,_RNvXsn_NtCsc0esyxWu90F_13netbox_client5typesyINtNtCskzPJi2J8k3N_4core7convert4FromNtB5_14ManufacturerIdE4from
FN:287,_RNvXso_NtCsc0esyxWu90F_13netbox_client5typesNtB5_10PlatformIdINtNtCskzPJi2J8k3N_4core7convert4FromyE4from
FN:293,_RNvXsp_NtCsc0esyxWu90F_13netbox_client5typesyINtNtCskzPJi2J8k3N_4core7convert4FromNtB5_10PlatformIdE4from
FN:300,_RNvXsq_NtCsc0esyxWu90F_13netbox_client5typesNtB5_6RoleIdINtNtCskzPJi2J8k3N_4core7convert4FromyE4from
FN:306,_RNvXsr_NtCsc0esyxWu90F_13netbox_client5typesyINtNtCskzPJi2J8k3N_4core7convert4FromNtB5_6RoleIdE4from
FN:313,_RNvXss_NtCsc0esyxWu90F_13netbox_client5typesNtB5_11AggregateIdINtNtCskzPJi2J8k3N_4core7convert4FromyE4from
FN:319,_RNvXst_NtCsc0esyxWu90F_13netbox_client5typesyINtNtCskzPJi2J8k3N_4core7convert4FromNtB5_11AggregateIdE4from
FN:326,_RNvXsu_NtCsc0esyxWu90F_13netbox_client5typesNtB5_5RirIdINtNtCskzPJi2J8k3N_4core7convert4FromyE4from
FN:332,_RNvXsv_NtCsc0esyxWu90F_13netbox_client5typesyINtNtCskzPJi2J8k3N_4core7convert4FromNtB5_5RirIdE4from
FN:339,_RNvXsw_NtCsc0esyxWu90F_13netbox_client5typesNtB5_11VlanGroupIdINtNtCskzPJi2J8k3N_4core7convert4FromyE4from
FN:345,_RNvXsx_NtCsc0esyxWu90F_13netbox_client5typesyINtNtCskzPJi2J8k3N_4core7convert4FromNtB5_11VlanGroupIdE4from
FN:352,_RNvXsy_NtCsc0esyxWu90F_13netbox_client5typesNtB5_13TenantGroupIdINtNtCskzPJi2J8k3N_4core7convert4FromyE4from
FN:358,_RNvXsz_NtCsc0esyxWu90F_13netbox_client5typesyINtNtCskzPJi2J8k3N_4core7convert4FromNtB5_13TenantGroupIdE4from
FNDA:0,_RNvXNtCsc0esyxWu90F_13netbox_client5typesNtB2_8TenantIdINtNtCskzPJi2J8k3N_4core7convert4FromyE4from
FNDA:0,_RNvXs0_NtCsc0esyxWu90F_13netbox_client5typesNtB5_6SiteIdINtNtCskzPJi2J8k3N_4core7convert4FromyE4from
FNDA:11,_RNvXs1_NtCsc0esyxWu90F_13netbox_client5typesyINtNtCskzPJi2J8k3N_4core7convert4FromNtB5_6SiteIdE4from
FNDA:0,_RNvXs2_NtCsc0esyxWu90F_13netbox_client5typesNtB5_8DeviceIdINtNtCskzPJi2J8k3N_4core7convert4FromyE4from
FNDA:4,_RNvXs3_NtCsc0esyxWu90F_13netbox_client5typesyINtNtCskzPJi2J8k3N_4core7convert4FromNtB5_8DeviceIdE4from
FNDA:0,_RNvXs4_NtCsc0esyxWu90F_13netbox_client5typesNtB5_11InterfaceIdINtNtCskzPJi2J8k3N_4core7convert4FromyE4from
FNDA:3,_RNvXs5_NtCsc0esyxWu90F_13netbox_client5typesyINtNtCskzPJi2J8k3N_4core7convert4FromNtB5_11InterfaceIdE4from
FNDA:0,_RNvXs6_NtCsc0esyxWu90F_13netbox_client5typesNtB5_8PrefixIdINtNtCskzPJi2J8k3N_4core7convert4FromyE4from
FNDA:27,_RNvXs7_NtCsc0esyxWu90F_13netbox_client5typesyINtNtCskzPJi2J8k3N_4core7convert4FromNtB5_8PrefixIdE4from
FNDA:0,_RNvXs8_NtCsc0esyxWu90F_13netbox_client5typesNtB5_11IpAddressIdINtNtCskzPJi2J8k3N_4core7convert4FromyE4from
FNDA:1,_RNvXs9_NtCsc0esyxWu90F_13netbox_client5typesyINtNtCskzPJi2J8k3N_4core7convert4FromNtB5_11IpAddressIdE4from
FNDA:0,_RNvXsA_NtCsc0esyxWu90F_13netbox_client5typesNtB5_6SiteIdNtNtCskzPJi2J8k3N_4core3fmt7Display3fmt
FNDA:0,_RNvXsB_NtCsc0esyxWu90F_13netbox_client5typesNtB5_8PrefixIdNtNtCskzPJi2J8k3N_4core3fmt7Display3fmt
FNDA:21,_RNvXs_NtCsc0esyxWu90F_13netbox_client5typesyINtNtCskzPJi2J8k3N_4core7convert4FromNtB4_8TenantIdE4from
FNDA:0,_RNvXsa_NtCsc0esyxWu90F_13netbox_client5typesNtB5_6VlanIdINtNtCskzPJi2J8k3N_4core7convert4FrommE4from
FNDA:1,_RNvXsb_NtCsc0esyxWu90F_13netbox_client5typesmINtNtCskzPJi2J8k3N_4core7convert4FromNtB5_6VlanIdE4from
FNDA:0,_RNvXsc_NtCsc0esyxWu90F_13netbox_client5typesNtB5_8RegionIdINtNtCskzPJi2J8k3N_4core7convert4FromyE4from
FNDA:2,_RNvXsd_NtCsc0esyxWu90F_13netbox_client5typesyINtNtCskzPJi2J8k3N_4core7convert4FromNtB5_8RegionIdE4from
FNDA:0,_RNvXse_NtCsc0esyxWu90F_13netbox_client5typesNtB5_11SiteGroupIdINtNtCskzPJi2J8k3N_4core7convert4FromyE4from
FNDA:2,_RNvXsf_NtCsc0esyxWu90F_13netbox_client5typesyINtNtCskzPJi2J8k3N_4core7convert4FromNtB5_11SiteGroupIdE4from
FNDA:0,_RNvXsg_NtCsc0esyxWu90F_13netbox_client5typesNtB5_10LocationIdINtNtCskzPJi2J8k3N_4core7convert4FromyE4from
FNDA:2,_RNvXsh_NtCsc0esyxWu90F_13netbox_client5typesyINtNtCskzPJi2J8k3N_4core7convert4FromNtB5_10LocationIdE4from
FNDA:0,_RNvXsi_NtCsc0esyxWu90F_13netbox_client5typesNtB5_12DeviceRoleIdINtNtCskzPJi2J8k3N_4core7convert4FromyE4from
FNDA:3,_RNvXsj_NtCsc0esyxWu90F_13netbox_client5typesyINtNtCskzPJi2J8k3N_4core7convert4FromNtB5_12DeviceRoleIdE4from
FNDA:0,_RNvXsk_NtCsc0esyxWu90F_13netbox_client5typesNtB5_12DeviceTypeIdINtNtCskzPJi2J8k3N_4core7convert4FromyE4from
FNDA:3,_RNvXsl_NtCsc0esyxWu90F_13netbox_client5typesyINtNtCskzPJi2J8k3N_4core7convert4FromNtB5_12DeviceTypeIdE4from
FNDA:0,_RNvXsm_NtCsc0esyxWu90F_13netbox_client5typesNtB5_14ManufacturerIdINtNtCskzPJi2J8k3N_4core7convert4FromyE4from
FNDA:3,_RNvXsn_NtCsc0esyxWu90F_13netbox_client5typesyINtNtCskzPJi2J8k3N_4core7convert4FromNtB5_14ManufacturerIdE4from
FNDA:0,_RNvXso_NtCsc0esyxWu90F_13netbox_client5typesNtB5_10PlatformIdINtNtCskzPJi2J8k3N_4core7convert4FromyE4from
FNDA:0,_RNvXsp_NtCsc0esyxWu90F_13netbox_client5typesyINtNtCskzPJi2J8k3N_4core7convert4FromNtB5_10PlatformIdE4from
FNDA:0,_RNvXsq_NtCsc0esyxWu90F_13netbox_client5typesNtB5_6RoleIdINtNtCskzPJi2J8k3N_4core7convert4FromyE4from
FNDA:0,_RNvXsr_NtCsc0esyxWu90F_13netbox_client5typesyINtNtCskzPJi2J8k3N_4core7convert4FromNtB5_6RoleIdE4from
FNDA:0,_RNvXss_NtCsc0esyxWu90F_13netbox_client5typesNtB5_11AggregateIdINtNtCskzPJi2J8k3N_4core7convert4FromyE4from
FNDA:0,_RNvXst_NtCsc0esyxWu90F_13netbox_client5typesyINtNtCskzPJi2J8k3N_4core7convert4FromNtB5_11AggregateIdE4from
FNDA:0,_RNvXsu_NtCsc0esyxWu90F_13netbox_client5typesNtB5_5RirIdINtNtCskzPJi2J8k3N_4core7convert4FromyE4from
FNDA:1,_RNvXsv_NtCsc0esyxWu90F_13netbox_client5typesyINtNtCskzPJi2J8k3N_4core7convert4FromNtB5_5RirIdE4from
FNDA:0,_RNvXsw_NtCsc0esyxWu90F_13netbox_client5typesNtB5_11VlanGroupIdINtNtCskzPJi2J8k3N_4core7convert4FromyE4from
FNDA:0,_RNvXsx_NtCsc0esyxWu90F_13netbox_client5typesyINtNtCskzPJi2J8k3N_4core7convert4FromNtB5_11VlanGroupIdE4from
FNDA:0,_RNvXsy_NtCsc0esyxWu90F_13netbox_client5typesNtB5_13TenantGroupIdINtNtCskzPJi2J8k3N_4core7convert4FromyE4from
FNDA:3,_RNvXsz_NtCsc0esyxWu90F_13netbox_client5typesyINtNtCskzPJi2J8k3N_4core7convert4FromNtB5_13TenantGroupIdE4from
FNF:40
FNH:15
DA:118,0
DA:119,0
DA:120,0
DA:124,21
DA:125,21
DA:126,21
DA:131,0
DA:132,0
DA:133,0
DA:137,11
DA:138,11
DA:139,11
DA:144,0
DA:145,0
DA:146,0
DA:150,4
DA:151,4
DA:152,4
DA:157,0
DA:158,0
DA:159,0
DA:163,3
DA:164,3
DA:165,3
DA:170,0
DA:171,0
DA:172,0
DA:176,27
DA:177,27
DA:178,27
DA:183,0
DA:184,0
DA:185,0
DA:189,1
DA:190,1
DA:191,1
DA:196,0
DA:197,0
DA:198,0
DA:202,1
DA:203,1
DA:204,1
DA:209,0
DA:210,0
DA:211,0
DA:215,2
DA:216,2
DA:217,2
DA:222,0
DA:223,0
DA:224,0
DA:228,2
DA:229,2
DA:230,2
DA:235,0
DA:236,0
DA:237,0
DA:241,2
DA:242,2
DA:243,2
DA:248,0
DA:249,0
DA:250,0
DA:254,3
DA:255,3
DA:256,3
DA:261,0
DA:262,0
DA:263,0
DA:267,3
DA:268,3
DA:269,3
DA:274,0
DA:275,0
DA:276,0
DA:280,3
DA:281,3
DA:282,3
DA:287,0
DA:288,0
DA:289,0
DA:293,0
DA:294,0
DA:295,0
DA:300,0
DA:301,0
DA:302,0
DA:306,0
DA:307,0
DA:308,0
DA:313,0
DA:314,0
DA:315,0
DA:319,0
DA:320,0
DA:321,0
DA:326,0
DA:327,0
DA:328,0
DA:332,1
DA:333,1
DA:334,1
DA:339,0
DA:340,0
DA:341,0
DA:345,0
DA:346,0
DA:347,0
DA:352,0
DA:353,0
DA:354,0
DA:358,3
DA:359,3
DA:360,3
DA:368,0
DA:369,0
DA:370,0
DA:374,0
DA:375,0
DA:376,0
BRF:0
BRH:0
LF:120
LH:45
end_of_record