SF:/Users/casibbald/Workspace/microscaler/DCops/crates/crds/src/dcim/netbox_device.rs
FN:107,_RNvNtNtCs9qTbdReROrb_4crds4dcim13netbox_device21default_device_status
FNDA:0,_RNvNtNtCs9qTbdReROrb_4crds4dcim13netbox_device21default_device_status
FNF:1
FNH:0
DA:107,0
DA:108,0
DA:109,0
BRF:0
BRH:0
LF:3
LH:0
end_of_record
SF:/Users/casibbald/Workspace/microscaler/DCops/crates/crds/src/dcim/netbox_device_role.rs
FN:44,_RNvNtNtCs9qTbdReROrb_4crds4dcim18netbox_device_role15default_vm_role
FNDA:0,_RNvNtNtCs9qTbdReROrb_4crds4dcim18netbox_device_role15default_vm_role
FNF:1
FNH:0
DA:44,0
DA:45,0
DA:46,0
BRF:0
BRH:0
LF:3
LH:0
end_of_record
SF:/Users/casibbald/Workspace/microscaler/DCops/crates/crds/src/dcim/netbox_device_type.rs
FN:52,_RNvNtNtCs9qTbdReROrb_4crds4dcim18netbox_device_type16default_u_height
FN:56,_RNvNtNtCs9qTbdReROrb_4crds4dcim18netbox_device_type21default_is_full_depth
FNDA:0,_RNvNtNtCs9qTbdReROrb_4crds4dcim18netbox_device_type16default_u_height
FNDA:0,_RNvNtNtCs9qTbdReROrb_4crds4dcim18netbox_device_type21default_is_full_depth
FNF:2
FNH:0
DA:52,0
DA:53,0
DA:54,0
DA:56,0
DA:57,0
DA:58,0
BRF:0
BRH:0
LF:6
LH:0
end_of_record
SF:/Users/casibbald/Workspace/microscaler/DCops/crates/crds/src/dcim/netbox_interface.rs
FN:51,_RNvNtNtCs9qTbdReROrb_4crds4dcim16netbox_interface15default_enabled
FN:47,_RNvNtNtCs9qTbdReROrb_4crds4dcim16netbox_interface22default_interface_type
FNDA:0,_RNvNtNtCs9qTbdReROrb_4crds4dcim16netbox_interface15default_enabled
FNDA:0,_RNvNtNtCs9qTbdReROrb_4crds4dcim16netbox_interface22default_interface_type
FNF:2
FNH:0
DA:47,0
DA:48,0
DA:49,0
DA:51,0
DA:52,0
DA:53,0
BRF:0
BRH:0
LF:6
LH:0
end_of_record
SF:/Users/casibbald/Workspace/microscaler/DCops/crates/crds/src/dcim/netbox_site.rs
FN:77,_RNvNtNtCs9qTbdReROrb_4crds4dcim11netbox_site19default_site_status
FNDA:0,_RNvNtNtCs9qTbdReROrb_4crds4dcim11netbox_site19default_site_status
FNF:1
FNH:0
DA:77,0
DA:78,0
DA:79,0
BRF:0
BRH:0
LF:3
LH:0
end_of_record
SF:/Users/casibbald/Workspace/microscaler/DCops/crates/crds/src/ipam/netbox_prefix.rs
FN:64,_RNvNtNtCs9qTbdReROrb_4crds4ipam13netbox_prefix14default_status
FNDA:0,_RNvNtNtCs9qTbdReROrb_4crds4ipam13netbox_prefix14default_status
FNF:1
FNH:0
DA:64,0
DA:65,0
DA:66,0
BRF:0
BRH:0
LF:3
LH:0
end_of_record
SF:/Users/casibbald/Workspace/microscaler/DCops/crates/crds/src/ipam/netbox_vlan.rs
FN:56,_RNvNtNtCs9qTbdReROrb_4crds4ipam11netbox_vlan19default_vlan_status
FNDA:0,_RNvNtNtCs9qTbdReROrb_4crds4ipam11netbox_vlan19default_vlan_status
FNF:1
FNH:0
DA:56,0
DA:57,0
DA:58,0
BRF:0
BRH:0
LF:3
LH:0
end_of_record
SF:/Users/casibbald/Workspace/microscaler/DCops/crates/crds/src/references.rs
FN:48,_RNvMNtCs9qTbdReROrb_4crds10referencesNtB2_23NetBoxResourceReference14with_namespace
FN:38,_RNvMNtCs9qTbdReROrb_4crds10referencesNtB2_23NetBoxResourceReference3new
FN:58,_RNvMNtCs9qTbdReROrb_4crds10referencesNtB2_23NetBoxResourceReference6netbox
FN:98,_RNvMs_NtCs9qTbdReROrb_4crds10referencesNtB4_15SecretReference14with_namespace
FN:107,_RNvMs_NtCs9qTbdReROrb_4crds10referencesNtB4_15SecretReference3key
FN:89,_RNvMs_NtCs9qTbdReROrb_4crds10referencesNtB4_15SecretReference3new
FNDA:0,_RNvMNtCs9qTbdReROrb_4crds10referencesNtB2_23NetBoxResourceReference14with_namespace
FNDA:0,_RNvMNtCs9qTbdReROrb_4crds10referencesNtB2_23NetBoxResourceReference3new
FNDA:0,_RNvMNtCs9qTbdReROrb_4crds10referencesNtB2_23NetBoxResourceReference6netbox
FNDA:0,_RNvMs_NtCs9qTbdReROrb_4crds10referencesNtB4_15SecretReference14with_namespace
FNDA:0,_RNvMs_NtCs9qTbdReROrb_4crds10referencesNtB4_15SecretReference3key
FNDA:0,_RNvMs_NtCs9qTbdReROrb_4crds10referencesNtB4_15SecretReference3new
FNF:6
FNH:0
DA:38,0
DA:39,0
DA:40,0
DA:41,0
DA:42,0
DA:43,0
DA:44,0
DA:45,0
DA:48,0
DA:49,0
DA:50,0
DA:51,0
DA:52,0
DA:53,0
DA:54,0
DA:55,0
DA:58,0
DA:59,0
DA:60,0
DA:61,0
DA:62,0
DA:63,0
DA:64,0
DA:65,0
DA:89,0
DA:90,0
DA:91,0
DA:92,0
DA:93,0
DA:94,0
DA:95,0
DA:98,0
DA:99,0
DA:100,0
DA:101,0
DA:102,0
DA:103,0
DA:104,0
DA:107,0
DA:108,0
DA:109,0
BRF:0
BRH:0
LF:41
LH:0
end_of_record
SF:/Users/casibbald/Workspace/microscaler/DCops/crates/netbox-client/src/client.rs
FN:201,_RNCNCNvXs_NtCs1dWY6dhYpFc_13netbox_client6clientNtB8_12NetBoxClientNtNtBa_12netbox_trait17NetBoxClientTrait11create_site00Ba_
FN:201,_RNCNCNvXs_NtCs1dWY6dhYpFc_13netbox_client6clientNtB8_12NetBoxClientNtNtBa_12netbox_trait17NetBoxClientTrait11create_site0s0_0Ba_
FN:201,_RNCNCNvXs_NtCs1dWY6dhYpFc_13netbox_client6clientNtB8_12NetBoxClientNtNtBa_12netbox_trait17NetBoxClientTrait11create_site0s_0Ba_
FN:132,_RNCNCNvXs_NtCs1dWY6dhYpFc_13netbox_client6clientNtB8_12NetBoxClientNtNtBa_12netbox_trait17NetBoxClientTrait11update_vlan00Ba_
FN:132,_RNCNCNvXs_NtCs1dWY6dhYpFc_13netbox_client6clientNtB8_12NetBoxClientNtNtBa_12netbox_trait17NetBoxClientTrait11update_vlan0s0_0Ba_
FN:132,_RNCNCNvXs_NtCs1dWY6dhYpFc_13netbox_client6clientNtB8_12NetBoxClientNtNtBa_12netbox_trait17NetBoxClientTrait11update_vlan0s1_0Ba_
FN:132,_RNCNCNvXs_NtCs1dWY6dhYpFc_13netbox_client6clientNtB8_12NetBoxClientNtNtBa_12netbox_trait17NetBoxClientTrait11update_vlan0s_0Ba_
FN:96,_RNCNCNvXs_NtCs1dWY6dhYpFc_13netbox_client6clientNtB8_12NetBoxClientNtNtBa_12netbox_trait17NetBoxClientTrait13create_prefix00Ba_
FN:96,_RNCNCNvXs_NtCs1dWY6dhYpFc_13netbox_client6clientNtB8_12NetBoxClientNtNtBa_12netbox_trait17NetBoxClientTrait13create_prefix0s0_0Ba_
FN:96,_RNCNCNvXs_NtCs1dWY6dhYpFc_13netbox_client6clientNtB8_12NetBoxClientNtNtBa_12netbox_trait17NetBoxClientTrait13create_prefix0s1_0Ba_
FN:96,_RNCNCNvXs_NtCs1dWY6dhYpFc_13netbox_client6clientNtB8_12NetBoxClientNtNtBa_12netbox_trait17NetBoxClientTrait13create_prefix0s_0Ba_
FN:314,_RNCNCNvXs_NtCs1dWY6dhYpFc_13netbox_client6clientNtB8_12NetBoxClientNtNtBa_12netbox_trait17NetBoxClientTrait13create_tenant00Ba_
FN:161,_RNCNCNvXs_NtCs1dWY6dhYpFc_13netbox_client6clientNtB8_12NetBoxClientNtNtBa_12netbox_trait17NetBoxClientTrait13update_device00Ba_
FN:161,_RNCNCNvXs_NtCs1dWY6dhYpFc_13netbox_client6clientNtB8_12NetBoxClientNtNtBa_12netbox_trait17NetBoxClientTrait13update_device0s0_0Ba_
FN:161,_RNCNCNvXs_NtCs1dWY6dhYpFc_13netbox_client6clientNtB8_12NetBoxClientNtNtBa_12netbox_trait17NetBoxClientTrait13update_device0s1_0Ba_
FN:161,_RNCNCNvXs_NtCs1dWY6dhYpFc_13netbox_client6clientNtB8_12NetBoxClientNtNtBa_12netbox_trait17NetBoxClientTrait13update_device0s2_0Ba_
FN:161,_RNCNCNvXs_NtCs1dWY6dhYpFc_13netbox_client6clientNtB8_12NetBoxClientNtNtBa_12netbox_trait17NetBoxClientTrait13update_device0s_0Ba_
FN:318,_RNCNCNvXs_NtCs1dWY6dhYpFc_13netbox_client6clientNtB8_12NetBoxClientNtNtBa_12netbox_trait17NetBoxClientTrait13update_tenant00Ba_
FN:41,_RNCNvMNtCs1dWY6dhYpFc_13netbox_client6clientNtB4_12NetBoxClient14validate_token0B6_
FN:41,_RNvMNtCs1dWY6dhYpFc_13netbox_client6clientNtB2_12NetBoxClient14validate_token
FN:30,_RNvMNtCs1dWY6dhYpFc_13netbox_client6clientNtB2_12NetBoxClient3new
FN:36,_RNvMNtCs1dWY6dhYpFc_13netbox_client6clientNtB2_12NetBoxClient8base_url
FN:123,_RNvXs_NtCs1dWY6dhYpFc_13netbox_client6clientNtB4_12NetBoxClientNtNtB6_12netbox_trait17NetBoxClientTrait10create_rir
FN:354,_RNvXs_NtCs1dWY6dhYpFc_13netbox_client6clientNtB4_12NetBoxClientNtNtB6_12netbox_trait17NetBoxClientTrait10create_tag
FN:148,_RNvXs_NtCs1dWY6dhYpFc_13netbox_client6clientNtB4_12NetBoxClientNtNtB6_12netbox_trait17NetBoxClientTrait10get_device
FN:59,_RNvXs_NtCs1dWY6dhYpFc_13netbox_client6clientNtB4_12NetBoxClientNtNtB6_12netbox_trait17NetBoxClientTrait10get_prefix
FN:212,_RNvXs_NtCs1dWY6dhYpFc_13netbox_client6clientNtB4_12NetBoxClientNtNtB6_12netbox_trait17NetBoxClientTrait10get_region
FN:309,_RNvXs_NtCs1dWY6dhYpFc_13netbox_client6clientNtB4_12NetBoxClientNtNtB6_12netbox_trait17NetBoxClientTrait10get_tenant
FN:115,_RNvXs_NtCs1dWY6dhYpFc_13netbox_client6clientNtB4_12NetBoxClientNtNtB6_12netbox_trait17NetBoxClientTrait10query_rirs
FN:346,_RNvXs_NtCs1dWY6dhYpFc_13netbox_client6clientNtB4_12NetBoxClientNtNtB6_12netbox_trait17NetBoxClientTrait10query_tags
FN:67,_RNvXs_NtCs1dWY6dhYpFc_13netbox_client6clientNtB4_12NetBoxClientNtNtB6_12netbox_trait17NetBoxClientTrait11allocate_ip
FN:342,_RNvXs_NtCs1dWY6dhYpFc_13netbox_client6clientNtB4_12NetBoxClientNtNtB6_12netbox_trait17NetBoxClientTrait11create_role
FN:200,_RNvXs_NtCs1dWY6dhYpFc_13netbox_client6clientNtB4_12NetBoxClientNtNtB6_12netbox_trait17NetBoxClientTrait11create_site
FN:127,_RNvXs_NtCs1dWY6dhYpFc_13netbox_client6clientNtB4_12NetBoxClientNtNtB6_12netbox_trait17NetBoxClientTrait11create_vlan
FN:334,_RNvXs_NtCs1dWY6dhYpFc_13netbox_client6clientNtB4_12NetBoxClientNtNtB6_12netbox_trait17NetBoxClientTrait11query_roles
FN:192,_RNvXs_NtCs1dWY6dhYpFc_13netbox_client6clientNtB4_12NetBoxClientNtNtB6_12netbox_trait17NetBoxClientTrait11query_sites
FN:135,_RNvXs_NtCs1dWY6dhYpFc_13netbox_client6clientNtB4_12NetBoxClientNtNtB6_12netbox_trait17NetBoxClientTrait11query_vlans
FN:204,_RNvXs_NtCs1dWY6dhYpFc_13netbox_client6clientNtB4_12NetBoxClientNtNtB6_12netbox_trait17NetBoxClientTrait11update_site
FN:131,_RNvXs_NtCs1dWY6dhYpFc_13netbox_client6clientNtB4_12NetBoxClientNtNtB6_12netbox_trait17NetBoxClientTrait11update_vlan
FN:244,_RNvXs_NtCs1dWY6dhYpFc_13netbox_client6clientNtB4_12NetBoxClientNtNtB6_12netbox_trait17NetBoxClientTrait12get_location
FN:156,_RNvXs_NtCs1dWY6dhYpFc_13netbox_client6clientNtB4_12NetBoxClientNtNtB6_12netbox_trait17NetBoxClientTrait13create_device
FN:95,_RNvXs_NtCs1dWY6dhYpFc_13netbox_client6clientNtB4_12NetBoxClientNtNtB6_12netbox_trait17NetBoxClientTrait13create_prefix
FN:220,_RNvXs_NtCs1dWY6dhYpFc_13netbox_client6clientNtB4_12NetBoxClientNtNtB6_12netbox_trait17NetBoxClientTrait13create_region
FN:313,_RNvXs_NtCs1dWY6dhYpFc_13netbox_client6clientNtB4_12NetBoxClientNtNtB6_12netbox_trait17NetBoxClientTrait13create_tenant
FN:107,_RNvXs_NtCs1dWY6dhYpFc_13netbox_client6clientNtB4_12NetBoxClientNtNtB6_12netbox_trait17NetBoxClientTrait13get_aggregate
FN:168,_RNvXs_NtCs1dWY6dhYpFc_13netbox_client6clientNtB4_12NetBoxClientNtNtB6_12netbox_trait17NetBoxClientTrait13get_interface
FN:144,_RNvXs_NtCs1dWY6dhYpFc_13netbox_client6clientNtB4_12NetBoxClientNtNtB6_12netbox_trait17NetBoxClientTrait13query_devices
FN:208,_RNvXs_NtCs1dWY6dhYpFc_13netbox_client6clientNtB4_12NetBoxClientNtNtB6_12netbox_trait17NetBoxClientTrait13query_regions
FN:305,_RNvXs_NtCs1dWY6dhYpFc_13netbox_client6clientNtB4_12NetBoxClientNtNtB6_12netbox_trait17NetBoxClientTrait13query_tenants
FN:160,_RNvXs_NtCs1dWY6dhYpFc_13netbox_client6clientNtB4_12NetBoxClientNtNtB6_12netbox_trait17NetBoxClientTrait13update_device
FN:99,_RNvXs_NtCs1dWY6dhYpFc_13netbox_client6clientNtB4_12NetBoxClientNtNtB6_12netbox_trait17NetBoxClientTrait13update_prefix
FN:317,_RNvXs_NtCs1dWY6dhYpFc_13netbox_client6clientNtB4_12NetBoxClientNtNtB6_12netbox_trait17NetBoxClientTrait13update_tenant
FN:71,_RNvXs_NtCs1dWY6dhYpFc_13netbox_client6clientNtB4_12NetBoxClientNtNtB6_12netbox_trait17NetBoxClientTrait14get_ip_address
FN:228,_RNvXs_NtCs1dWY6dhYpFc_13netbox_client6clientNtB4_12NetBoxClientNtNtB6_12netbox_trait17NetBoxClientTrait14get_site_group
FN:79,_RNvXs_NtCs1dWY6dhYpFc_13netbox_client6clientNtB4_12NetBoxClientNtNtB6_12netbox_trait17NetBoxClientTrait14query_prefixes
FN:54,_RNvXs_NtCs1dWY6dhYpFc_13netbox_client6clientNtB4_12NetBoxClientNtNtB6_12netbox_trait17NetBoxClientTrait14validate_token
FN:252,_RNvXs_NtCs1dWY6dhYpFc_13netbox_client6clientNtB4_12NetBoxClientNtNtB6_12netbox_trait17NetBoxClientTrait15create_location
FN:288,_RNvXs_NtCs1dWY6dhYpFc_13netbox_client6clientNtB4_12NetBoxClientNtNtB6_12netbox_trait17NetBoxClientTrait15create_platform
FN:119,_RNvXs_NtCs1dWY6dhYpFc_13netbox_client6clientNtB4_12NetBoxClientNtNtB6_12netbox_trait17NetBoxClientTrait15get_rir_by_name
FN:240,_RNvXs_NtCs1dWY6dhYpFc_13netbox_client6clientNtB4_12NetBoxClientNtNtB6_12netbox_trait17NetBoxClientTrait15query_locations
FN:280,_RNvXs_NtCs1dWY6dhYpFc_13netbox_client6clientNtB4_12NetBoxClientNtNtB6_12netbox_trait17NetBoxClientTrait15query_platforms
FN:111,_RNvXs_NtCs1dWY6dhYpFc_13netbox_client6clientNtB4_12NetBoxClientNtNtB6_12netbox_trait17NetBoxClientTrait16create_aggregate
FN:172,_RNvXs_NtCs1dWY6dhYpFc_13netbox_client6clientNtB4_12NetBoxClientNtNtB6_12netbox_trait17NetBoxClientTrait16create_interface
FN:103,_RNvXs_NtCs1dWY6dhYpFc_13netbox_client6clientNtB4_12NetBoxClientNtNtB6_12netbox_trait17NetBoxClientTrait16query_aggregates
FN:164,_RNvXs_NtCs1dWY6dhYpFc_13netbox_client6clientNtB4_12NetBoxClientNtNtB6_12netbox_trait17NetBoxClientTrait16query_interfaces
FN:176,_RNvXs_NtCs1dWY6dhYpFc_13netbox_client6clientNtB4_12NetBoxClientNtNtB6_12netbox_trait17NetBoxClientTrait16update_interface
FN:83,_RNvXs_NtCs1dWY6dhYpFc_13netbox_client6clientNtB4_12NetBoxClientNtNtB6_12netbox_trait17NetBoxClientTrait17create_ip_address
FN:236,_RNvXs_NtCs1dWY6dhYpFc_13netbox_client6clientNtB4_12NetBoxClientNtNtB6_12netbox_trait17NetBoxClientTrait17create_site_group
FN:91,_RNvXs_NtCs1dWY6dhYpFc_13netbox_client6clientNtB4_12NetBoxClientNtNtB6_12netbox_trait17NetBoxClientTrait17delete_ip_address
FN:63,_RNvXs_NtCs1dWY6dhYpFc_13netbox_client6clientNtB4_12NetBoxClientNtNtB6_12netbox_trait17NetBoxClientTrait17get_available_ips
FN:152,_RNvXs_NtCs1dWY6dhYpFc_13netbox_client6clientNtB4_12NetBoxClientNtNtB6_12netbox_trait17NetBoxClientTrait17get_device_by_mac
FN:224,_RNvXs_NtCs1dWY6dhYpFc_13netbox_client6clientNtB4_12NetBoxClientNtNtB6_12netbox_trait17NetBoxClientTrait17query_site_groups
FN:87,_RNvXs_NtCs1dWY6dhYpFc_13netbox_client6clientNtB4_12NetBoxClientNtNtB6_12netbox_trait17NetBoxClientTrait17update_ip_address
FN:264,_RNvXs_NtCs1dWY6dhYpFc_13netbox_client6clientNtB4_12NetBoxClientNtNtB6_12netbox_trait17NetBoxClientTrait18create_device_role
FN:300,_RNvXs_NtCs1dWY6dhYpFc_13netbox_client6clientNtB4_12NetBoxClientNtNtB6_12netbox_trait17NetBoxClientTrait18create_device_type
FN:188,_RNvXs_NtCs1dWY6dhYpFc_13netbox_client6clientNtB4_12NetBoxClientNtNtB6_12netbox_trait17NetBoxClientTrait18create_mac_address
FN:216,_RNvXs_NtCs1dWY6dhYpFc_13netbox_client6clientNtB4_12NetBoxClientNtNtB6_12netbox_trait17NetBoxClientTrait18get_region_by_name
FN:256,_RNvXs_NtCs1dWY6dhYpFc_13netbox_client6clientNtB4_12NetBoxClientNtNtB6_12netbox_trait17NetBoxClientTrait18query_device_roles
FN:292,_RNvXs_NtCs1dWY6dhYpFc_13netbox_client6clientNtB4_12NetBoxClientNtNtB6_12netbox_trait17NetBoxClientTrait18query_device_types
FN:75,_RNvXs_NtCs1dWY6dhYpFc_13netbox_client6clientNtB4_12NetBoxClientNtNtB6_12netbox_trait17NetBoxClientTrait18query_ip_addresses
FN:276,_RNvXs_NtCs1dWY6dhYpFc_13netbox_client6clientNtB4_12NetBoxClientNtNtB6_12netbox_trait17NetBoxClientTrait19create_manufacturer
FN:329,_RNvXs_NtCs1dWY6dhYpFc_13netbox_client6clientNtB4_12NetBoxClientNtNtB6_12netbox_trait17NetBoxClientTrait19create_tenant_group
FN:180,_RNvXs_NtCs1dWY6dhYpFc_13netbox_client6clientNtB4_12NetBoxClientNtNtB6_12netbox_trait17NetBoxClientTrait19query_mac_addresses
FN:268,_RNvXs_NtCs1dWY6dhYpFc_13netbox_client6clientNtB4_12NetBoxClientNtNtB6_12netbox_trait17NetBoxClientTrait19query_manufacturers
FN:321,_RNvXs_NtCs1dWY6dhYpFc_13netbox_client6clientNtB4_12NetBoxClientNtNtB6_12netbox_trait17NetBoxClientTrait19query_tenant_groups
FN:248,_RNvXs_NtCs1dWY6dhYpFc_13netbox_client6clientNtB4_12NetBoxClientNtNtB6_12netbox_trait17NetBoxClientTrait20get_location_by_name
FN:284,_RNvXs_NtCs1dWY6dhYpFc_13netbox_client6clientNtB4_12NetBoxClientNtNtB6_12netbox_trait17NetBoxClientTrait20get_platform_by_name
FN:232,_RNvXs_NtCs1dWY6dhYpFc_13netbox_client6clientNtB4_12NetBoxClientNtNtB6_12netbox_trait17NetBoxClientTrait22get_site_group_by_name
FN:260,_RNvXs_NtCs1dWY6dhYpFc_13netbox_client6clientNtB4_12NetBoxClientNtNtB6_12netbox_trait17NetBoxClientTrait23get_device_role_by_name
FN:296,_RNvXs_NtCs1dWY6dhYpFc_13netbox_client6clientNtB4_12NetBoxClientNtNtB6_12netbox_trait17NetBoxClientTrait24get_device_type_by_model
FN:272,_RNvXs_NtCs1dWY6dhYpFc_13netbox_client6clientNtB4_12NetBoxClientNtNtB6_12netbox_trait17NetBoxClientTrait24get_manufacturer_by_name
FN:325,_RNvXs_NtCs1dWY6dhYpFc_13netbox_client6clientNtB4_12NetBoxClientNtNtB6_12netbox_trait17NetBoxClientTrait24get_tenant_group_by_name
FN:184,_RNvXs_NtCs1dWY6dhYpFc_13netbox_client6clientNtB4_12NetBoxClientNtNtB6_12netbox_trait17NetBoxClientTrait26get_mac_address_by_address
FN:350,_RNvXs_NtCs1dWY6dhYpFc_13netbox_client6clientNtB4_12NetBoxClientNtNtB6_12netbox_trait17NetBoxClientTrait7get_tag
FN:50,_RNvXs_NtCs1dWY6dhYpFc_13netbox_client6clientNtB4_12NetBoxClientNtNtB6_12netbox_trait17NetBoxClientTrait8base_url
FN:338,_RNvXs_NtCs1dWY6dhYpFc_13netbox_client6clientNtB4_12NetBoxClientNtNtB6_12netbox_trait17NetBoxClientTrait8get_role
FN:196,_RNvXs_NtCs1dWY6dhYpFc_13netbox_client6clientNtB4_12NetBoxClientNtNtB6_12netbox_trait17NetBoxClientTrait8get_site
FN:139,_RNvXs_NtCs1dWY6dhYpFc_13netbox_client6clientNtB4_12NetBoxClientNtNtB6_12netbox_trait17NetBoxClientTrait8get_vlan
FNDA:0,_RNCNCNvXs_NtCs1dWY6dhYpFc_13netbox_client6clientNtB8_12NetBoxClientNtNtBa_12netbox_trait17NetBoxClientTrait11create_site00Ba_
FNDA:0,_RNCNCNvXs_NtCs1dWY6dhYpFc_13netbox_client6clientNtB8_12NetBoxClientNtNtBa_12netbox_trait17NetBoxClientTrait11create_site0s0_0Ba_
FNDA:0,_RNCNCNvXs_NtCs1dWY6dhYpFc_13netbox_client6clientNtB8_12NetBoxClientNtNtBa_12netbox_trait17NetBoxClientTrait11create_site0s_0Ba_
FNDA:0,_RNCNCNvXs_NtCs1dWY6dhYpFc_13netbox_client6clientNtB8_12NetBoxClientNtNtBa_12netbox_trait17NetBoxClientTrait11update_vlan00Ba_
FNDA:0,_RNCNCNvXs_NtCs1dWY6dhYpFc_13netbox_client6clientNtB8_12NetBoxClientNtNtBa_12netbox_trait17NetBoxClientTrait11update_vlan0s0_0Ba_
FNDA:0,_RNCNCNvXs_NtCs1dWY6dhYpFc_13netbox_client6clientNtB8_12NetBoxClientNtNtBa_12netbox_trait17NetBoxClientTrait11update_vlan0s1_0Ba_
FNDA:0,_RNCNCNvXs_NtCs1dWY6dhYpFc_13netbox_client6clientNtB8_12NetBoxClientNtNtBa_12netbox_trait17NetBoxClientTrait11update_vlan0s_0Ba_
FNDA:0,_RNCNCNvXs_NtCs1dWY6dhYpFc_13netbox_client6clientNtB8_12NetBoxClientNtNtBa_12netbox_trait17NetBoxClientTrait13create_prefix00Ba_
FNDA:0,_RNCNCNvXs_NtCs1dWY6dhYpFc_13netbox_client6clientNtB8_12NetBoxClientNtNtBa_12netbox_trait17NetBoxClientTrait13create_prefix0s0_0Ba_
FNDA:0,_RNCNCNvXs_NtCs1dWY6dhYpFc_13netbox_client6clientNtB8_12NetBoxClientNtNtBa_12netbox_trait17NetBoxClientTrait13create_prefix0s1_0Ba_
FNDA:0,_RNCNCNvXs_NtCs1dWY6dhYpFc_13netbox_client6clientNtB8_12NetBoxClientNtNtBa_12netbox_trait17NetBoxClientTrait13create_prefix0s_0Ba_
FNDA:0,_RNCNCNvXs_NtCs1dWY6dhYpFc_13netbox_client6clientNtB8_12NetBoxClientNtNtBa_12netbox_trait17NetBoxClientTrait13create_tenant00Ba_
FNDA:0,_RNCNCNvXs_NtCs1dWY6dhYpFc_13netbox_client6clientNtB8_12NetBoxClientNtNtBa_12netbox_trait17NetBoxClientTrait13update_device00Ba_
FNDA:0,_RNCNCNvXs_NtCs1dWY6dhYpFc_13netbox_client6clientNtB8_12NetBoxClientNtNtBa_12netbox_trait17NetBoxClientTrait13update_device0s0_0Ba_
FNDA:0,_RNCNCNvXs_NtCs1dWY6dhYpFc_13netbox_client6clientNtB8_12NetBoxClientNtNtBa_12netbox_trait17NetBoxClientTrait13update_device0s1_0Ba_
FNDA:0,_RNCNCNvXs_NtCs1dWY6dhYpFc_13netbox_client6clientNtB8_12NetBoxClientNtNtBa_12netbox_trait17NetBoxClientTrait13update_device0s2_0Ba_
FNDA:0,_RNCNCNvXs_NtCs1dWY6dhYpFc_13netbox_client6clientNtB8_12NetBoxClientNtNtBa_12netbox_trait17NetBoxClientTrait13update_device0s_0Ba_
FNDA:0,_RNCNCNvXs_NtCs1dWY6dhYpFc_13netbox_client6clientNtB8_12NetBoxClientNtNtBa_12netbox_trait17NetBoxClientTrait13update_tenant00Ba_
FNDA:0,_RNCNvMNtCs1dWY6dhYpFc_13netbox_client6clientNtB4_12NetBoxClient14validate_token0B6_
FNDA:0,_RNvMNtCs1dWY6dhYpFc_13netbox_client6clientNtB2_12NetBoxClient14validate_token
FNDA:0,_RNvMNtCs1dWY6dhYpFc_13netbox_client6clientNtB2_12NetBoxClient3new
FNDA:0,_RNvMNtCs1dWY6dhYpFc_13netbox_client6clientNtB2_12NetBoxClient8base_url
FNDA:0,_RNvXs_NtCs1dWY6dhYpFc_13netbox_client6clientNtB4_12NetBoxClientNtNtB6_12netbox_trait17NetBoxClientTrait10create_rir
FNDA:0,_RNvXs_NtCs1dWY6dhYpFc_13netbox_client6clientNtB4_12NetBoxClientNtNtB6_12netbox_trait17NetBoxClientTrait10create_tag
FNDA:0,_RNvXs_NtCs1dWY6dhYpFc_13netbox_client6clientNtB4_12NetBoxClientNtNtB6_12netbox_trait17NetBoxClientTrait10get_device
FNDA:0,_RNvXs_NtCs1dWY6dhYpFc_13netbox_client6clientNtB4_12NetBoxClientNtNtB6_12netbox_trait17NetBoxClientTrait10get_prefix
FNDA:0,_RNvXs_NtCs1dWY6dhYpFc_13netbox_client6clientNtB4_12NetBoxClientNtNtB6_12netbox_trait17NetBoxClientTrait10get_region
FNDA:0,_RNvXs_NtCs1dWY6dhYpFc_13netbox_client6clientNtB4_12NetBoxClientNtNtB6_12netbox_trait17NetBoxClientTrait10get_tenant
FNDA:0,_RNvXs_NtCs1dWY6dhYpFc_13netbox_client6clientNtB4_12NetBoxClientNtNtB6_12netbox_trait17NetBoxClientTrait10query_rirs
FNDA:0,_RNvXs_NtCs1dWY6dhYpFc_13netbox_client6clientNtB4_12NetBoxClientNtNtB6_12netbox_trait17NetBoxClientTrait10query_tags
FNDA:0,_RNvXs_NtCs1dWY6dhYpFc_13netbox_client6clientNtB4_12NetBoxClientNtNtB6_12netbox_trait17NetBoxClientTrait11allocate_ip
FNDA:0,_RNvXs_NtCs1dWY6dhYpFc_13netbox_client6clientNtB4_12NetBoxClientNtNtB6_12netbox_trait17NetBoxClientTrait11create_role
FNDA:0,_RNvXs_NtCs1dWY6dhYpFc_13netbox_client6clientNtB4_12NetBoxClientNtNtB6_12netbox_trait17NetBoxClientTrait11create_site
FNDA:0,_RNvXs_NtCs1dWY6dhYpFc_13netbox_client6clientNtB4_12NetBoxClientNtNtB6_12netbox_trait17NetBoxClientTrait11create_vlan
FNDA:0,_RNvXs_NtCs1dWY6dhYpFc_13netbox_client6clientNtB4_12NetBoxClientNtNtB6_12netbox_trait17NetBoxClientTrait11query_roles
FNDA:0,_RNvXs_NtCs1dWY6dhYpFc_13netbox_client6clientNtB4_12NetBoxClientNtNtB6_12netbox_trait17NetBoxClientTrait11query_sites
FNDA:0,_RNvXs_NtCs1dWY6dhYpFc_13netbox_client6clientNtB4_12NetBoxClientNtNtB6_12netbox_trait17NetBoxClientTrait11query_vlans
FNDA:0,_RNvXs_NtCs1dWY6dhYpFc_13netbox_client6clientNtB4_12NetBoxClientNtNtB6_12netbox_trait17NetBoxClientTrait11update_site
FNDA:0,_RNvXs_NtCs1dWY6dhYpFc_13netbox_client6clientNtB4_12NetBoxClientNtNtB6_12netbox_trait17NetBoxClientTrait11update_vlan
FNDA:0,_RNvXs_NtCs1dWY6dhYpFc_13netbox_client6clientNtB4_12NetBoxClientNtNtB6_12netbox_trait17NetBoxClientTrait12get_location
FNDA:0,_RNvXs_NtCs1dWY6dhYpFc_13netbox_client6clientNtB4_12NetBoxClientNtNtB6_12netbox_trait17NetBoxClientTrait13create_device
FNDA:0,_RNvXs_NtCs1dWY6dhYpFc_13netbox_client6clientNtB4_12NetBoxClientNtNtB6_12netbox_trait17NetBoxClientTrait13create_prefix
FNDA:0,_RNvXs_NtCs1dWY6dhYpFc_13netbox_client6clientNtB4_12NetBoxClientNtNtB6_12netbox_trait17NetBoxClientTrait13create_region
FNDA:0,_RNvXs_NtCs1dWY6dhYpFc_13netbox_client6clientNtB4_12NetBoxClientNtNtB6_12netbox_trait17NetBoxClientTrait13create_tenant
FNDA:0,_RNvXs_NtCs1dWY6dhYpFc_13netbox_client6clientNtB4_12NetBoxClientNtNtB6_12netbox_trait17NetBoxClientTrait13get_aggregate
FNDA:0,_RNvXs_NtCs1dWY6dhYpFc_13netbox_client6clientNtB4_12NetBoxClientNtNtB6_12netbox_trait17NetBoxClientTrait13get_interface
FNDA:0,_RNvXs_NtCs1dWY6dhYpFc_13netbox_client6clientNtB4_12NetBoxClientNtNtB6_12netbox_trait17NetBoxClientTrait13query_devices
FNDA:0,_RNvXs_NtCs1dWY6dhYpFc_13netbox_client6clientNtB4_12NetBoxClientNtNtB6_12netbox_trait17NetBoxClientTrait13query_regions
FNDA:0,_RNvXs_NtCs1dWY6dhYpFc_13netbox_client6clientNtB4_12NetBoxClientNtNtB6_12netbox_trait17NetBoxClientTrait13query_tenants
FNDA:0,_RNvXs_NtCs1dWY6dhYpFc_13netbox_client6clientNtB4_12NetBoxClientNtNtB6_12netbox_trait17NetBoxClientTrait13update_device
FNDA:0,_RNvXs_NtCs1dWY6dhYpFc_13netbox_client6clientNtB4_12NetBoxClientNtNtB6_12netbox_trait17NetBoxClientTrait13update_prefix
FNDA:0,_RNvXs_NtCs1dWY6dhYpFc_13netbox_client6clientNtB4_12NetBoxClientNtNtB6_12netbox_trait17NetBoxClientTrait13update_tenant
FNDA:0,_RNvXs_NtCs1dWY6dhYpFc_13netbox_client6clientNtB4_12NetBoxClientNtNtB6_12netbox_trait17NetBoxClientTrait14get_ip_address
FNDA:0,_RNvXs_NtCs1dWY6dhYpFc_13netbox_client6clientNtB4_12NetBoxClientNtNtB6_12netbox_trait17NetBoxClientTrait14get_site_group
FNDA:0,_RNvXs_NtCs1dWY6dhYpFc_13netbox_client6clientNtB4_12NetBoxClientNtNtB6_12netbox_trait17NetBoxClientTrait14query_prefixes
FNDA:0,_RNvXs_NtCs1dWY6dhYpFc_13netbox_client6clientNtB4_12NetBoxClientNtNtB6_12netbox_trait17NetBoxClientTrait14validate_token
FNDA:0,_RNvXs_NtCs1dWY6dhYpFc_13netbox_client6clientNtB4_12NetBoxClientNtNtB6_12netbox_trait17NetBoxClientTrait15create_location
FNDA:0,_RNvXs_NtCs1dWY6dhYpFc_13netbox_client6clientNtB4_12NetBoxClientNtNtB6_12netbox_trait17NetBoxClientTrait15create_platform
FNDA:0,_RNvXs_NtCs1dWY6dhYpFc_13netbox_client6clientNtB4_12NetBoxClientNtNtB6_12netbox_trait17NetBoxClientTrait15get_rir_by_name
FNDA:0,_RNvXs_NtCs1dWY6dhYpFc_13netbox_client6clientNtB4_12NetBoxClientNtNtB6_12netbox_trait17NetBoxClientTrait15query_locations
FNDA:0,_RNvXs_NtCs1dWY6dhYpFc_13netbox_client6clientNtB4_12NetBoxClientNtNtB6_12netbox_trait17NetBoxClientTrait15query_platforms
FNDA:0,_RNvXs_NtCs1dWY6dhYpFc_13netbox_client6clientNtB4_12NetBoxClientNtNtB6_12netbox_trait17NetBoxClientTrait16create_aggregate
FNDA:0,_RNvXs_NtCs1dWY6dhYpFc_13netbox_client6clientNtB4_12NetBoxClientNtNtB6_12netbox_trait17NetBoxClientTrait16create_interface
FNDA:0,_RNvXs_NtCs1dWY6dhYpFc_13netbox_client6clientNtB4_12NetBoxClientNtNtB6_12netbox_trait17NetBoxClientTrait16query_aggregates
FNDA:0,_RNvXs_NtCs1dWY6dhYpFc_13netbox_client6clientNtB4_12NetBoxClientNtNtB6_12netbox_trait17NetBoxClientTrait16query_interfaces
FNDA:0,_RNvXs_NtCs1dWY6dhYpFc_13netbox_client6clientNtB4_12NetBoxClientNtNtB6_12netbox_trait17NetBoxClientTrait16update_interface
FNDA:0,_RNvXs_NtCs1dWY6dhYpFc_13netbox_client6clientNtB4_12NetBoxClientNtNtB6_12netbox_trait17NetBoxClientTrait17create_ip_address
FNDA:0,_RNvXs_NtCs1dWY6dhYpFc_13netbox_client6clientNtB4_12NetBoxClientNtNtB6_12netbox_trait17NetBoxClientTrait17create_site_group
FNDA:0,_RNvXs_NtCs1dWY6dhYpFc_13netbox_client6clientNtB4_12NetBoxClientNtNtB6_12netbox_trait17NetBoxClientTrait17delete_ip_address
FNDA:0,_RNvXs_NtCs1dWY6dhYpFc_13netbox_client6clientNtB4_12NetBoxClientNtNtB6_12netbox_trait17NetBoxClientTrait17get_available_ips
FNDA:0,_RNvXs_NtCs1dWY6dhYpFc_13netbox_client6clientNtB4_12NetBoxClientNtNtB6_12netbox_trait17NetBoxClientTrait17get_device_by_mac
FNDA:0,_RNvXs_NtCs1dWY6dhYpFc_13netbox_client6clientNtB4_12NetBoxClientNtNtB6_12netbox_trait17NetBoxClientTrait17query_site_groups
FNDA:0,_RNvXs_NtCs1dWY6dhYpFc_13netbox_client6clientNtB4_12NetBoxClientNtNtB6_12netbox_trait17NetBoxClientTrait17update_ip_address
FNDA:0,_RNvXs_NtCs1dWY6dhYpFc_13netbox_client6clientNtB4_12NetBoxClientNtNtB6_12netbox_trait17NetBoxClientTrait18create_device_role
FNDA:0,_RNvXs_NtCs1dWY6dhYpFc_13netbox_client6clientNtB4_12NetBoxClientNtNtB6_12netbox_trait17NetBoxClientTrait18create_device_type
FNDA:0,_RNvXs_NtCs1dWY6dhYpFc_13netbox_client6clientNtB4_12NetBoxClientNtNtB6_12netbox_trait17NetBoxClientTrait18create_mac_address
FNDA:0,_RNvXs_NtCs1dWY6dhYpFc_13netbox_client6clientNtB4_12NetBoxClientNtNtB6_12netbox_trait17NetBoxClientTrait18get_region_by_name
FNDA:0,_RNvXs_NtCs1dWY6dhYpFc_13netbox_client6clientNtB4_12NetBoxClientNtNtB6_12netbox_trait17NetBoxClientTrait18query_device_roles
FNDA:0,_RNvXs_NtCs1dWY6dhYpFc_13netbox_client6clientNtB4_12NetBoxClientNtNtB6_12netbox_trait17NetBoxClientTrait18query_device_types
FNDA:0,_RNvXs_NtCs1dWY6dhYpFc_13netbox_client6clientNtB4_12NetBoxClientNtNtB6_12netbox_trait17NetBoxClientTrait18query_ip_addresses
FNDA:0,_RNvXs_NtCs1dWY6dhYpFc_13netbox_client6clientNtB4_12NetBoxClientNtNtB6_12netbox_trait17NetBoxClientTrait19create_manufacturer
FNDA:0,_RNvXs_NtCs1dWY6dhYpFc_13netbox_client6clientNtB4_12NetBoxClientNtNtB6_12netbox_trait17NetBoxClientTrait19create_tenant_group
FNDA:0,_RNvXs_NtCs1dWY6dhYpFc_13netbox_client6clientNtB4_12NetBoxClientNtNtB6_12netbox_trait17NetBoxClientTrait19query_mac_addresses
FNDA:0,_RNvXs_NtCs1dWY6dhYpFc_13netbox_client6clientNtB4_12NetBoxClientNtNtB6_12netbox_trait17NetBoxClientTrait19query_manufacturers
FNDA:0,_RNvXs_NtCs1dWY6dhYpFc_13netbox_client6clientNtB4_12NetBoxClientNtNtB6_12netbox_trait17NetBoxClientTrait19query_tenant_groups
FNDA:0,_RNvXs_NtCs1dWY6dhYpFc_13netbox_client6clientNtB4_12NetBoxClientNtNtB6_12netbox_trait17NetBoxClientTrait20get_location_by_name
FNDA:0,_RNvXs_NtCs1dWY6dhYpFc_13netbox_client6clientNtB4_12NetBoxClientNtNtB6_12netbox_trait17NetBoxClientTrait20get_platform_by_name
FNDA:0,_RNvXs_NtCs1dWY6dhYpFc_13netbox_client6clientNtB4_12NetBoxClientNtNtB6_12netbox_trait17NetBoxClientTrait22get_site_group_by_name
FNDA:0,_RNvXs_NtCs1dWY6dhYpFc_13netbox_client6clientNtB4_12NetBoxClientNtNtB6_12netbox_trait17NetBoxClientTrait23get_device_role_by_name
FNDA:0,_RNvXs_NtCs1dWY6dhYpFc_13netbox_client6clientNtB4_12NetBoxClientNtNtB6_12netbox_trait17NetBoxClientTrait24get_device_type_by_model
FNDA:0,_RNvXs_NtCs1dWY6dhYpFc_13netbox_client6clientNtB4_12NetBoxClientNtNtB6_12netbox_trait17NetBoxClientTrait24get_manufacturer_by_name
FNDA:0,_RNvXs_NtCs1dWY6dhYpFc_13netbox_client6clientNtB4_12NetBoxClientNtNtB6_12netbox_trait17NetBoxClientTrait24get_tenant_group_by_name
FNDA:0,_RNvXs_NtCs1dWY6dhYpFc_13netbox_client6clientNtB4_12NetBoxClientNtNtB6_12netbox_trait17NetBoxClientTrait26get_mac_address_by_address
FNDA:0,_RNvXs_NtCs1dWY6dhYpFc_13netbox_client6clientNtB4_12NetBoxClientNtNtB6_12netbox_trait17NetBoxClientTrait7get_tag
FNDA:0,_RNvXs_NtCs1dWY6dhYpFc_13netbox_client6clientNtB4_12NetBoxClientNtNtB6_12netbox_trait17NetBoxClientTrait8base_url
FNDA:0,_RNvXs_NtCs1dWY6dhYpFc_13netbox_client6clientNtB4_12NetBoxClientNtNtB6_12netbox_trait17NetBoxClientTrait8get_role
FNDA:0,_RNvXs_NtCs1dWY6dhYpFc_13netbox_client6clientNtB4_12NetBoxClientNtNtB6_12netbox_trait17NetBoxClientTrait8get_site
FNDA:0,_RNvXs_NtCs1dWY6dhYpFc_13netbox_client6clientNtB4_12NetBoxClientNtNtB6_12netbox_trait17NetBoxClientTrait8get_vlan
FNF:98
FNH:0
DA:30,0
DA:31,0
DA:32,0
DA:33,0
DA:36,0
DA:37,0
DA:38,0
DA:41,0
DA:42,0
DA:43,0
DA:50,0
DA:51,0
DA:52,0
DA:54,0
DA:56,0
DA:59,0
DA:61,0
DA:63,0
DA:65,0
DA:67,0
DA:69,0
DA:71,0
DA:73,0
DA:75,0
DA:77,0
DA:79,0
DA:81,0
DA:83,0
DA:85,0
DA:87,0
DA:89,0
DA:91,0
DA:93,0
DA:95,0
DA:96,0
DA:97,0
DA:99,0
DA:101,0
DA:103,0
DA:105,0
DA:107,0
DA:109,0
DA:111,0
DA:113,0
DA:115,0
DA:117,0
DA:119,0
DA:121,0
DA:123,0
DA:125,0
DA:127,0
DA:129,0
DA:131,0
DA:132,0
DA:133,0
DA:135,0
DA:137,0
DA:139,0
DA:141,0
DA:144,0
DA:146,0
DA:148,0
DA:150,0
DA:152,0
DA:154,0
DA:156,0
DA:158,0
DA:160,0
DA:161,0
DA:162,0
DA:164,0
DA:166,0
DA:168,0
DA:170,0
DA:172,0
DA:174,0
DA:176,0
DA:178,0
DA:180,0
DA:182,0
DA:184,0
DA:186,0
DA:188,0
DA:190,0
DA:192,0
DA:194,0
DA:196,0
DA:198,0
DA:200,0
DA:201,0
DA:202,0
DA:204,0
DA:206,0
DA:208,0
DA:210,0
DA:212,0
DA:214,0
DA:216,0
DA:218,0
DA:220,0
DA:222,0
DA:224,0
DA:226,0
DA:228,0
DA:230,0
DA:232,0
DA:234,0
DA:236,0
DA:238,0
DA:240,0
DA:242,0
DA:244,0
DA:246,0
DA:248,0
DA:250,0
DA:252,0
DA:254,0
DA:256,0
DA:258,0
DA:260,0
DA:262,0
DA:264,0
DA:266,0
DA:268,0
DA:270,0
DA:272,0
DA:274,0
DA:276,0
DA:278,0
DA:280,0
DA:282,0
DA:284,0
DA:286,0
DA:288,0
DA:290,0
DA:292,0
DA:294,0
DA:296,0
DA:298,0
DA:300,0
DA:302,0
DA:305,0
DA:307,0
DA:309,0
DA:311,0
DA:313,0
DA:314,0
DA:315,0
DA:317,0
DA:318,0
DA:319,0
DA:321,0
DA:323,0
DA:325,0
DA:327,0
DA:329,0
DA:331,0
DA:334,0
DA:336,0
DA:338,0
DA:340,0
DA:342,0
DA:344,0
DA:346,0
DA:348,0
DA:350,0
DA:352,0
DA:354,0
DA:356,0
BRF:0
BRH:0
LF:182
LH:0
end_of_record
SF:/Users/casibbald/Workspace/microscaler/DCops/crates/netbox-client/src/common/mod.rs
FN:63,_RINvMNtCs1dWY6dhYpFc_13netbox_client6commonNtB3_10HttpClient15fetch_all_pagespEB5_
FN:111,_RINvMNtCs1dWY6dhYpFc_13netbox_client6commonNtB3_10HttpClient3getpEB5_
FN:147,_RINvMNtCs1dWY6dhYpFc_13netbox_client6commonNtB3_10HttpClient4postpEB5_
FN:178,_RINvMNtCs1dWY6dhYpFc_13netbox_client6commonNtB3_10HttpClient5patchpEB5_
FN:66,_RNCINvMNtCs1dWY6dhYpFc_13netbox_client6commonNtB5_10HttpClient15fetch_all_pagespE0B7_
FN:114,_RNCINvMNtCs1dWY6dhYpFc_13netbox_client6commonNtB5_10HttpClient3getpE0B7_
FN:151,_RNCINvMNtCs1dWY6dhYpFc_13netbox_client6commonNtB5_10HttpClient4postpE0B7_
FN:182,_RNCINvMNtCs1dWY6dhYpFc_13netbox_client6commonNtB5_10HttpClient5patchpE0B7_
FN:90,_RNCNCINvMNtCs1dWY6dhYpFc_13netbox_client6commonNtB7_10HttpClient15fetch_all_pagespE00B9_
FN:240,_RNCNvMNtCs1dWY6dhYpFc_13netbox_client6commonNtB4_10HttpClient18build_query_string0B6_
FN:209,_RNCNvMNtCs1dWY6dhYpFc_13netbox_client6commonNtB4_10HttpClient6delete0B6_
FN:53,_RNvMNtCs1dWY6dhYpFc_13netbox_client6commonNtB2_10HttpClient11auth_header
FN:234,_RNvMNtCs1dWY6dhYpFc_13netbox_client6commonNtB2_10HttpClient18build_query_string
FN:30,_RNvMNtCs1dWY6dhYpFc_13netbox_client6commonNtB2_10HttpClient3new
FN:58,_RNvMNtCs1dWY6dhYpFc_13netbox_client6commonNtB2_10HttpClient6client
FN:209,_RNvMNtCs1dWY6dhYpFc_13netbox_client6commonNtB2_10HttpClient6delete
FN:39,_RNvMNtCs1dWY6dhYpFc_13netbox_client6commonNtB2_10HttpClient8base_url
FN:44,_RNvMNtCs1dWY6dhYpFc_13netbox_client6commonNtB2_10HttpClient9build_url
FNDA:0,_RINvMNtCs1dWY6dhYpFc_13netbox_client6commonNtB3_10HttpClient15fetch_all_pagespEB5_
FNDA:0,_RINvMNtCs1dWY6dhYpFc_13netbox_client6commonNtB3_10HttpClient3getpEB5_
FNDA:0,_RINvMNtCs1dWY6dhYpFc_13netbox_client6commonNtB3_10HttpClient4postpEB5_
FNDA:0,_RINvMNtCs1dWY6dhYpFc_13netbox_client6commonNtB3_10HttpClient5patchpEB5_
FNDA:0,_RNCINvMNtCs1dWY6dhYpFc_13netbox_client6commonNtB5_10HttpClient15fetch_all_pagespE0B7_
FNDA:0,_RNCINvMNtCs1dWY6dhYpFc_13netbox_client6commonNtB5_10HttpClient3getpE0B7_
FNDA:0,_RNCINvMNtCs1dWY6dhYpFc_13netbox_client6commonNtB5_10HttpClient4postpE0B7_
FNDA:0,_RNCINvMNtCs1dWY6dhYpFc_13netbox_client6commonNtB5_10HttpClient5patchpE0B7_
FNDA:0,_RNCNCINvMNtCs1dWY6dhYpFc_13netbox_client6commonNtB7_10HttpClient15fetch_all_pagespE00B9_
FNDA:0,_RNCNvMNtCs1dWY6dhYpFc_13netbox_client6commonNtB4_10HttpClient18build_query_string0B6_
FNDA:0,_RNCNvMNtCs1dWY6dhYpFc_13netbox_client6commonNtB4_10HttpClient6delete0B6_
FNDA:0,_RNvMNtCs1dWY6dhYpFc_13netbox_client6commonNtB2_10HttpClient11auth_header
FNDA:0,_RNvMNtCs1dWY6dhYpFc_13netbox_client6commonNtB2_10HttpClient18build_query_string
FNDA:0,_RNvMNtCs1dWY6dhYpFc_13netbox_client6commonNtB2_10HttpClient3new
FNDA:0,_RNvMNtCs1dWY6dhYpFc_13netbox_client6commonNtB2_10HttpClient6client
FNDA:0,_RNvMNtCs1dWY6dhYpFc_13netbox_client6commonNtB2_10HttpClient6delete
FNDA:0,_RNvMNtCs1dWY6dhYpFc_13netbox_client6commonNtB2_10HttpClient8base_url
FNDA:0,_RNvMNtCs1dWY6dhYpFc_13netbox_client6commonNtB2_10HttpClient9build_url
FNF:18
FNH:0
DA:30,0
DA:31,0
DA:32,0
DA:33,0
DA:34,0
DA:35,0
DA:36,0
DA:39,0
DA:40,0
DA:41,0
DA:44,0
DA:45,0
DA:46,0
DA:48,0
DA:50,0
DA:53,0
DA:54,0
DA:55,0
DA:58,0
DA:59,0
DA:60,0
DA:63,0
DA:64,0
DA:65,0
DA:66,0
DA:67,0
DA:70,0
DA:72,0
DA:73,0
DA:74,0
DA:75,0
DA:76,0
DA:77,0
DA:78,0
DA:80,0
DA:81,0
DA:82,0
DA:83,0
DA:84,0
DA:85,0
DA:86,0
DA:87,0
DA:89,0
DA:90,0
DA:91,0
DA:92,0
DA:93,0
DA:94,0
DA:95,0
DA:96,0
DA:97,0
DA:99,0
DA:100,0
DA:101,0
DA:102,0
DA:103,0
DA:107,0
DA:108,0
DA:111,0
DA:112,0
DA:113,0
DA:114,0
DA:115,0
DA:116,0
DA:118,0
DA:119,0
DA:120,0
DA:121,0
DA:122,0
DA:123,0
DA:124,0
DA:126,0
DA:127,0
DA:128,0
DA:129,0
DA:130,0
DA:131,0
DA:132,0
DA:133,0
DA:135,0
DA:136,0
DA:137,0
DA:138,0
DA:139,0
DA:140,0
DA:141,0
DA:143,0
DA:144,0
DA:147,0
DA:148,0
DA:149,0
DA:150,0
DA:151,0
DA:152,0
DA:153,0
DA:155,0
DA:156,0
DA:157,0
DA:158,0
DA:159,0
DA:160,0
DA:161,0
DA:162,0
DA:163,0
DA:165,0
DA:166,0
DA:167,0
DA:168,0
DA:169,0
DA:170,0
DA:171,0
DA:172,0
DA:174,0
DA:175,0
DA:178,0
DA:179,0
DA:180,0
DA:181,0
DA:182,0
DA:183,0
DA:184,0
DA:186,0
DA:187,0
DA:188,0
DA:189,0
DA:190,0
DA:191,0
DA:192,0
DA:193,0
DA:194,0
DA:196,0
DA:197,0
DA:198,0
DA:199,0
DA:200,0
DA:201,0
DA:202,0
DA:203,0
DA:205,0
DA:206,0
DA:209,0
DA:210,0
DA:211,0
DA:213,0
DA:214,0
DA:215,0
DA:216,0
DA:217,0
DA:218,0
DA:219,0
DA:221,0
DA:222,0
DA:223,0
DA:224,0
DA:225,0
DA:226,0
DA:227,0
DA:228,0
DA:230,0
DA:231,0
DA:234,0
DA:235,0
DA:236,0
DA:238,0
DA:239,0
DA:240,0
DA:241,0
DA:242,0
DA:244,0
BRF:0
BRH:0
LF:177
LH:0
end_of_record
SF:/Users/casibbald/Workspace/microscaler/DCops/crates/netbox-client/src/common/query.rs
FN:10,_RINvNtNtCs1dWY6dhYpFc_13netbox_client6common5query15query_resourcespEB6_
FN:15,_RNCINvNtNtCs1dWY6dhYpFc_13netbox_client6common5query15query_resourcespE0B8_
FNDA:0,_RINvNtNtCs1dWY6dhYpFc_13netbox_client6common5query15query_resourcespEB6_
FNDA:0,_RNCINvNtNtCs1dWY6dhYpFc_13netbox_client6common5query15query_resourcespE0B8_
FNF:2
FNH:0
DA:10,0
DA:11,0
DA:12,0
DA:13,0
DA:14,0
DA:15,0
DA:16,0
DA:18,0
DA:19,0
DA:20,0
DA:21,0
DA:23,0
DA:24,0
DA:26,0
DA:27,0
DA:29,0
BRF:0
BRH:0
LF:17
LH:0
end_of_record
SF:/Users/casibbald/Workspace/microscaler/DCops/crates/netbox-client/src/core/helpers.rs
FN:93,_RINvNtNtCs1dWY6dhYpFc_13netbox_client4core7helpers23add_optional_enum_fieldINtNtCsganj50Cd8Gx_5alloc3vec3VecNtNtCsbAeHcdLVwBE_10serde_json5value5ValueEEB6_
FN:93,_RINvNtNtCs1dWY6dhYpFc_13netbox_client4core7helpers23add_optional_enum_fieldNtNtB6_6models15IPAddressStatusEB6_
FN:75,_RINvNtNtCs1dWY6dhYpFc_13netbox_client4core7helpers25add_optional_number_fieldNtNtCsbAeHcdLVwBE_10serde_json6number6NumberEB6_
FN:75,_RINvNtNtCs1dWY6dhYpFc_13netbox_client4core7helpers25add_optional_number_fieldtEB6_
FN:96,_RNCINvNtNtCs1dWY6dhYpFc_13netbox_client4core7helpers23add_optional_enum_fieldINtNtCsganj50Cd8Gx_5alloc3vec3VecNtNtCsbAeHcdLVwBE_10serde_json5value5ValueEE0B8_
FN:96,_RNCINvNtNtCs1dWY6dhYpFc_13netbox_client4core7helpers23add_optional_enum_fieldNtNtB8_6models15IPAddressStatusE0B8_
FN:111,_RNCNvNtNtCs1dWY6dhYpFc_13netbox_client4core7helpers21add_tenant_for_create0B7_
FN:46,_RNvNtNtCs1dWY6dhYpFc_13netbox_client4core7helpers13generate_slug
FN:16,_RNvNtNtCs1dWY6dhYpFc_13netbox_client4core7helpers20add_nested_reference
FN:107,_RNvNtNtCs1dWY6dhYpFc_13netbox_client4core7helpers21add_tenant_for_create
FN:84,_RNvNtNtCs1dWY6dhYpFc_13netbox_client4core7helpers23add_optional_bool_field
FN:57,_RNvNtNtCs1dWY6dhYpFc_13netbox_client4core7helpers25add_optional_string_field
FN:26,_RNvNtNtCs1dWY6dhYpFc_13netbox_client4core7helpers29add_required_nested_reference
FN:66,_RNvNtNtCs1dWY6dhYpFc_13netbox_client4core7helpers31add_optional_string_field_owned
FN:34,_RNvNtNtCs1dWY6dhYpFc_13netbox_client4core7helpers29add_nullable_nested_reference
FNDA:0,_RINvNtNtCs1dWY6dhYpFc_13netbox_client4core7helpers23add_optional_enum_fieldINtNtCsganj50Cd8Gx_5alloc3vec3VecNtNtCsbAeHcdLVwBE_10serde_json5value5ValueEEB6_
FNDA:0,_RINvNtNtCs1dWY6dhYpFc_13netbox_client4core7helpers23add_optional_enum_fieldNtNtB6_6models15IPAddressStatusEB6_
FNDA:0,_RINvNtNtCs1dWY6dhYpFc_13netbox_client4core7helpers25add_optional_number_fieldNtNtCsbAeHcdLVwBE_10serde_json6number6NumberEB6_
FNDA:0,_RINvNtNtCs1dWY6dhYpFc_13netbox_client4core7helpers25add_optional_number_fieldtEB6_
FNDA:0,_RNCINvNtNtCs1dWY6dhYpFc_13netbox_client4core7helpers23add_optional_enum_fieldINtNtCsganj50Cd8Gx_5alloc3vec3VecNtNtCsbAeHcdLVwBE_10serde_json5value5ValueEE0B8_
FNDA:0,_RNCINvNtNtCs1dWY6dhYpFc_13netbox_client4core7helpers23add_optional_enum_fieldNtNtB8_6models15IPAddressStatusE0B8_
FNDA:0,_RNCNvNtNtCs1dWY6dhYpFc_13netbox_client4core7helpers21add_tenant_for_create0B7_
FNDA:0,_RNvNtNtCs1dWY6dhYpFc_13netbox_client4core7helpers13generate_slug
FNDA:0,_RNvNtNtCs1dWY6dhYpFc_13netbox_client4core7helpers20add_nested_reference
FNDA:0,_RNvNtNtCs1dWY6dhYpFc_13netbox_client4core7helpers21add_tenant_for_create
FNDA:0,_RNvNtNtCs1dWY6dhYpFc_13netbox_client4core7helpers23add_optional_bool_field
FNDA:0,_RNvNtNtCs1dWY6dhYpFc_13netbox_client4core7helpers25add_optional_string_field
FNDA:0,_RNvNtNtCs1dWY6dhYpFc_13netbox_client4core7helpers29add_required_nested_reference
FNDA:0,_RNvNtNtCs1dWY6dhYpFc_13netbox_client4core7helpers31add_optional_string_field_owned
FNDA:0,_RNvNtNtCs1dWY6dhYpFc_13netbox_client4core7helpers29add_nullable_nested_reference
FNF:12
FNH:0
DA:16,0
DA:17,0
DA:18,0
DA:19,0
DA:20,0
DA:21,0
DA:26,0
DA:27,0
DA:28,0
DA:29,0
DA:34,0
DA:35,0
DA:36,0
DA:37,0
DA:38,0
DA:39,0
DA:40,0
DA:41,0
DA:46,0
DA:47,0
DA:48,0
DA:50,0
DA:52,0
DA:57,0
DA:58,0
DA:59,0
DA:60,0
DA:61,0
DA:66,0
DA:67,0
DA:68,0
DA:69,0
DA:70,0
DA:75,0
DA:76,0
DA:77,0
DA:78,0
DA:79,0
DA:84,0
DA:85,0
DA:86,0
DA:87,0
DA:88,0
DA:93,0
DA:94,0
DA:95,0
DA:96,0
DA:97,0
DA:98,0
DA:99,0
DA:107,0
DA:108,0
DA:109,0
DA:110,0
DA:111,0
DA:112,0
DA:114,0
DA:115,0
DA:116,0
DA:117,0
DA:118,0
DA:119,0
DA:121,0
DA:123,0
DA:125,0
DA:126,0
DA:129,0
DA:130,0
BRF:0
BRH:0
LF:70
LH:0
end_of_record
SF:/Users/casibbald/Workspace/microscaler/DCops/crates/netbox-client/src/core/mod.rs
FN:61,_RNCNCNvMNtCs1dWY6dhYpFc_13netbox_client4coreNtB6_16NetBoxClientCore14validate_token00B8_
FN:50,_RNCNvMNtCs1dWY6dhYpFc_13netbox_client4coreNtB4_16NetBoxClientCore14validate_token0B6_
FN:33,_RNCNvMNtCs1dWY6dhYpFc_13netbox_client4coreNtB4_16NetBoxClientCore3new0B6_
FN:50,_RNvMNtCs1dWY6dhYpFc_13netbox_client4coreNtB2_16NetBoxClientCore14validate_token
FN:29,_RNvMNtCs1dWY6dhYpFc_13netbox_client4coreNtB2_16NetBoxClientCore3new
FN:150,_RNvMNtCs1dWY6dhYpFc_13netbox_client4coreNtB2_16NetBoxClientCore5token
FN:140,_RNvMNtCs1dWY6dhYpFc_13netbox_client4coreNtB2_16NetBoxClientCore6client
FN:145,_RNvMNtCs1dWY6dhYpFc_13netbox_client4coreNtB2_16NetBoxClientCore8base_url
FN:86,_RINvMNtCs1dWY6dhYpFc_13netbox_client4coreNtB3_16NetBoxClientCore15fetch_all_pagesNtNtB5_6models10DeviceRoleEB5_
FN:86,_RINvMNtCs1dWY6dhYpFc_13netbox_client4coreNtB3_16NetBoxClientCore15fetch_all_pagesNtNtB5_6models10DeviceTypeEB5_
FN:86,_RINvMNtCs1dWY6dhYpFc_13netbox_client4coreNtB3_16NetBoxClientCore15fetch_all_pagesNtNtB5_6models10MACAddressEB5_
FN:86,_RINvMNtCs1dWY6dhYpFc_13netbox_client4coreNtB3_16NetBoxClientCore15fetch_all_pagesNtNtB5_6models11TenantGroupEB5_
FN:86,_RINvMNtCs1dWY6dhYpFc_13netbox_client4coreNtB3_16NetBoxClientCore15fetch_all_pagesNtNtB5_6models12ManufacturerEB5_
FN:86,_RINvMNtCs1dWY6dhYpFc_13netbox_client4coreNtB3_16NetBoxClientCore15fetch_all_pagesNtNtB5_6models3RirEB5_
FN:86,_RINvMNtCs1dWY6dhYpFc_13netbox_client4coreNtB3_16NetBoxClientCore15fetch_all_pagesNtNtB5_6models3TagEB5_
FN:86,_RINvMNtCs1dWY6dhYpFc_13netbox_client4coreNtB3_16NetBoxClientCore15fetch_all_pagesNtNtB5_6models4RoleEB5_
FN:86,_RINvMNtCs1dWY6dhYpFc_13netbox_client4coreNtB3_16NetBoxClientCore15fetch_all_pagesNtNtB5_6models4SiteEB5_
FN:86,_RINvMNtCs1dWY6dhYpFc_13netbox_client4coreNtB3_16NetBoxClientCore15fetch_all_pagesNtNtB5_6models4VlanEB5_
FN:86,_RINvMNtCs1dWY6dhYpFc_13netbox_client4coreNtB3_16NetBoxClientCore15fetch_all_pagesNtNtB5_6models6DeviceEB5_
FN:86,_RINvMNtCs1dWY6dhYpFc_13netbox_client4coreNtB3_16NetBoxClientCore15fetch_all_pagesNtNtB5_6models6PrefixEB5_
FN:86,_RINvMNtCs1dWY6dhYpFc_13netbox_client4coreNtB3_16NetBoxClientCore15fetch_all_pagesNtNtB5_6models6RegionEB5_
FN:86,_RINvMNtCs1dWY6dhYpFc_13netbox_client4coreNtB3_16NetBoxClientCore15fetch_all_pagesNtNtB5_6models6TenantEB5_
FN:86,_RINvMNtCs1dWY6dhYpFc_13netbox_client4coreNtB3_16NetBoxClientCore15fetch_all_pagesNtNtB5_6models8LocationEB5_
FN:86,_RINvMNtCs1dWY6dhYpFc_13netbox_client4coreNtB3_16NetBoxClientCore15fetch_all_pagesNtNtB5_6models8PlatformEB5_
FN:86,_RINvMNtCs1dWY6dhYpFc_13netbox_client4coreNtB3_16NetBoxClientCore15fetch_all_pagesNtNtB5_6models9AggregateEB5_
FN:86,_RINvMNtCs1dWY6dhYpFc_13netbox_client4coreNtB3_16NetBoxClientCore15fetch_all_pagesNtNtB5_6models9IPAddressEB5_
FN:86,_RINvMNtCs1dWY6dhYpFc_13netbox_client4coreNtB3_16NetBoxClientCore15fetch_all_pagesNtNtB5_6models9InterfaceEB5_
FN:86,_RINvMNtCs1dWY6dhYpFc_13netbox_client4coreNtB3_16NetBoxClientCore15fetch_all_pagesNtNtB5_6models9SiteGroupEB5_
FN:89,_RNCINvMNtCs1dWY6dhYpFc_13netbox_client4coreNtB5_16NetBoxClientCore15fetch_all_pagesNtNtB7_6models10DeviceRoleE0B7_
FN:89,_RNCINvMNtCs1dWY6dhYpFc_13netbox_client4coreNtB5_16NetBoxClientCore15fetch_all_pagesNtNtB7_6models10DeviceTypeE0B7_
FN:89,_RNCINvMNtCs1dWY6dhYpFc_13netbox_client4coreNtB5_16NetBoxClientCore15fetch_all_pagesNtNtB7_6models10MACAddressE0B7_
FN:89,_RNCINvMNtCs1dWY6dhYpFc_13netbox_client4coreNtB5_16NetBoxClientCore15fetch_all_pagesNtNtB7_6models11TenantGroupE0B7_
FN:89,_RNCINvMNtCs1dWY6dhYpFc_13netbox_client4coreNtB5_16NetBoxClientCore15fetch_all_pagesNtNtB7_6models12ManufacturerE0B7_
FN:89,_RNCINvMNtCs1dWY6dhYpFc_13netbox_client4coreNtB5_16NetBoxClientCore15fetch_all_pagesNtNtB7_6models3RirE0B7_
FN:89,_RNCINvMNtCs1dWY6dhYpFc_13netbox_client4coreNtB5_16NetBoxClientCore15fetch_all_pagesNtNtB7_6models3TagE0B7_
FN:89,_RNCINvMNtCs1dWY6dhYpFc_13netbox_client4coreNtB5_16NetBoxClientCore15fetch_all_pagesNtNtB7_6models4RoleE0B7_
FN:89,_RNCINvMNtCs1dWY6dhYpFc_13netbox_client4coreNtB5_16NetBoxClientCore15fetch_all_pagesNtNtB7_6models4SiteE0B7_
FN:89,_RNCINvMNtCs1dWY6dhYpFc_13netbox_client4coreNtB5_16NetBoxClientCore15fetch_all_pagesNtNtB7_6models4VlanE0B7_
FN:89,_RNCINvMNtCs1dWY6dhYpFc_13netbox_client4coreNtB5_16NetBoxClientCore15fetch_all_pagesNtNtB7_6models6DeviceE0B7_
FN:89,_RNCINvMNtCs1dWY6dhYpFc_13netbox_client4coreNtB5_16NetBoxClientCore15fetch_all_pagesNtNtB7_6models6PrefixE0B7_
FN:89,_RNCINvMNtCs1dWY6dhYpFc_13netbox_client4coreNtB5_16NetBoxClientCore15fetch_all_pagesNtNtB7_6models6RegionE0B7_
FN:89,_RNCINvMNtCs1dWY6dhYpFc_13netbox_client4coreNtB5_16NetBoxClientCore15fetch_all_pagesNtNtB7_6models6TenantE0B7_
FN:89,_RNCINvMNtCs1dWY6dhYpFc_13netbox_client4coreNtB5_16NetBoxClientCore15fetch_all_pagesNtNtB7_6models8LocationE0B7_
FN:89,_RNCINvMNtCs1dWY6dhYpFc_13netbox_client4coreNtB5_16NetBoxClientCore15fetch_all_pagesNtNtB7_6models8PlatformE0B7_
FN:89,_RNCINvMNtCs1dWY6dhYpFc_13netbox_client4coreNtB5_16NetBoxClientCore15fetch_all_pagesNtNtB7_6models9AggregateE0B7_
FN:89,_RNCINvMNtCs1dWY6dhYpFc_13netbox_client4coreNtB5_16NetBoxClientCore15fetch_all_pagesNtNtB7_6models9IPAddressE0B7_
FN:89,_RNCINvMNtCs1dWY6dhYpFc_13netbox_client4coreNtB5_16NetBoxClientCore15fetch_all_pagesNtNtB7_6models9InterfaceE0B7_
FN:89,_RNCINvMNtCs1dWY6dhYpFc_13netbox_client4coreNtB5_16NetBoxClientCore15fetch_all_pagesNtNtB7_6models9SiteGroupE0B7_
FN:113,_RNCNCINvMNtCs1dWY6dhYpFc_13netbox_client4coreNtB7_16NetBoxClientCore15fetch_all_pagesNtNtB9_6models10DeviceRoleE00B9_
FN:113,_RNCNCINvMNtCs1dWY6dhYpFc_13netbox_client4coreNtB7_16NetBoxClientCore15fetch_all_pagesNtNtB9_6models10DeviceTypeE00B9_
FN:113,_RNCNCINvMNtCs1dWY6dhYpFc_13netbox_client4coreNtB7_16NetBoxClientCore15fetch_all_pagesNtNtB9_6models10MACAddressE00B9_
FN:113,_RNCNCINvMNtCs1dWY6dhYpFc_13netbox_client4coreNtB7_16NetBoxClientCore15fetch_all_pagesNtNtB9_6models11TenantGroupE00B9_
FN:113,_RNCNCINvMNtCs1dWY6dhYpFc_13netbox_client4coreNtB7_16NetBoxClientCore15fetch_all_pagesNtNtB9_6models12ManufacturerE00B9_
FN:113,_RNCNCINvMNtCs1dWY6dhYpFc_13netbox_client4coreNtB7_16NetBoxClientCore15fetch_all_pagesNtNtB9_6models3RirE00B9_
FN:113,_RNCNCINvMNtCs1dWY6dhYpFc_13netbox_client4coreNtB7_16NetBoxClientCore15fetch_all_pagesNtNtB9_6models3TagE00B9_
FN:113,_RNCNCINvMNtCs1dWY6dhYpFc_13netbox_client4coreNtB7_16NetBoxClientCore15fetch_all_pagesNtNtB9_6models4RoleE00B9_
FN:113,_RNCNCINvMNtCs1dWY6dhYpFc_13netbox_client4coreNtB7_16NetBoxClientCore15fetch_all_pagesNtNtB9_6models4SiteE00B9_
FN:113,_RNCNCINvMNtCs1dWY6dhYpFc_13netbox_client4coreNtB7_16NetBoxClientCore15fetch_all_pagesNtNtB9_6models4VlanE00B9_
FN:113,_RNCNCINvMNtCs1dWY6dhYpFc_13netbox_client4coreNtB7_16NetBoxClientCore15fetch_all_pagesNtNtB9_6models6DeviceE00B9_
FN:113,_RNCNCINvMNtCs1dWY6dhYpFc_13netbox_client4coreNtB7_16NetBoxClientCore15fetch_all_pagesNtNtB9_6models6PrefixE00B9_
FN:113,_RNCNCINvMNtCs1dWY6dhYpFc_13netbox_client4coreNtB7_16NetBoxClientCore15fetch_all_pagesNtNtB9_6models6RegionE00B9_
FN:113,_RNCNCINvMNtCs1dWY6dhYpFc_13netbox_client4coreNtB7_16NetBoxClientCore15fetch_all_pagesNtNtB9_6models6TenantE00B9_
FN:113,_RNCNCINvMNtCs1dWY6dhYpFc_13netbox_client4coreNtB7_16NetBoxClientCore15fetch_all_pagesNtNtB9_6models8LocationE00B9_
FN:113,_RNCNCINvMNtCs1dWY6dhYpFc_13netbox_client4coreNtB7_16NetBoxClientCore15fetch_all_pagesNtNtB9_6models8PlatformE00B9_
FN:113,_RNCNCINvMNtCs1dWY6dhYpFc_13netbox_client4coreNtB7_16NetBoxClientCore15fetch_all_pagesNtNtB9_6models9AggregateE00B9_
FN:113,_RNCNCINvMNtCs1dWY6dhYpFc_13netbox_client4coreNtB7_16NetBoxClientCore15fetch_all_pagesNtNtB9_6models9IPAddressE00B9_
FN:113,_RNCNCINvMNtCs1dWY6dhYpFc_13netbox_client4coreNtB7_16NetBoxClientCore15fetch_all_pagesNtNtB9_6models9InterfaceE00B9_
FN:113,_RNCNCINvMNtCs1dWY6dhYpFc_13netbox_client4coreNtB7_16NetBoxClientCore15fetch_all_pagesNtNtB9_6models9SiteGroupE00B9_
FNDA:0,_RNCNCNvMNtCs1dWY6dhYpFc_13netbox_client4coreNtB6_16NetBoxClientCore14validate_token00B8_
FNDA:0,_RNCNvMNtCs1dWY6dhYpFc_13netbox_client4coreNtB4_16NetBoxClientCore14validate_token0B6_
FNDA:0,_RNCNvMNtCs1dWY6dhYpFc_13netbox_client4coreNtB4_16NetBoxClientCore3new0B6_
FNDA:0,_RNvMNtCs1dWY6dhYpFc_13netbox_client4coreNtB2_16NetBoxClientCore14validate_token
FNDA:0,_RNvMNtCs1dWY6dhYpFc_13netbox_client4coreNtB2_16NetBoxClientCore3new
FNDA:0,_RNvMNtCs1dWY6dhYpFc_13netbox_client4coreNtB2_16NetBoxClientCore5token
FNDA:0,_RNvMNtCs1dWY6dhYpFc_13netbox_client4coreNtB2_16NetBoxClientCore6client
FNDA:0,_RNvMNtCs1dWY6dhYpFc_13netbox_client4coreNtB2_16NetBoxClientCore8base_url
FNDA:0,_RINvMNtCs1dWY6dhYpFc_13netbox_client4coreNtB3_16NetBoxClientCore15fetch_all_pagesNtNtB5_6models10DeviceRoleEB5_
FNDA:0,_RINvMNtCs1dWY6dhYpFc_13netbox_client4coreNtB3_16NetBoxClientCore15fetch_all_pagesNtNtB5_6models10DeviceTypeEB5_
FNDA:0,_RINvMNtCs1dWY6dhYpFc_13netbox_client4coreNtB3_16NetBoxClientCore15fetch_all_pagesNtNtB5_6models10MACAddressEB5_
FNDA:0,_RINvMNtCs1dWY6dhYpFc_13netbox_client4coreNtB3_16NetBoxClientCore15fetch_all_pagesNtNtB5_6models11TenantGroupEB5_
FNDA:0,_RINvMNtCs1dWY6dhYpFc_13netbox_client4coreNtB3_16NetBoxClientCore15fetch_all_pagesNtNtB5_6models12ManufacturerEB5_
FNDA:0,_RINvMNtCs1dWY6dhYpFc_13netbox_client4coreNtB3_16NetBoxClientCore15fetch_all_pagesNtNtB5_6models3RirEB5_
FNDA:0,_RINvMNtCs1dWY6dhYpFc_13netbox_client4coreNtB3_16NetBoxClientCore15fetch_all_pagesNtNtB5_6models3TagEB5_
FNDA:0,_RINvMNtCs1dWY6dhYpFc_13netbox_client4coreNtB3_16NetBoxClientCore15fetch_all_pagesNtNtB5_6models4RoleEB5_
FNDA:0,_RINvMNtCs1dWY6dhYpFc_13netbox_client4coreNtB3_16NetBoxClientCore15fetch_all_pagesNtNtB5_6models4SiteEB5_
FNDA:0,_RINvMNtCs1dWY6dhYpFc_13netbox_client4coreNtB3_16NetBoxClientCore15fetch_all_pagesNtNtB5_6models4VlanEB5_
FNDA:0,_RINvMNtCs1dWY6dhYpFc_13netbox_client4coreNtB3_16NetBoxClientCore15fetch_all_pagesNtNtB5_6models6DeviceEB5_
FNDA:0,_RINvMNtCs1dWY6dhYpFc_13netbox_client4coreNtB3_16NetBoxClientCore15fetch_all_pagesNtNtB5_6models6PrefixEB5_
FNDA:0,_RINvMNtCs1dWY6dhYpFc_13netbox_client4coreNtB3_16NetBoxClientCore15fetch_all_pagesNtNtB5_6models6RegionEB5_
FNDA:0,_RINvMNtCs1dWY6dhYpFc_13netbox_client4coreNtB3_16NetBoxClientCore15fetch_all_pagesNtNtB5_6models6TenantEB5_
FNDA:0,_RINvMNtCs1dWY6dhYpFc_13netbox_client4coreNtB3_16NetBoxClientCore15fetch_all_pagesNtNtB5_6models8LocationEB5_
FNDA:0,_RINvMNtCs1dWY6dhYpFc_13netbox_client4coreNtB3_16NetBoxClientCore15fetch_all_pagesNtNtB5_6models8PlatformEB5_
FNDA:0,_RINvMNtCs1dWY6dhYpFc_13netbox_client4coreNtB3_16NetBoxClientCore15fetch_all_pagesNtNtB5_6models9AggregateEB5_
FNDA:0,_RINvMNtCs1dWY6dhYpFc_13netbox_client4coreNtB3_16NetBoxClientCore15fetch_all_pagesNtNtB5_6models9IPAddressEB5_
FNDA:0,_RINvMNtCs1dWY6dhYpFc_13netbox_client4coreNtB3_16NetBoxClientCore15fetch_all_pagesNtNtB5_6models9InterfaceEB5_
FNDA:0,_RINvMNtCs1dWY6dhYpFc_13netbox_client4coreNtB3_16NetBoxClientCore15fetch_all_pagesNtNtB5_6models9SiteGroupEB5_
FNDA:0,_RNCINvMNtCs1dWY6dhYpFc_13netbox_client4coreNtB5_16NetBoxClientCore15fetch_all_pagesNtNtB7_6models10DeviceRoleE0B7_
FNDA:0,_RNCINvMNtCs1dWY6dhYpFc_13netbox_client4coreNtB5_16NetBoxClientCore15fetch_all_pagesNtNtB7_6models10DeviceTypeE0B7_
FNDA:0,_RNCINvMNtCs1dWY6dhYpFc_13netbox_client4coreNtB5_16NetBoxClientCore15fetch_all_pagesNtNtB7_6models10MACAddressE0B7_
FNDA:0,_RNCINvMNtCs1dWY6dhYpFc_13netbox_client4coreNtB5_16NetBoxClientCore15fetch_all_pagesNtNtB7_6models11TenantGroupE0B7_
FNDA:0,_RNCINvMNtCs1dWY6dhYpFc_13netbox_client4coreNtB5_16NetBoxClientCore15fetch_all_pagesNtNtB7_6models12ManufacturerE0B7_
FNDA:0,_RNCINvMNtCs1dWY6dhYpFc_13netbox_client4coreNtB5_16NetBoxClientCore15fetch_all_pagesNtNtB7_6models3RirE0B7_
FNDA:0,_RNCINvMNtCs1dWY6dhYpFc_13netbox_client4coreNtB5_16NetBoxClientCore15fetch_all_pagesNtNtB7_6models3TagE0B7_
FNDA:0,_RNCINvMNtCs1dWY6dhYpFc_13netbox_client4coreNtB5_16NetBoxClientCore15fetch_all_pagesNtNtB7_6models4RoleE0B7_
FNDA:0,_RNCINvMNtCs1dWY6dhYpFc_13netbox_client4coreNtB5_16NetBoxClientCore15fetch_all_pagesNtNtB7_6models4SiteE0B7_
FNDA:0,_RNCINvMNtCs1dWY6dhYpFc_13netbox_client4coreNtB5_16NetBoxClientCore15fetch_all_pagesNtNtB7_6models4VlanE0B7_
FNDA:0,_RNCINvMNtCs1dWY6dhYpFc_13netbox_client4coreNtB5_16NetBoxClientCore15fetch_all_pagesNtNtB7_6models6DeviceE0B7_
FNDA:0,_RNCINvMNtCs1dWY6dhYpFc_13netbox_client4coreNtB5_16NetBoxClientCore15fetch_all_pagesNtNtB7_6models6PrefixE0B7_
FNDA:0,_RNCINvMNtCs1dWY6dhYpFc_13netbox_client4coreNtB5_16NetBoxClientCore15fetch_all_pagesNtNtB7_6models6RegionE0B7_
FNDA:0,_RNCINvMNtCs1dWY6dhYpFc_13netbox_client4coreNtB5_16NetBoxClientCore15fetch_all_pagesNtNtB7_6models6TenantE0B7_
FNDA:0,_RNCINvMNtCs1dWY6dhYpFc_13netbox_client4coreNtB5_16NetBoxClientCore15fetch_all_pagesNtNtB7_6models8LocationE0B7_
FNDA:0,_RNCINvMNtCs1dWY6dhYpFc_13netbox_client4coreNtB5_16NetBoxClientCore15fetch_all_pagesNtNtB7_6models8PlatformE0B7_
FNDA:0,_RNCINvMNtCs1dWY6dhYpFc_13netbox_client4coreNtB5_16NetBoxClientCore15fetch_all_pagesNtNtB7_6models9AggregateE0B7_
FNDA:0,_RNCINvMNtCs1dWY6dhYpFc_13netbox_client4coreNtB5_16NetBoxClientCore15fetch_all_pagesNtNtB7_6models9IPAddressE0B7_
FNDA:0,_RNCINvMNtCs1dWY6dhYpFc_13netbox_client4coreNtB5_16NetBoxClientCore15fetch_all_pagesNtNtB7_6models9InterfaceE0B7_
FNDA:0,_RNCINvMNtCs1dWY6dhYpFc_13netbox_client4coreNtB5_16NetBoxClientCore15fetch_all_pagesNtNtB7_6models9SiteGroupE0B7_
FNDA:0,_RNCNCINvMNtCs1dWY6dhYpFc_13netbox_client4coreNtB7_16NetBoxClientCore15fetch_all_pagesNtNtB9_6models10DeviceRoleE00B9_
FNDA:0,_RNCNCINvMNtCs1dWY6dhYpFc_13netbox_client4coreNtB7_16NetBoxClientCore15fetch_all_pagesNtNtB9_6models10DeviceTypeE00B9_
FNDA:0,_RNCNCINvMNtCs1dWY6dhYpFc_13netbox_client4coreNtB7_16NetBoxClientCore15fetch_all_pagesNtNtB9_6models10MACAddressE00B9_
FNDA:0,_RNCNCINvMNtCs1dWY6dhYpFc_13netbox_client4coreNtB7_16NetBoxClientCore15fetch_all_pagesNtNtB9_6models11TenantGroupE00B9_
FNDA:0,_RNCNCINvMNtCs1dWY6dhYpFc_13netbox_client4coreNtB7_16NetBoxClientCore15fetch_all_pagesNtNtB9_6models12ManufacturerE00B9_
FNDA:0,_RNCNCINvMNtCs1dWY6dhYpFc_13netbox_client4coreNtB7_16NetBoxClientCore15fetch_all_pagesNtNtB9_6models3RirE00B9_
FNDA:0,_RNCNCINvMNtCs1dWY6dhYpFc_13netbox_client4coreNtB7_16NetBoxClientCore15fetch_all_pagesNtNtB9_6models3TagE00B9_
FNDA:0,_RNCNCINvMNtCs1dWY6dhYpFc_13netbox_client4coreNtB7_16NetBoxClientCore15fetch_all_pagesNtNtB9_6models4RoleE00B9_
FNDA:0,_RNCNCINvMNtCs1dWY6dhYpFc_13netbox_client4coreNtB7_16NetBoxClientCore15fetch_all_pagesNtNtB9_6models4SiteE00B9_
FNDA:0,_RNCNCINvMNtCs1dWY6dhYpFc_13netbox_client4coreNtB7_16NetBoxClientCore15fetch_all_pagesNtNtB9_6models4VlanE00B9_
FNDA:0,_RNCNCINvMNtCs1dWY6dhYpFc_13netbox_client4coreNtB7_16NetBoxClientCore15fetch_all_pagesNtNtB9_6models6DeviceE00B9_
FNDA:0,_RNCNCINvMNtCs1dWY6dhYpFc_13netbox_client4coreNtB7_16NetBoxClientCore15fetch_all_pagesNtNtB9_6models6PrefixE00B9_
FNDA:0,_RNCNCINvMNtCs1dWY6dhYpFc_13netbox_client4coreNtB7_16NetBoxClientCore15fetch_all_pagesNtNtB9_6models6RegionE00B9_
FNDA:0,_RNCNCINvMNtCs1dWY6dhYpFc_13netbox_client4coreNtB7_16NetBoxClientCore15fetch_all_pagesNtNtB9_6models6TenantE00B9_
FNDA:0,_RNCNCINvMNtCs1dWY6dhYpFc_13netbox_client4coreNtB7_16NetBoxClientCore15fetch_all_pagesNtNtB9_6models8LocationE00B9_
FNDA:0,_RNCNCINvMNtCs1dWY6dhYpFc_13netbox_client4coreNtB7_16NetBoxClientCore15fetch_all_pagesNtNtB9_6models8PlatformE00B9_
FNDA:0,_RNCNCINvMNtCs1dWY6dhYpFc_13netbox_client4coreNtB7_16NetBoxClientCore15fetch_all_pagesNtNtB9_6models9AggregateE00B9_
FNDA:0,_RNCNCINvMNtCs1dWY6dhYpFc_13netbox_client4coreNtB7_16NetBoxClientCore15fetch_all_pagesNtNtB9_6models9IPAddressE00B9_
FNDA:0,_RNCNCINvMNtCs1dWY6dhYpFc_13netbox_client4coreNtB7_16NetBoxClientCore15fetch_all_pagesNtNtB9_6models9InterfaceE00B9_
FNDA:0,_RNCNCINvMNtCs1dWY6dhYpFc_13netbox_client4coreNtB7_16NetBoxClientCore15fetch_all_pagesNtNtB9_6models9SiteGroupE00B9_
FNF:11
FNH:0
DA:29,0
DA:30,0
DA:31,0
DA:32,0
DA:33,0
DA:35,0
DA:36,0
DA:37,0
DA:38,0
DA:39,0
DA:40,0
DA:50,0
DA:52,0
DA:53,0
DA:55,0
DA:56,0
DA:57,0
DA:58,0
DA:59,0
DA:60,0
DA:61,0
DA:63,0
DA:64,0
DA:66,0
DA:67,0
DA:68,0
DA:69,0
DA:70,0
DA:71,0
DA:72,0
DA:74,0
DA:75,0
DA:76,0
DA:77,0
DA:78,0
DA:79,0
DA:81,0
DA:82,0
DA:83,0
DA:86,0
DA:87,0
DA:88,0
DA:89,0
DA:90,0
DA:93,0
DA:95,0
DA:96,0
DA:97,0
DA:98,0
DA:99,0
DA:100,0
DA:102,0
DA:103,0
DA:104,0
DA:105,0
DA:106,0
DA:107,0
DA:108,0
DA:109,0
DA:112,0
DA:113,0
DA:114,0
DA:115,0
DA:116,0
DA:117,0
DA:118,0
DA:119,0
DA:120,0
DA:123,0
DA:124,0
DA:126,0
DA:127,0
DA:129,0
DA:132,0
DA:136,0
DA:137,0
DA:140,0
DA:141,0
DA:142,0
DA:145,0
DA:146,0
DA:147,0
DA:150,0
DA:151,0
DA:152,0
BRF:0
BRH:0
LF:91
LH:0
end_of_record
SF:/Users/casibbald/Workspace/microscaler/DCops/crates/netbox-client/src/dcim/device.rs
FN:66,_RNCNCNvNtNtCs1dWY6dhYpFc_13netbox_client4dcim6device10get_device00B9_
FN:82,_RNCNCNvNtNtCs1dWY6dhYpFc_13netbox_client4dcim6device10get_device0s_0B9_
FN:133,_RNCNCNvNtNtCs1dWY6dhYpFc_13netbox_client4dcim6device13create_device00B9_
FN:135,_RNCNCNvNtNtCs1dWY6dhYpFc_13netbox_client4dcim6device13create_device0s0_0B9_
FN:139,_RNCNCNvNtNtCs1dWY6dhYpFc_13netbox_client4dcim6device13create_device0s1_0B9_
FN:140,_RNCNCNvNtNtCs1dWY6dhYpFc_13netbox_client4dcim6device13create_device0s2_0B9_
FN:152,_RNCNCNvNtNtCs1dWY6dhYpFc_13netbox_client4dcim6device13create_device0s3_0B9_
FN:163,_RNCNCNvNtNtCs1dWY6dhYpFc_13netbox_client4dcim6device13create_device0s4_0B9_
FN:134,_RNCNCNvNtNtCs1dWY6dhYpFc_13netbox_client4dcim6device13create_device0s_0B9_
FN:23,_RNCNCNvNtNtCs1dWY6dhYpFc_13netbox_client4dcim6device13query_devices00B9_
FN:193,_RNCNCNvNtNtCs1dWY6dhYpFc_13netbox_client4dcim6device13update_device00B9_
FN:195,_RNCNCNvNtNtCs1dWY6dhYpFc_13netbox_client4dcim6device13update_device0s0_0B9_
FN:209,_RNCNCNvNtNtCs1dWY6dhYpFc_13netbox_client4dcim6device13update_device0s1_0B9_
FN:210,_RNCNCNvNtNtCs1dWY6dhYpFc_13netbox_client4dcim6device13update_device0s2_0B9_
FN:228,_RNCNCNvNtNtCs1dWY6dhYpFc_13netbox_client4dcim6device13update_device0s3_0B9_
FN:239,_RNCNCNvNtNtCs1dWY6dhYpFc_13netbox_client4dcim6device13update_device0s4_0B9_
FN:194,_RNCNCNvNtNtCs1dWY6dhYpFc_13netbox_client4dcim6device13update_device0s_0B9_
FN:55,_RNCNvNtNtCs1dWY6dhYpFc_13netbox_client4dcim6device10get_device0B7_
FN:122,_RNCNvNtNtCs1dWY6dhYpFc_13netbox_client4dcim6device13create_device0B7_
FN:18,_RNCNvNtNtCs1dWY6dhYpFc_13netbox_client4dcim6device13query_devices0B7_
FN:181,_RNCNvNtNtCs1dWY6dhYpFc_13netbox_client4dcim6device13update_device0B7_
FN:87,_RNCNvNtNtCs1dWY6dhYpFc_13netbox_client4dcim6device17get_device_by_mac0B7_
FN:55,_RNvNtNtCs1dWY6dhYpFc_13netbox_client4dcim6device10get_device
FN:106,_RNvNtNtCs1dWY6dhYpFc_13netbox_client4dcim6device13create_device
FN:14,_RNvNtNtCs1dWY6dhYpFc_13netbox_client4dcim6device13query_devices
FN:167,_RNvNtNtCs1dWY6dhYpFc_13netbox_client4dcim6device13update_device
FN:87,_RNvNtNtCs1dWY6dhYpFc_13netbox_client4dcim6device17get_device_by_mac
FNDA:0,_RNCNCNvNtNtCs1dWY6dhYpFc_13netbox_client4dcim6device10get_device00B9_
FNDA:0,_RNCNCNvNtNtCs1dWY6dhYpFc_13netbox_client4dcim6device10get_device0s_0B9_
FNDA:0,_RNCNCNvNtNtCs1dWY6dhYpFc_13netbox_client4dcim6device13create_device00B9_
FNDA:0,_RNCNCNvNtNtCs1dWY6dhYpFc_13netbox_client4dcim6device13create_device0s0_0B9_
FNDA:0,_RNCNCNvNtNtCs1dWY6dhYpFc_13netbox_client4dcim6device13create_device0s1_0B9_
FNDA:0,_RNCNCNvNtNtCs1dWY6dhYpFc_13netbox_client4dcim6device13create_device0s2_0B9_
FNDA:0,_RNCNCNvNtNtCs1dWY6dhYpFc_13netbox_client4dcim6device13create_device0s3_0B9_
FNDA:0,_RNCNCNvNtNtCs1dWY6dhYpFc_13netbox_client4dcim6device13create_device0s4_0B9_
FNDA:0,_RNCNCNvNtNtCs1dWY6dhYpFc_13netbox_client4dcim6device13create_device0s_0B9_
FNDA:0,_RNCNCNvNtNtCs1dWY6dhYpFc_13netbox_client4dcim6device13query_devices00B9_
FNDA:0,_RNCNCNvNtNtCs1dWY6dhYpFc_13netbox_client4dcim6device13update_device00B9_
FNDA:0,_RNCNCNvNtNtCs1dWY6dhYpFc_13netbox_client4dcim6device13update_device0s0_0B9_
FNDA:0,_RNCNCNvNtNtCs1dWY6dhYpFc_13netbox_client4dcim6device13update_device0s1_0B9_
FNDA:0,_RNCNCNvNtNtCs1dWY6dhYpFc_13netbox_client4dcim6device13update_device0s2_0B9_
FNDA:0,_RNCNCNvNtNtCs1dWY6dhYpFc_13netbox_client4dcim6device13update_device0s3_0B9_
FNDA:0,_RNCNCNvNtNtCs1dWY6dhYpFc_13netbox_client4dcim6device13update_device0s4_0B9_
FNDA:0,_RNCNCNvNtNtCs1dWY6dhYpFc_13netbox_client4dcim6device13update_device0s_0B9_
FNDA:0,_RNCNvNtNtCs1dWY6dhYpFc_13netbox_client4dcim6device10get_device0B7_
FNDA:0,_RNCNvNtNtCs1dWY6dhYpFc_13netbox_client4dcim6device13create_device0B7_
FNDA:0,_RNCNvNtNtCs1dWY6dhYpFc_13netbox_client4dcim6device13query_devices0B7_
FNDA:0,_RNCNvNtNtCs1dWY6dhYpFc_13netbox_client4dcim6device13update_device0B7_
FNDA:0,_RNCNvNtNtCs1dWY6dhYpFc_13netbox_client4dcim6device17get_device_by_mac0B7_
FNDA:0,_RNvNtNtCs1dWY6dhYpFc_13netbox_client4dcim6device10get_device
FNDA:0,_RNvNtNtCs1dWY6dhYpFc_13netbox_client4dcim6device13create_device
FNDA:0,_RNvNtNtCs1dWY6dhYpFc_13netbox_client4dcim6device13query_devices
FNDA:0,_RNvNtNtCs1dWY6dhYpFc_13netbox_client4dcim6device13update_device
FNDA:0,_RNvNtNtCs1dWY6dhYpFc_13netbox_client4dcim6device17get_device_by_mac
FNF:27
FNH:0
DA:14,0
DA:15,0
DA:16,0
DA:17,0
DA:18,0
DA:19,0
DA:21,0
DA:22,0
DA:23,0
DA:24,0
DA:25,0
DA:26,0
DA:28,0
DA:30,0
DA:31,0
DA:33,0
DA:34,0
DA:35,0
DA:36,0
DA:37,0
DA:38,0
DA:40,0
DA:41,0
DA:42,0
DA:43,0
DA:44,0
DA:45,0
DA:46,0
DA:47,0
DA:49,0
DA:50,0
DA:52,0
DA:55,0
DA:56,0
DA:57,0
DA:58,0
DA:60,0
DA:61,0
DA:62,0
DA:63,0
DA:64,0
DA:65,0
DA:66,0
DA:68,0
DA:69,0
DA:70,0
DA:72,0
DA:73,0
DA:74,0
DA:75,0
DA:76,0
DA:77,0
DA:78,0
DA:79,0
DA:81,0
DA:82,0
DA:83,0
DA:84,0
DA:87,0
DA:88,0
DA:90,0
DA:92,0
DA:93,0
DA:94,0
DA:97,0
DA:98,0
DA:101,0
DA:102,0
DA:103,0
DA:106,0
DA:107,0
DA:108,0
DA:109,0
DA:110,0
DA:111,0
DA:112,0
DA:113,0
DA:114,0
DA:115,0
DA:116,0
DA:117,0
DA:118,0
DA:119,0
DA:120,0
DA:121,0
DA:122,0
DA:123,0
DA:124,0
DA:126,0
DA:127,0
DA:128,0
DA:129,0
DA:131,0
DA:133,0
DA:134,0
DA:135,0
DA:136,0
DA:137,0
DA:138,0
DA:139,0
DA:140,0
DA:141,0
DA:142,0
DA:144,0
DA:145,0
DA:146,0
DA:147,0
DA:148,0
DA:149,0
DA:150,0
DA:151,0
DA:152,0
DA:154,0
DA:155,0
DA:156,0
DA:157,0
DA:158,0
DA:159,0
DA:160,0
DA:161,0
DA:163,0
DA:164,0
DA:167,0
DA:168,0
DA:169,0
DA:170,0
DA:171,0
DA:172,0
DA:173,0
DA:174,0
DA:175,0
DA:176,0
DA:177,0
DA:178,0
DA:179,0
DA:180,0
DA:181,0
DA:182,0
DA:183,0
DA:185,0
DA:187,0
DA:188,0
DA:189,0
DA:193,0
DA:194,0
DA:195,0
DA:197,0
DA:198,0
DA:199,0
DA:201,0
DA:202,0
DA:203,0
DA:205,0
DA:206,0
DA:207,0
DA:209,0
DA:210,0
DA:212,0
DA:213,0
DA:214,0
DA:216,0
DA:217,0
DA:218,0
DA:220,0
DA:221,0
DA:222,0
DA:223,0
DA:224,0
DA:225,0
DA:226,0
DA:227,0
DA:228,0
DA:230,0
DA:231,0
DA:232,0
DA:233,0
DA:234,0
DA:235,0
DA:236,0
DA:237,0
DA:239,0
DA:240,0
BRF:0
BRH:0
LF:204
LH:0
end_of_record
SF:/Users/casibbald/Workspace/microscaler/DCops/crates/netbox-client/src/dcim/device_role.rs
FN:98,_RNCNCNvNtNtCs1dWY6dhYpFc_13netbox_client4dcim11device_role18create_device_role00B9_
FN:111,_RNCNCNvNtNtCs1dWY6dhYpFc_13netbox_client4dcim11device_role18create_device_role0s0_0B9_
FN:110,_RNCNCNvNtNtCs1dWY6dhYpFc_13netbox_client4dcim11device_role18create_device_role0s_0B9_
FN:21,_RNCNCNvNtNtCs1dWY6dhYpFc_13netbox_client4dcim11device_role18query_device_roles00B9_
FN:75,_RNCNvNtNtCs1dWY6dhYpFc_13netbox_client4dcim11device_role18create_device_role0B7_
FN:16,_RNCNvNtNtCs1dWY6dhYpFc_13netbox_client4dcim11device_role18query_device_roles0B7_
FN:56,_RNCNvNtNtCs1dWY6dhYpFc_13netbox_client4dcim11device_role23get_device_role_by_name0B7_
FN:12,_RNvNtNtCs1dWY6dhYpFc_13netbox_client4dcim11device_role18query_device_roles
FN:67,_RNvNtNtCs1dWY6dhYpFc_13netbox_client4dcim11device_role18create_device_role
FN:53,_RNvNtNtCs1dWY6dhYpFc_13netbox_client4dcim11device_role23get_device_role_by_name
FNDA:0,_RNCNCNvNtNtCs1dWY6dhYpFc_13netbox_client4dcim11device_role18create_device_role00B9_
FNDA:0,_RNCNCNvNtNtCs1dWY6dhYpFc_13netbox_client4dcim11device_role18create_device_role0s0_0B9_
FNDA:0,_RNCNCNvNtNtCs1dWY6dhYpFc_13netbox_client4dcim11device_role18create_device_role0s_0B9_
FNDA:0,_RNCNCNvNtNtCs1dWY6dhYpFc_13netbox_client4dcim11device_role18query_device_roles00B9_
FNDA:0,_RNCNvNtNtCs1dWY6dhYpFc_13netbox_client4dcim11device_role18create_device_role0B7_
FNDA:0,_RNCNvNtNtCs1dWY6dhYpFc_13netbox_client4dcim11device_role18query_device_roles0B7_
FNDA:0,_RNCNvNtNtCs1dWY6dhYpFc_13netbox_client4dcim11device_role23get_device_role_by_name0B7_
FNDA:0,_RNvNtNtCs1dWY6dhYpFc_13netbox_client4dcim11device_role18query_device_roles
FNDA:0,_RNvNtNtCs1dWY6dhYpFc_13netbox_client4dcim11device_role18create_device_role
FNDA:0,_RNvNtNtCs1dWY6dhYpFc_13netbox_client4dcim11device_role23get_device_role_by_name
FNF:10
FNH:0
DA:12,0
DA:13,0
DA:14,0
DA:15,0
DA:16,0
DA:17,0
DA:19,0
DA:20,0
DA:21,0
DA:22,0
DA:23,0
DA:24,0
DA:26,0
DA:28,0
DA:29,0
DA:31,0
DA:32,0
DA:33,0
DA:34,0
DA:35,0
DA:36,0
DA:38,0
DA:39,0
DA:40,0
DA:41,0
DA:42,0
DA:43,0
DA:44,0
DA:45,0
DA:47,0
DA:48,0
DA:50,0
DA:53,0
DA:54,0
DA:55,0
DA:56,0
DA:57,0
DA:58,0
DA:59,0
DA:60,0
DA:62,0
DA:63,0
DA:64,0
DA:67,0
DA:68,0
DA:69,0
DA:70,0
DA:71,0
DA:72,0
DA:73,0
DA:74,0
DA:75,0
DA:76,0
DA:77,0
DA:79,0
DA:80,0
DA:81,0
DA:82,0
DA:85,0
DA:86,0
DA:87,0
DA:88,0
DA:90,0
DA:91,0
DA:92,0
DA:93,0
DA:94,0
DA:95,0
DA:96,0
DA:97,0
DA:98,0
DA:100,0
DA:101,0
DA:102,0
DA:103,0
DA:104,0
DA:105,0
DA:106,0
DA:107,0
DA:110,0
DA:111,0
DA:112,0
DA:113,0
DA:114,0
BRF:0
BRH:0
LF:91
LH:0
end_of_record
SF:/Users/casibbald/Workspace/microscaler/DCops/crates/netbox-client/src/dcim/device_type.rs
FN:13,_RNvNtNtCs1dWY6dhYpFc_13netbox_client4dcim11device_type18query_device_types
FN:93,_RNCNCNvNtNtCs1dWY6dhYpFc_13netbox_client4dcim11device_type18create_device_type00B9_
FN:117,_RNCNCNvNtNtCs1dWY6dhYpFc_13netbox_client4dcim11device_type18create_device_type0s0_0B9_
FN:106,_RNCNCNvNtNtCs1dWY6dhYpFc_13netbox_client4dcim11device_type18create_device_type0s_0B9_
FN:22,_RNCNCNvNtNtCs1dWY6dhYpFc_13netbox_client4dcim11device_type18query_device_types00B9_
FN:75,_RNCNvNtNtCs1dWY6dhYpFc_13netbox_client4dcim11device_type18create_device_type0B7_
FN:17,_RNCNvNtNtCs1dWY6dhYpFc_13netbox_client4dcim11device_type18query_device_types0B7_
FN:58,_RNCNvNtNtCs1dWY6dhYpFc_13netbox_client4dcim11device_type24get_device_type_by_model0B7_
FN:65,_RNvNtNtCs1dWY6dhYpFc_13netbox_client4dcim11device_type18create_device_type
FN:54,_RNvNtNtCs1dWY6dhYpFc_13netbox_client4dcim11device_type24get_device_type_by_model
FNDA:0,_RNvNtNtCs1dWY6dhYpFc_13netbox_client4dcim11device_type18query_device_types
FNDA:0,_RNCNCNvNtNtCs1dWY6dhYpFc_13netbox_client4dcim11device_type18create_device_type00B9_
FNDA:0,_RNCNCNvNtNtCs1dWY6dhYpFc_13netbox_client4dcim11device_type18create_device_type0s0_0B9_
FNDA:0,_RNCNCNvNtNtCs1dWY6dhYpFc_13netbox_client4dcim11device_type18create_device_type0s_0B9_
FNDA:0,_RNCNCNvNtNtCs1dWY6dhYpFc_13netbox_client4dcim11device_type18query_device_types00B9_
FNDA:0,_RNCNvNtNtCs1dWY6dhYpFc_13netbox_client4dcim11device_type18create_device_type0B7_
FNDA:0,_RNCNvNtNtCs1dWY6dhYpFc_13netbox_client4dcim11device_type18query_device_types0B7_
FNDA:0,_RNCNvNtNtCs1dWY6dhYpFc_13netbox_client4dcim11device_type24get_device_type_by_model0B7_
FNDA:0,_RNvNtNtCs1dWY6dhYpFc_13netbox_client4dcim11device_type18create_device_type
FNDA:0,_RNvNtNtCs1dWY6dhYpFc_13netbox_client4dcim11device_type24get_device_type_by_model
FNF:10
FNH:0
DA:13,0
DA:14,0
DA:15,0
DA:16,0
DA:17,0
DA:18,0
DA:20,0
DA:21,0
DA:22,0
DA:23,0
DA:24,0
DA:25,0
DA:27,0
DA:29,0
DA:30,0
DA:32,0
DA:33,0
DA:34,0
DA:35,0
DA:36,0
DA:37,0
DA:39,0
DA:40,0
DA:41,0
DA:42,0
DA:43,0
DA:44,0
DA:45,0
DA:46,0
DA:48,0
DA:49,0
DA:51,0
DA:54,0
DA:55,0
DA:56,0
DA:57,0
DA:58,0
DA:59,0
DA:60,0
DA:61,0
DA:62,0
DA:65,0
DA:66,0
DA:67,0
DA:68,0
DA:69,0
DA:70,0
DA:71,0
DA:72,0
DA:73,0
DA:74,0
DA:75,0
DA:76,0
DA:77,0
DA:78,0
DA:80,0
DA:81,0
DA:83,0
DA:86,0
DA:87,0
DA:88,0
DA:89,0
DA:92,0
DA:93,0
DA:94,0
DA:95,0
DA:96,0
DA:98,0
DA:99,0
DA:100,0
DA:101,0
DA:102,0
DA:103,0
DA:104,0
DA:105,0
DA:106,0
DA:108,0
DA:109,0
DA:110,0
DA:111,0
DA:112,0
DA:113,0
DA:114,0
DA:115,0
DA:117,0
DA:118,0
BRF:0
BRH:0
LF:93
LH:0
end_of_record
SF:/Users/casibbald/Workspace/microscaler/DCops/crates/netbox-client/src/dcim/interface.rs
FN:65,_RNCNCNvNtNtCs1dWY6dhYpFc_13netbox_client4dcim9interface13get_interface00B9_
FN:80,_RNCNCNvNtNtCs1dWY6dhYpFc_13netbox_client4dcim9interface13get_interface0s_0B9_
FN:117,_RNCNCNvNtNtCs1dWY6dhYpFc_13netbox_client4dcim9interface16create_interface00B9_
FN:130,_RNCNCNvNtNtCs1dWY6dhYpFc_13netbox_client4dcim9interface16create_interface0s_0B9_
FN:22,_RNCNCNvNtNtCs1dWY6dhYpFc_13netbox_client4dcim9interface16query_interfaces00B9_
FN:178,_RNCNCNvNtNtCs1dWY6dhYpFc_13netbox_client4dcim9interface16update_interface00B9_
FN:189,_RNCNCNvNtNtCs1dWY6dhYpFc_13netbox_client4dcim9interface16update_interface0s_0B9_
FN:54,_RNCNvNtNtCs1dWY6dhYpFc_13netbox_client4dcim9interface13get_interface0B7_
FN:93,_RNCNvNtNtCs1dWY6dhYpFc_13netbox_client4dcim9interface16create_interface0B7_
FN:17,_RNCNvNtNtCs1dWY6dhYpFc_13netbox_client4dcim9interface16query_interfaces0B7_
FN:150,_RNCNvNtNtCs1dWY6dhYpFc_13netbox_client4dcim9interface16update_interface0B7_
FN:13,_RNvNtNtCs1dWY6dhYpFc_13netbox_client4dcim9interface16query_interfaces
FN:54,_RNvNtNtCs1dWY6dhYpFc_13netbox_client4dcim9interface13get_interface
FN:84,_RNvNtNtCs1dWY6dhYpFc_13netbox_client4dcim9interface16create_interface
FN:141,_RNvNtNtCs1dWY6dhYpFc_13netbox_client4dcim9interface16update_interface
FNDA:0,_RNCNCNvNtNtCs1dWY6dhYpFc_13netbox_client4dcim9interface13get_interface00B9_
FNDA:0,_RNCNCNvNtNtCs1dWY6dhYpFc_13netbox_client4dcim9interface13get_interface0s_0B9_
FNDA:0,_RNCNCNvNtNtCs1dWY6dhYpFc_13netbox_client4dcim9interface16create_interface00B9_
FNDA:0,_RNCNCNvNtNtCs1dWY6dhYpFc_13netbox_client4dcim9interface16create_interface0s_0B9_
FNDA:0,_RNCNCNvNtNtCs1dWY6dhYpFc_13netbox_client4dcim9interface16query_interfaces00B9_
FNDA:0,_RNCNCNvNtNtCs1dWY6dhYpFc_13netbox_client4dcim9interface16update_interface00B9_
FNDA:0,_RNCNCNvNtNtCs1dWY6dhYpFc_13netbox_client4dcim9interface16update_interface0s_0B9_
FNDA:0,_RNCNvNtNtCs1dWY6dhYpFc_13netbox_client4dcim9interface13get_interface0B7_
FNDA:0,_RNCNvNtNtCs1dWY6dhYpFc_13netbox_client4dcim9interface16create_interface0B7_
FNDA:0,_RNCNvNtNtCs1dWY6dhYpFc_13netbox_client4dcim9interface16query_interfaces0B7_
FNDA:0,_RNCNvNtNtCs1dWY6dhYpFc_13netbox_client4dcim9interface16update_interface0B7_
FNDA:0,_RNvNtNtCs1dWY6dhYpFc_13netbox_client4dcim9interface16query_interfaces
FNDA:0,_RNvNtNtCs1dWY6dhYpFc_13netbox_client4dcim9interface13get_interface
FNDA:0,_RNvNtNtCs1dWY6dhYpFc_13netbox_client4dcim9interface16create_interface
FNDA:0,_RNvNtNtCs1dWY6dhYpFc_13netbox_client4dcim9interface16update_interface
FNF:15
FNH:0
DA:13,0
DA:14,0
DA:15,0
DA:16,0
DA:17,0
DA:18,0
DA:20,0
DA:21,0
DA:22,0
DA:23,0
DA:24,0
DA:25,0
DA:27,0
DA:29,0
DA:30,0
DA:32,0
DA:33,0
DA:34,0
DA:35,0
DA:36,0
DA:37,0
DA:39,0
DA:40,0
DA:41,0
DA:42,0
DA:43,0
DA:44,0
DA:45,0
DA:46,0
DA:48,0
DA:49,0
DA:51,0
DA:54,0
DA:55,0
DA:56,0
DA:57,0
DA:59,0
DA:60,0
DA:61,0
DA:62,0
DA:63,0
DA:64,0
DA:65,0
DA:67,0
DA:68,0
DA:69,0
DA:71,0
DA:72,0
DA:73,0
DA:74,0
DA:75,0
DA:76,0
DA:77,0
DA:78,0
DA:80,0
DA:81,0
DA:84,0
DA:85,0
DA:86,0
DA:87,0
DA:88,0
DA:89,0
DA:90,0
DA:91,0
DA:92,0
DA:93,0
DA:94,0
DA:95,0
DA:96,0
DA:98,0
DA:99,0
DA:100,0
DA:101,0
DA:104,0
DA:105,0
DA:106,0
DA:107,0
DA:109,0
DA:110,0
DA:111,0
DA:112,0
DA:113,0
DA:114,0
DA:115,0
DA:116,0
DA:117,0
DA:119,0
DA:120,0
DA:121,0
DA:122,0
DA:123,0
DA:124,0
DA:125,0
DA:126,0
DA:129,0
DA:130,0
DA:131,0
DA:132,0
DA:133,0
DA:134,0
DA:135,0
DA:136,0
DA:137,0
DA:138,0
DA:141,0
DA:142,0
DA:143,0
DA:144,0
DA:145,0
DA:146,0
DA:147,0
DA:148,0
DA:149,0
DA:150,0
DA:151,0
DA:152,0
DA:153,0
DA:155,0
DA:157,0
DA:158,0
DA:159,0
DA:161,0
DA:162,0
DA:163,0
DA:165,0
DA:166,0
DA:167,0
DA:168,0
DA:170,0
DA:171,0
DA:172,0
DA:173,0
DA:174,0
DA:175,0
DA:176,0
DA:177,0
DA:178,0
DA:180,0
DA:181,0
DA:182,0
DA:183,0
DA:184,0
DA:185,0
DA:186,0
DA:187,0
DA:189,0
DA:190,0
BRF:0
BRH:0
LF:159
LH:0
end_of_record
SF:/Users/casibbald/Workspace/microscaler/DCops/crates/netbox-client/src/dcim/location.rs
FN:13,_RNvNtNtCs1dWY6dhYpFc_13netbox_client4dcim8location15query_locations
FN:64,_RNvNtNtCs1dWY6dhYpFc_13netbox_client4dcim8location12get_location
FN:106,_RNvNtNtCs1dWY6dhYpFc_13netbox_client4dcim8location15create_location
FN:53,_RNvNtNtCs1dWY6dhYpFc_13netbox_client4dcim8location20get_location_by_name
FN:73,_RNCNCNvNtNtCs1dWY6dhYpFc_13netbox_client4dcim8location12get_location00B9_
FN:102,_RNCNCNvNtNtCs1dWY6dhYpFc_13netbox_client4dcim8location12get_location0s_0B9_
FN:137,_RNCNCNvNtNtCs1dWY6dhYpFc_13netbox_client4dcim8location15create_location00B9_
FN:161,_RNCNCNvNtNtCs1dWY6dhYpFc_13netbox_client4dcim8location15create_location0s0_0B9_
FN:150,_RNCNCNvNtNtCs1dWY6dhYpFc_13netbox_client4dcim8location15create_location0s_0B9_
FN:22,_RNCNCNvNtNtCs1dWY6dhYpFc_13netbox_client4dcim8location15query_locations00B9_
FN:64,_RNCNvNtNtCs1dWY6dhYpFc_13netbox_client4dcim8location12get_location0B7_
FN:116,_RNCNvNtNtCs1dWY6dhYpFc_13netbox_client4dcim8location15create_location0B7_
FN:17,_RNCNvNtNtCs1dWY6dhYpFc_13netbox_client4dcim8location15query_locations0B7_
FN:57,_RNCNvNtNtCs1dWY6dhYpFc_13netbox_client4dcim8location20get_location_by_name0B7_
FNDA:0,_RNvNtNtCs1dWY6dhYpFc_13netbox_client4dcim8location15query_locations
FNDA:0,_RNvNtNtCs1dWY6dhYpFc_13netbox_client4dcim8location12get_location
FNDA:0,_RNvNtNtCs1dWY6dhYpFc_13netbox_client4dcim8location15create_location
FNDA:0,_RNvNtNtCs1dWY6dhYpFc_13netbox_client4dcim8location20get_location_by_name
FNDA:0,_RNCNCNvNtNtCs1dWY6dhYpFc_13netbox_client4dcim8location12get_location00B9_
FNDA:0,_RNCNCNvNtNtCs1dWY6dhYpFc_13netbox_client4dcim8location12get_location0s_0B9_
FNDA:0,_RNCNCNvNtNtCs1dWY6dhYpFc_13netbox_client4dcim8location15create_location00B9_
FNDA:0,_RNCNCNvNtNtCs1dWY6dhYpFc_13netbox_client4dcim8location15create_location0s0_0B9_
FNDA:0,_RNCNCNvNtNtCs1dWY6dhYpFc_13netbox_client4dcim8location15create_location0s_0B9_
FNDA:0,_RNCNCNvNtNtCs1dWY6dhYpFc_13netbox_client4dcim8location15query_locations00B9_
FNDA:0,_RNCNvNtNtCs1dWY6dhYpFc_13netbox_client4dcim8location12get_location0B7_
FNDA:0,_RNCNvNtNtCs1dWY6dhYpFc_13netbox_client4dcim8location15create_location0B7_
FNDA:0,_RNCNvNtNtCs1dWY6dhYpFc_13netbox_client4dcim8location15query_locations0B7_
FNDA:0,_RNCNvNtNtCs1dWY6dhYpFc_13netbox_client4dcim8location20get_location_by_name0B7_
FNF:14
FNH:0
DA:13,0
DA:14,0
DA:15,0
DA:16,0
DA:17,0
DA:18,0
DA:20,0
DA:21,0
DA:22,0
DA:23,0
DA:24,0
DA:25,0
DA:26,0
DA:28,0
DA:29,0
DA:31,0
DA:32,0
DA:33,0
DA:34,0
DA:35,0
DA:36,0
DA:38,0
DA:39,0
DA:40,0
DA:41,0
DA:42,0
DA:43,0
DA:44,0
DA:45,0
DA:47,0
DA:48,0
DA:50,0
DA:53,0
DA:54,0
DA:55,0
DA:56,0
DA:57,0
DA:58,0
DA:59,0
DA:60,0
DA:61,0
DA:64,0
DA:65,0
DA:66,0
DA:67,0
DA:68,0
DA:69,0
DA:70,0
DA:71,0
DA:72,0
DA:73,0
DA:75,0
DA:76,0
DA:77,0
DA:78,0
DA:80,0
DA:82,0
DA:84,0
DA:85,0
DA:86,0
DA:89,0
DA:90,0
DA:91,0
DA:92,0
DA:93,0
DA:94,0
DA:96,0
DA:97,0
DA:98,0
DA:99,0
DA:100,0
DA:102,0
DA:103,0
DA:106,0
DA:107,0
DA:108,0
DA:109,0
DA:110,0
DA:111,0
DA:112,0
DA:113,0
DA:114,0
DA:115,0
DA:116,0
DA:117,0
DA:118,0
DA:119,0
DA:121,0
DA:122,0
DA:123,0
DA:124,0
DA:125,0
DA:129,0
DA:130,0
DA:131,0
DA:132,0
DA:133,0
DA:137,0
DA:138,0
DA:139,0
DA:140,0
DA:142,0
DA:143,0
DA:144,0
DA:145,0
DA:146,0
DA:147,0
DA:148,0
DA:149,0
DA:150,0
DA:152,0
DA:153,0
DA:154,0
DA:155,0
DA:156,0
DA:157,0
DA:158,0
DA:159,0
DA:161,0
DA:162,0
BRF:0
BRH:0
LF:131
LH:0
end_of_record
SF:/Users/casibbald/Workspace/microscaler/DCops/crates/netbox-client/src/dcim/mac_address.rs
FN:102,_RNCNCNvNtNtCs1dWY6dhYpFc_13netbox_client4dcim11mac_address18create_mac_address00B9_
FN:120,_RNCNCNvNtNtCs1dWY6dhYpFc_13netbox_client4dcim11mac_address18create_mac_address0s_0B9_
FN:21,_RNCNCNvNtNtCs1dWY6dhYpFc_13netbox_client4dcim11mac_address19query_mac_addresses00B9_
FN:76,_RNCNvNtNtCs1dWY6dhYpFc_13netbox_client4dcim11mac_address18create_mac_address0B7_
FN:16,_RNCNvNtNtCs1dWY6dhYpFc_13netbox_client4dcim11mac_address19query_mac_addresses0B7_
FN:63,_RNCNvNtNtCs1dWY6dhYpFc_13netbox_client4dcim11mac_address26get_mac_address_by_address0B7_
FN:12,_RNvNtNtCs1dWY6dhYpFc_13netbox_client4dcim11mac_address19query_mac_addresses
FN:69,_RNvNtNtCs1dWY6dhYpFc_13netbox_client4dcim11mac_address18create_mac_address
FN:60,_RNvNtNtCs1dWY6dhYpFc_13netbox_client4dcim11mac_address26get_mac_address_by_address
FNDA:0,_RNCNCNvNtNtCs1dWY6dhYpFc_13netbox_client4dcim11mac_address18create_mac_address00B9_
FNDA:0,_RNCNCNvNtNtCs1dWY6dhYpFc_13netbox_client4dcim11mac_address18create_mac_address0s_0B9_
FNDA:0,_RNCNCNvNtNtCs1dWY6dhYpFc_13netbox_client4dcim11mac_address19query_mac_addresses00B9_
FNDA:0,_RNCNvNtNtCs1dWY6dhYpFc_13netbox_client4dcim11mac_address18create_mac_address0B7_
FNDA:0,_RNCNvNtNtCs1dWY6dhYpFc_13netbox_client4dcim11mac_address19query_mac_addresses0B7_
FNDA:0,_RNCNvNtNtCs1dWY6dhYpFc_13netbox_client4dcim11mac_address26get_mac_address_by_address0B7_
FNDA:0,_RNvNtNtCs1dWY6dhYpFc_13netbox_client4dcim11mac_address19query_mac_addresses
FNDA:0,_RNvNtNtCs1dWY6dhYpFc_13netbox_client4dcim11mac_address18create_mac_address
FNDA:0,_RNvNtNtCs1dWY6dhYpFc_13netbox_client4dcim11mac_address26get_mac_address_by_address
FNF:9
FNH:0
DA:12,0
DA:13,0
DA:14,0
DA:15,0
DA:16,0
DA:17,0
DA:19,0
DA:20,0
DA:21,0
DA:22,0
DA:23,0
DA:24,0
DA:26,0
DA:28,0
DA:29,0
DA:31,0
DA:32,0
DA:33,0
DA:34,0
DA:35,0
DA:36,0
DA:38,0
DA:39,0
DA:40,0
DA:42,0
DA:43,0
DA:44,0
DA:45,0
DA:46,0
DA:47,0
DA:48,0
DA:49,0
DA:50,0
DA:51,0
DA:52,0
DA:54,0
DA:55,0
DA:57,0
DA:60,0
DA:61,0
DA:62,0
DA:63,0
DA:64,0
DA:65,0
DA:66,0
DA:69,0
DA:70,0
DA:71,0
DA:72,0
DA:73,0
DA:74,0
DA:75,0
DA:76,0
DA:77,0
DA:78,0
DA:80,0
DA:81,0
DA:82,0
DA:83,0
DA:86,0
DA:87,0
DA:88,0
DA:90,0
DA:91,0
DA:92,0
DA:94,0
DA:95,0
DA:96,0
DA:97,0
DA:98,0
DA:99,0
DA:100,0
DA:101,0
DA:102,0
DA:104,0
DA:105,0
DA:106,0
DA:108,0
DA:109,0
DA:110,0
DA:111,0
DA:112,0
DA:113,0
DA:114,0
DA:115,0
DA:116,0
DA:117,0
DA:118,0
DA:120,0
DA:121,0
BRF:0
BRH:0
LF:96
LH:0
end_of_record
SF:/Users/casibbald/Workspace/microscaler/DCops/crates/netbox-client/src/dcim/manufacturer.rs
FN:92,_RNCNCNvNtNtCs1dWY6dhYpFc_13netbox_client4dcim12manufacturer19create_manufacturer00B9_
FN:105,_RNCNCNvNtNtCs1dWY6dhYpFc_13netbox_client4dcim12manufacturer19create_manufacturer0s0_0B9_
FN:104,_RNCNCNvNtNtCs1dWY6dhYpFc_13netbox_client4dcim12manufacturer19create_manufacturer0s_0B9_
FN:21,_RNCNCNvNtNtCs1dWY6dhYpFc_13netbox_client4dcim12manufacturer19query_manufacturers00B9_
FN:72,_RNCNvNtNtCs1dWY6dhYpFc_13netbox_client4dcim12manufacturer19create_manufacturer0B7_
FN:16,_RNCNvNtNtCs1dWY6dhYpFc_13netbox_client4dcim12manufacturer19query_manufacturers0B7_
FN:56,_RNCNvNtNtCs1dWY6dhYpFc_13netbox_client4dcim12manufacturer24get_manufacturer_by_name0B7_
FN:12,_RNvNtNtCs1dWY6dhYpFc_13netbox_client4dcim12manufacturer19query_manufacturers
FN:67,_RNvNtNtCs1dWY6dhYpFc_13netbox_client4dcim12manufacturer19create_manufacturer
FN:53,_RNvNtNtCs1dWY6dhYpFc_13netbox_client4dcim12manufacturer24get_manufacturer_by_name
FNDA:0,_RNCNCNvNtNtCs1dWY6dhYpFc_13netbox_client4dcim12manufacturer19create_manufacturer00B9_
FNDA:0,_RNCNCNvNtNtCs1dWY6dhYpFc_13netbox_client4dcim12manufacturer19create_manufacturer0s0_0B9_
FNDA:0,_RNCNCNvNtNtCs1dWY6dhYpFc_13netbox_client4dcim12manufacturer19create_manufacturer0s_0B9_
FNDA:0,_RNCNCNvNtNtCs1dWY6dhYpFc_13netbox_client4dcim12manufacturer19query_manufacturers00B9_
FNDA:0,_RNCNvNtNtCs1dWY6dhYpFc_13netbox_client4dcim12manufacturer19create_manufacturer0B7_
FNDA:0,_RNCNvNtNtCs1dWY6dhYpFc_13netbox_client4dcim12manufacturer19query_manufacturers0B7_
FNDA:0,_RNCNvNtNtCs1dWY6dhYpFc_13netbox_client4dcim12manufacturer24get_manufacturer_by_name0B7_
FNDA:0,_RNvNtNtCs1dWY6dhYpFc_13netbox_client4dcim12manufacturer19query_manufacturers
FNDA:0,_RNvNtNtCs1dWY6dhYpFc_13netbox_client4dcim12manufacturer19create_manufacturer
FNDA:0,_RNvNtNtCs1dWY6dhYpFc_13netbox_client4dcim12manufacturer24get_manufacturer_by_name
FNF:10
FNH:0
DA:12,0
DA:13,0
DA:14,0
DA:15,0
DA:16,0
DA:17,0
DA:19,0
DA:20,0
DA:21,0
DA:22,0
DA:23,0
DA:24,0
DA:26,0
DA:28,0
DA:29,0
DA:31,0
DA:32,0
DA:33,0
DA:34,0
DA:35,0
DA:36,0
DA:38,0
DA:39,0
DA:40,0
DA:41,0
DA:42,0
DA:43,0
DA:44,0
DA:45,0
DA:47,0
DA:48,0
DA:50,0
DA:53,0
DA:54,0
DA:55,0
DA:56,0
DA:57,0
DA:58,0
DA:59,0
DA:60,0
DA:62,0
DA:63,0
DA:64,0
DA:67,0
DA:68,0
DA:69,0
DA:70,0
DA:71,0
DA:72,0
DA:73,0
DA:74,0
DA:76,0
DA:77,0
DA:78,0
DA:79,0
DA:82,0
DA:84,0
DA:85,0
DA:86,0
DA:87,0
DA:88,0
DA:89,0
DA:90,0
DA:91,0
DA:92,0
DA:94,0
DA:95,0
DA:96,0
DA:97,0
DA:98,0
DA:99,0
DA:100,0
DA:101,0
DA:104,0
DA:105,0
DA:106,0
DA:107,0
DA:108,0
BRF:0
BRH:0
LF:85
LH:0
end_of_record
SF:/Users/casibbald/Workspace/microscaler/DCops/crates/netbox-client/src/dcim/platform.rs
[...]
FN:53,_RNvNtNtCs1dWY6dhYpFc_13netbox_client7tenancy6tenant10get_tenant
FN:94,_RNvNtNtCs1dWY6dhYpFc_13netbox_client7tenancy6tenant13create_tenant
FN:12,_RNvNtNtCs1dWY6dhYpFc_13netbox_client7tenancy6tenant13query_tenants
FN:142,_RNvNtNtCs1dWY6dhYpFc_13netbox_client7tenancy6tenant13update_tenant
FNDA:0,_RNCNCNvNtNtCs1dWY6dhYpFc_13netbox_client7tenancy6tenant10get_tenant00B9_
FNDA:0,_RNCNCNvNtNtCs1dWY6dhYpFc_13netbox_client7tenancy6tenant10get_tenant0s_0B9_
FNDA:0,_RNCNCNvNtNtCs1dWY6dhYpFc_13netbox_client7tenancy6tenant13create_tenant00B9_
FNDA:0,_RNCNCNvNtNtCs1dWY6dhYpFc_13netbox_client7tenancy6tenant13create_tenant0s_0B9_
FNDA:0,_RNCNCNvNtNtCs1dWY6dhYpFc_13netbox_client7tenancy6tenant13query_tenants00B9_
FNDA:0,_RNCNCNvNtNtCs1dWY6dhYpFc_13netbox_client7tenancy6tenant13update_tenant00B9_
FNDA:0,_RNCNCNvNtNtCs1dWY6dhYpFc_13netbox_client7tenancy6tenant13update_tenant0s0_0B9_
FNDA:0,_RNCNCNvNtNtCs1dWY6dhYpFc_13netbox_client7tenancy6tenant13update_tenant0s_0B9_
FNDA:0,_RNCNvNtNtCs1dWY6dhYpFc_13netbox_client7tenancy6tenant10get_tenant0B7_
FNDA:0,_RNCNvNtNtCs1dWY6dhYpFc_13netbox_client7tenancy6tenant13create_tenant0B7_
FNDA:0,_RNCNvNtNtCs1dWY6dhYpFc_13netbox_client7tenancy6tenant13query_tenants0B7_
FNDA:0,_RNCNvNtNtCs1dWY6dhYpFc_13netbox_client7tenancy6tenant13update_tenant0B7_
FNDA:0,_RNvNtNtCs1dWY6dhYpFc_13netbox_client7tenancy6tenant10get_tenant
FNDA:0,_RNvNtNtCs1dWY6dhYpFc_13netbox_client7tenancy6tenant13create_tenant
FNDA:0,_RNvNtNtCs1dWY6dhYpFc_13netbox_client7tenancy6tenant13query_tenants
FNDA:0,_RNvNtNtCs1dWY6dhYpFc_13netbox_client7tenancy6tenant13update_tenant
FNF:16
FNH:0
DA:12,0
DA:13,0
DA:14,0
DA:15,0
DA:16,0
DA:17,0
DA:19,0
DA:20,0
DA:21,0
DA:22,0
DA:23,0
DA:24,0
DA:26,0
DA:28,0
DA:29,0
DA:31,0
DA:32,0
DA:33,0
DA:34,0
DA:35,0
DA:36,0
DA:38,0
DA:39,0
DA:40,0
DA:41,0
DA:42,0
DA:43,0
DA:44,0
DA:45,0
DA:47,0
DA:48,0
DA:50,0
DA:53,0
DA:54,0
DA:55,0
DA:56,0
DA:57,0
DA:58,0
DA:59,0
DA:60,0
DA:61,0
DA:63,0
DA:64,0
DA:65,0
DA:66,0
DA:68,0
DA:70,0
DA:72,0
DA:73,0
DA:74,0
DA:77,0
DA:78,0
DA:79,0
DA:80,0
DA:81,0
DA:82,0
DA:84,0
DA:85,0
DA:86,0
DA:87,0
DA:88,0
DA:90,0
DA:91,0
DA:94,0
DA:95,0
DA:96,0
DA:97,0
DA:98,0
DA:99,0
DA:100,0
DA:101,0
DA:102,0
DA:103,0
DA:105,0
DA:106,0
DA:107,0
DA:108,0
DA:111,0
DA:112,0
DA:113,0
DA:114,0
DA:115,0
DA:116,0
DA:117,0
DA:119,0
DA:120,0
DA:121,0
DA:122,0
DA:123,0
DA:124,0
DA:125,0
DA:126,0
DA:127,0
DA:129,0
DA:130,0
DA:131,0
DA:132,0
DA:133,0
DA:134,0
DA:135,0
DA:136,0
DA:138,0
DA:139,0
DA:142,0
DA:143,0
DA:144,0
DA:145,0
DA:146,0
DA:147,0
DA:148,0
DA:149,0
DA:150,0
DA:151,0
DA:152,0
DA:154,0
DA:156,0
DA:157,0
DA:158,0
DA:160,0
DA:161,0
DA:162,0
DA:164,0
DA:165,0
DA:166,0
DA:168,0
DA:169,0
DA:170,0
DA:171,0
DA:172,0
DA:173,0
DA:174,0
DA:175,0
DA:176,0
DA:178,0
DA:179,0
DA:180,0
DA:181,0
DA:182,0
DA:183,0
DA:184,0
DA:185,0
DA:187,0
DA:188,0
BRF:0
BRH:0
LF:156
LH:0
end_of_record
SF:/Users/casibbald/Workspace/microscaler/DCops/crates/netbox-client/src/tenancy/tenant_group.rs
FN:13,_RNvNtNtCs1dWY6dhYpFc_13netbox_client7tenancy12tenant_group19query_tenant_groups
FN:89,_RNCNCNvNtNtCs1dWY6dhYpFc_13netbox_client7tenancy12tenant_group19create_tenant_group00B9_
FN:110,_RNCNCNvNtNtCs1dWY6dhYpFc_13netbox_client7tenancy12tenant_group19create_tenant_group0s0_0B9_
FN:99,_RNCNCNvNtNtCs1dWY6dhYpFc_13netbox_client7tenancy12tenant_group19create_tenant_group0s_0B9_
FN:22,_RNCNCNvNtNtCs1dWY6dhYpFc_13netbox_client7tenancy12tenant_group19query_tenant_groups00B9_
FN:77,_RNCNvNtNtCs1dWY6dhYpFc_13netbox_client7tenancy12tenant_group19create_tenant_group0B7_
FN:17,_RNCNvNtNtCs1dWY6dhYpFc_13netbox_client7tenancy12tenant_group19query_tenant_groups0B7_
FN:57,_RNCNvNtNtCs1dWY6dhYpFc_13netbox_client7tenancy12tenant_group24get_tenant_group_by_name0B7_
FN:70,_RNvNtNtCs1dWY6dhYpFc_13netbox_client7tenancy12tenant_group19create_tenant_group
FN:54,_RNvNtNtCs1dWY6dhYpFc_13netbox_client7tenancy12tenant_group24get_tenant_group_by_name
FNDA:0,_RNvNtNtCs1dWY6dhYpFc_13netbox_client7tenancy12tenant_group19query_tenant_groups
FNDA:0,_RNCNCNvNtNtCs1dWY6dhYpFc_13netbox_client7tenancy12tenant_group19create_tenant_group00B9_
FNDA:0,_RNCNCNvNtNtCs1dWY6dhYpFc_13netbox_client7tenancy12tenant_group19create_tenant_group0s0_0B9_
FNDA:0,_RNCNCNvNtNtCs1dWY6dhYpFc_13netbox_client7tenancy12tenant_group19create_tenant_group0s_0B9_
FNDA:0,_RNCNCNvNtNtCs1dWY6dhYpFc_13netbox_client7tenancy12tenant_group19query_tenant_groups00B9_
FNDA:0,_RNCNvNtNtCs1dWY6dhYpFc_13netbox_client7tenancy12tenant_group19create_tenant_group0B7_
FNDA:0,_RNCNvNtNtCs1dWY6dhYpFc_13netbox_client7tenancy12tenant_group19query_tenant_groups0B7_
FNDA:0,_RNCNvNtNtCs1dWY6dhYpFc_13netbox_client7tenancy12tenant_group24get_tenant_group_by_name0B7_
FNDA:0,_RNvNtNtCs1dWY6dhYpFc_13netbox_client7tenancy12tenant_group19create_tenant_group
FNDA:0,_RNvNtNtCs1dWY6dhYpFc_13netbox_client7tenancy12tenant_group24get_tenant_group_by_name
FNF:10
FNH:0
DA:13,0
DA:14,0
DA:15,0
DA:16,0
DA:17,0
DA:18,0
DA:20,0
DA:21,0
DA:22,0
DA:23,0
DA:24,0
DA:25,0
DA:27,0
DA:29,0
DA:30,0
DA:32,0
DA:33,0
DA:34,0
DA:35,0
DA:36,0
DA:37,0
DA:39,0
DA:40,0
DA:41,0
DA:42,0
DA:43,0
DA:44,0
DA:45,0
DA:46,0
DA:48,0
DA:49,0
DA:51,0
DA:54,0
DA:55,0
DA:56,0
DA:57,0
DA:59,0
DA:60,0
DA:61,0
DA:62,0
DA:65,0
DA:66,0
DA:67,0
DA:70,0
DA:71,0
DA:72,0
DA:73,0
DA:74,0
DA:75,0
DA:76,0
DA:77,0
DA:78,0
DA:79,0
DA:81,0
DA:82,0
DA:83,0
DA:84,0
DA:87,0
DA:88,0
DA:89,0
DA:91,0
DA:92,0
DA:93,0
DA:94,0
DA:95,0
DA:96,0
DA:97,0
DA:98,0
DA:99,0
DA:101,0
DA:102,0
DA:103,0
DA:104,0
DA:105,0
DA:106,0
DA:107,0
DA:108,0
DA:110,0
DA:111,0
BRF:0
BRH:0
LF:86
LH:0
end_of_record
SF:/Users/casibbald/Workspace/microscaler/DCops/crates/netbox-client/src/types.rs
FN:137,_RNvXs1_NtCs1dWY6dhYpFc_13netbox_client5typesyINtNtCskzPJi2J8k3N_4core7convert4FromNtB5_6SiteIdE4from
FN:150,_RNvXs3_NtCs1dWY6dhYpFc_13netbox_client5typesyINtNtCskzPJi2J8k3N_4core7convert4FromNtB5_8DeviceIdE4from
FN:163,_RNvXs5_NtCs1dWY6dhYpFc_13netbox_client5typesyINtNtCskzPJi2J8k3N_4core7convert4FromNtB5_11InterfaceIdE4from
FN:176,_RNvXs7_NtCs1dWY6dhYpFc_13netbox_client5typesyINtNtCskzPJi2J8k3N_4core7convert4FromNtB5_8PrefixIdE4from
FN:189,_RNvXs9_NtCs1dWY6dhYpFc_13netbox_client5typesyINtNtCskzPJi2J8k3N_4core7convert4FromNtB5_11IpAddressIdE4from
FN:368,_RNvXsA_NtCs1dWY6dhYpFc_13netbox_client5typesNtB5_6SiteIdNtNtCskzPJi2J8k3N_4core3fmt7Display3fmt
FN:374,_RNvXsB_NtCs1dWY6dhYpFc_13netbox_client5typesNtB5_8PrefixIdNtNtCskzPJi2J8k3N_4core3fmt7Display3fmt
FN:124,_RNvXs_NtCs1dWY6dhYpFc_13netbox_client5typesyINtNtCskzPJi2J8k3N_4core7convert4FromNtB4_8TenantIdE4from
FN:202,_RNvXsb_NtCs1dWY6dhYpFc_13netbox_client5typesmINtNtCskzPJi2J8k3N_4core7convert4FromNtB5_6VlanIdE4from
FN:215,_RNvXsd_NtCs1dWY6dhYpFc_13netbox_client5typesyINtNtCskzPJi2J8k3N_4core7convert4FromNtB5_8RegionIdE4from
FN:228,_RNvXsf_NtCs1dWY6dhYpFc_13netbox_client5typesyINtNtCskzPJi2J8k3N_4core7convert4FromNtB5_11SiteGroupIdE4from
FN:241,_RNvXsh_NtCs1dWY6dhYpFc_13netbox_client5typesyINtNtCskzPJi2J8k3N_4core7convert4FromNtB5_10LocationIdE4from
FN:254,_RNvXsj_NtCs1dWY6dhYpFc_13netbox_client5typesyINtNtCskzPJi2J8k3N_4core7convert4FromNtB5_12DeviceRoleIdE4from
FN:267,_RNvXsl_NtCs1dWY6dhYpFc_13netbox_client5typesyINtNtCskzPJi2J8k3N_4core7convert4FromNtB5_12DeviceTypeIdE4from
FN:280,_RNvXsn_NtCs1dWY6dhYpFc_13netbox_client5typesyINtNtCskzPJi2J8k3N_4core7convert4FromNtB5_14ManufacturerIdE4from
FN:293,_RNvXsp_NtCs1dWY6dhYpFc_13netbox_client5typesyINtNtCskzPJi2J8k3N_4core7convert4FromNtB5_10PlatformIdE4from
FN:306,_RNvXsr_NtCs1dWY6dhYpFc_13netbox_client5typesyINtNtCskzPJi2J8k3N_4core7convert4FromNtB5_6RoleIdE4from
FN:319,_RNvXst_NtCs1dWY6dhYpFc_13netbox_client5typesyINtNtCskzPJi2J8k3N_4core7convert4FromNtB5_11AggregateIdE4from
FN:332,_RNvXsv_NtCs1dWY6dhYpFc_13netbox_client5typesyINtNtCskzPJi2J8k3N_4core7convert4FromNtB5_5RirIdE4from
FN:345,_RNvXsx_NtCs1dWY6dhYpFc_13netbox_client5typesyINtNtCskzPJi2J8k3N_4core7convert4FromNtB5_11VlanGroupIdE4from
FN:358,_RNvXsz_NtCs1dWY6dhYpFc_13netbox_client5typesyINtNtCskzPJi2J8k3N_4core7convert4FromNtB5_13TenantGroupIdE4from
FN:118,_RNvXNtCs1dWY6dhYpFc_13netbox_client5typesNtB2_8TenantIdINtNtCskzPJi2J8k3N_4core7convert4FromyE4from
FN:131,_RNvXs0_NtCs1dWY6dhYpFc_13netbox_client5typesNtB5_6SiteIdINtNtCskzPJi2J8k3N_4core7convert4FromyE4from
FN:144,_RNvXs2_NtCs1dWY6dhYpFc_13netbox_client5typesNtB5_8DeviceIdINtNtCskzPJi2J8k3N_4core7convert4FromyE4from
FN:157,_RNvXs4_NtCs1dWY6dhYpFc_13netbox_client5typesNtB5_11InterfaceIdINtNtCskzPJi2J8k3N_4core7convert4FromyE4from
FN:170,_RNvXs6_NtCs1dWY6dhYpFc_13netbox_client5typesNtB5_8PrefixIdINtNtCskzPJi2J8k3N_4core7convert4FromyE4from
FN:183,_RNvXs8_NtCs1dWY6dhYpFc_13netbox_client5typesNtB5_11IpAddressIdINtNtCskzPJi2J8k3N_4core7convert4FromyE4from
FN:196,_RNvXsa_NtCs1dWY6dhYpFc_13netbox_client5typesNtB5_6VlanIdINtNtCskzPJi2J8k3N_4core7convert4FrommE4from
FN:209,_RNvXsc_NtCs1dWY6dhYpFc_13netbox_client5typesNtB5_8RegionIdINtNtCskzPJi2J8k3N_4core7convert4FromyE4from
FN:222,_RNvXse_NtCs1dWY6dhYpFc_13netbox_client5typesNtB5_11SiteGroupIdINtNtCskzPJi2J8k3N_4core7convert4FromyE4from
FN:235,_RNvXsg_NtCs1dWY6dhYpFc_13netbox_client5typesNtB5_10LocationIdINtNtCskzPJi2J8k3N_4core7convert4FromyE4from
FN:248,_RNvXsi_NtCs1dWY6dhYpFc_13netbox_client5typesNtB5_12DeviceRoleIdINtNtCskzPJi2J8k3N_4core7convert4FromyE4from
FN:261,_RNvXsk_NtCs1dWY6dhYpFc_13netbox_client5typesNtB5_12DeviceTypeIdINtNtCskzPJi2J8k3N_4core7convert4FromyE4from
FN:274,_RNvXsm_NtCs1dWY6dhYpFc_13netbox_client5typesNtB5_14ManufacturerIdINtNtCskzPJi2J8k3N_4core7convert4FromyE4from
FN:287,_RNvXso_NtCs1dWY6dhYpFc_13netbox_client5typesNtB5_10PlatformIdINtNtCskzPJi2J8k3N_4core7convert4FromyE4from
FN:300,_RNvXsq_NtCs1dWY6dhYpFc_13netbox_client5typesNtB5_6RoleIdINtNtCskzPJi2J8k3N_4core7convert4FromyE4from
FN:313,_RNvXss_NtCs1dWY6dhYpFc_13netbox_client5typesNtB5_11AggregateIdINtNtCskzPJi2J8k3N_4core7convert4FromyE4from
FN:326,_RNvXsu_NtCs1dWY6dhYpFc_13netbox_client5typesNtB5_5RirIdINtNtCskzPJi2J8k3N_4core7convert4FromyE4from
FN:339,_RNvXsw_NtCs1dWY6dhYpFc_13netbox_client5typesNtB5_11VlanGroupIdINtNtCskzPJi2J8k3N_4core7convert4FromyE4from
FN:352,_RNvXsy_NtCs1dWY6dhYpFc_13netbox_client5typesNtB5_13TenantGroupIdINtNtCskzPJi2J8k3N_4core7convert4FromyE4from
FNDA:0,_RNvXs1_NtCs1dWY6dhYpFc_13netbox_client5typesyINtNtCskzPJi2J8k3N_4core7convert4FromNtB5_6SiteIdE4from
FNDA:0,_RNvXs3_NtCs1dWY6dhYpFc_13netbox_client5typesyINtNtCskzPJi2J8k3N_4core7convert4FromNtB5_8DeviceIdE4from
FNDA:0,_RNvXs5_NtCs1dWY6dhYpFc_13netbox_client5typesyINtNtCskzPJi2J8k3N_4core7convert4FromNtB5_11InterfaceIdE4from
FNDA:0,_RNvXs7_NtCs1dWY6dhYpFc_13netbox_client5typesyINtNtCskzPJi2J8k3N_4core7convert4FromNtB5_8PrefixIdE4from
FNDA:0,_RNvXs9_NtCs1dWY6dhYpFc_13netbox_client5typesyINtNtCskzPJi2J8k3N_4core7convert4FromNtB5_11IpAddressIdE4from
FNDA:0,_RNvXsA_NtCs1dWY6dhYpFc_13netbox_client5typesNtB5_6SiteIdNtNtCskzPJi2J8k3N_4core3fmt7Display3fmt
FNDA:0,_RNvXsB_NtCs1dWY6dhYpFc_13netbox_client5typesNtB5_8PrefixIdNtNtCskzPJi2J8k3N_4core3fmt7Display3fmt
FNDA:0,_RNvXs_NtCs1dWY6dhYpFc_13netbox_client5typesyINtNtCskzPJi2J8k3N_4core7convert4FromNtB4_8TenantIdE4from
FNDA:0,_RNvXsb_NtCs1dWY6dhYpFc_13netbox_client5typesmINtNtCskzPJi2J8k3N_4core7convert4FromNtB5_6VlanIdE4from
FNDA:0,_RNvXsd_NtCs1dWY6dhYpFc_13netbox_client5typesyINtNtCskzPJi2J8k3N_4core7convert4FromNtB5_8RegionIdE4from
FNDA:0,_RNvXsf_NtCs1dWY6dhYpFc_13netbox_client5typesyINtNtCskzPJi2J8k3N_4core7convert4FromNtB5_11SiteGroupIdE4from
FNDA:0,_RNvXsh_NtCs1dWY6dhYpFc_13netbox_client5typesyINtNtCskzPJi2J8k3N_4core7convert4FromNtB5_10LocationIdE4from
FNDA:0,_RNvXsj_NtCs1dWY6dhYpFc_13netbox_client5typesyINtNtCskzPJi2J8k3N_4core7convert4FromNtB5_12DeviceRoleIdE4from
FNDA:0,_RNvXsl_NtCs1dWY6dhYpFc_13netbox_client5typesyINtNtCskzPJi2J8k3N_4core7convert4FromNtB5_12DeviceTypeIdE4from
FNDA:0,_RNvXsn_NtCs1dWY6dhYpFc_13netbox_client5typesyINtNtCskzPJi2J8k3N_4core7convert4FromNtB5_14ManufacturerIdE4from
FNDA:0,_RNvXsp_NtCs1dWY6dhYpFc_13netbox_client5typesyINtNtCskzPJi2J8k3N_4core7convert4FromNtB5_10PlatformIdE4from
FNDA:0,_RNvXsr_NtCs1dWY6dhYpFc_13netbox_client5typesyINtNtCskzPJi2J8k3N_4core7convert4FromNtB5_6RoleIdE4from
FNDA:0,_RNvXst_NtCs1dWY6dhYpFc_13netbox_client5typesyINtNtCskzPJi2J8k3N_4core7convert4FromNtB5_11AggregateIdE4from
FNDA:0,_RNvXsv_NtCs1dWY6dhYpFc_13netbox_client5typesyINtNtCskzPJi2J8k3N_4core7convert4FromNtB5_5RirIdE4from
FNDA:0,_RNvXsx_NtCs1dWY6dhYpFc_13netbox_client5typesyINtNtCskzPJi2J8k3N_4core7convert4FromNtB5_11VlanGroupIdE4from
FNDA:0,_RNvXsz_NtCs1dWY6dhYpFc_13netbox_client5typesyINtNtCskzPJi2J8k3N_4core7convert4FromNtB5_13TenantGroupIdE4from
FNDA:0,_RNvXNtCs1dWY6dhYpFc_13netbox_client5typesNtB2_8TenantIdINtNtCskzPJi2J8k3N_4core7convert4FromyE4from
FNDA:0,_RNvXs0_NtCs1dWY6dhYpFc_13netbox_client5typesNtB5_6SiteIdINtNtCskzPJi2J8k3N_4core7convert4FromyE4from
FNDA:0,_RNvXs2_NtCs1dWY6dhYpFc_13netbox_client5typesNtB5_8DeviceIdINtNtCskzPJi2J8k3N_4core7convert4FromyE4from
FNDA:0,_RNvXs4_NtCs1dWY6dhYpFc_13netbox_client5typesNtB5_11InterfaceIdINtNtCskzPJi2J8k3N_4core7convert4FromyE4from
FNDA:0,_RNvXs6_NtCs1dWY6dhYpFc_13netbox_client5typesNtB5_8PrefixIdINtNtCskzPJi2J8k3N_4core7convert4FromyE4from
FNDA:0,_RNvXs8_NtCs1dWY6dhYpFc_13netbox_client5typesNtB5_11IpAddressIdINtNtCskzPJi2J8k3N_4core7convert4FromyE4from
FNDA:0,_RNvXsa_NtCs1dWY6dhYpFc_13netbox_client5typesNtB5_6VlanIdINtNtCskzPJi2J8k3N_4core7convert4FrommE4from
FNDA:0,_RNvXsc_NtCs1dWY6dhYpFc_13netbox_client5typesNtB5_8RegionIdINtNtCskzPJi2J8k3N_4core7convert4FromyE4from
FNDA:0,_RNvXse_NtCs1dWY6dhYpFc_13netbox_client5typesNtB5_11SiteGroupIdINtNtCskzPJi2J8k3N_4core7convert4FromyE4from
FNDA:0,_RNvXsg_NtCs1dWY6dhYpFc_13netbox_client5typesNtB5_10LocationIdINtNtCskzPJi2J8k3N_4core7convert4FromyE4from
FNDA:0,_RNvXsi_NtCs1dWY6dhYpFc_13netbox_client5typesNtB5_12DeviceRoleIdINtNtCskzPJi2J8k3N_4core7convert4FromyE4from
FNDA:0,_RNvXsk_NtCs1dWY6dhYpFc_13netbox_client5typesNtB5_12DeviceTypeIdINtNtCskzPJi2J8k3N_4core7convert4FromyE4from
FNDA:0,_RNvXsm_NtCs1dWY6dhYpFc_13netbox_client5typesNtB5_14ManufacturerIdINtNtCskzPJi2J8k3N_4core7convert4FromyE4from
FNDA:0,_RNvXso_NtCs1dWY6dhYpFc_13netbox_client5typesNtB5_10PlatformIdINtNtCskzPJi2J8k3N_4core7convert4FromyE4from
FNDA:0,_RNvXsq_NtCs1dWY6dhYpFc_13netbox_client5typesNtB5_6RoleIdINtNtCskzPJi2J8k3N_4core7convert4FromyE4from
FNDA:0,_RNvXss_NtCs1dWY6dhYpFc_13netbox_client5typesNtB5_11AggregateIdINtNtCskzPJi2J8k3N_4core7convert4FromyE4from
FNDA:0,_RNvXsu_NtCs1dWY6dhYpFc_13netbox_client5typesNtB5_5RirIdINtNtCskzPJi2J8k3N_4core7convert4FromyE4from
FNDA:0,_RNvXsw_NtCs1dWY6dhYpFc_13netbox_client5typesNtB5_11VlanGroupIdINtNtCskzPJi2J8k3N_4core7convert4FromyE4from
FNDA:0,_RNvXsy_NtCs1dWY6dhYpFc_13netbox_client5typesNtB5_13TenantGroupIdINtNtCskzPJi2J8k3N_4core7convert4FromyE4from
FNF:40
FNH:0
DA:118,0
DA:119,0
DA:120,0
DA:124,0
DA:125,0
DA:126,0
DA:131,0
DA:132,0
DA:133,0
DA:137,0
DA:138,0
DA:139,0
DA:144,0
DA:145,0
DA:146,0
DA:150,0
DA:151,0
DA:152,0
DA:157,0
DA:158,0
DA:159,0
DA:163,0
DA:164,0
DA:165,0
DA:170,0
DA:171,0
DA:172,0
DA:176,0
DA:177,0
DA:178,0
DA:183,0
DA:184,0
DA:185,0
DA:189,0
DA:190,0
DA:191,0
DA:196,0
DA:197,0
DA:198,0
DA:202,0
DA:203,0
DA:204,0
DA:209,0
DA:210,0
DA:211,0
DA:215,0
DA:216,0
DA:217,0
DA:222,0
DA:223,0
DA:224,0
DA:228,0
DA:229,0
DA:230,0
DA:235,0
DA:236,0
DA:237,0
DA:241,0
DA:242,0
DA:243,0
DA:248,0
DA:249,0
DA:250,0
DA:254,0
DA:255,0
DA:256,0
DA:261,0
DA:262,0
DA:263,0
DA:267,0
DA:268,0
DA:269,0
DA:274,0
DA:275,0
DA:276,0
DA:280,0
DA:281,0
DA:282,0
DA:287,0
DA:288,0
DA:289,0
DA:293,0
DA:294,0
DA:295,0
DA:300,0
DA:301,0
DA:302,0
DA:306,0
DA:307,0
DA:308,0
DA:313,0
DA:314,0
DA:315,0
DA:319,0
DA:320,0
DA:321,0
DA:326,0
DA:327,0
DA:328,0
DA:332,0
DA:333,0
DA:334,0
DA:339,0
DA:340,0
DA:341,0
DA:345,0
DA:346,0
DA:347,0
DA:352,0
DA:353,0
DA:354,0
DA:358,0
DA:359,0
DA:360,0
DA:368,0
DA:369,0
DA:370,0
DA:374,0
DA:375,0
DA:376,0
BRF:0
BRH:0
LF:120
LH:0
end_of_record
SF:/Users/casibbald/Workspace/microscaler/DCops/crates/pxe-server/src/api.rs
FN:63,_RNCNvMNtCsi8BTIov83Gj_10pxe_server3apiNtB4_9ApiServer15get_boot_config0B6_
FN:57,_RNCNvMNtCsi8BTIov83Gj_10pxe_server3apiNtB4_9ApiServer15set_boot_config0B6_
FN:48,_RNCNvMNtCsi8BTIov83Gj_10pxe_server3apiNtB4_9ApiServer5start0B6_
FN:63,_RNvMNtCsi8BTIov83Gj_10pxe_server3apiNtB2_9ApiServer15get_boot_config
FN:57,_RNvMNtCsi8BTIov83Gj_10pxe_server3apiNtB2_9ApiServer15set_boot_config
FN:37,_RNvMNtCsi8BTIov83Gj_10pxe_server3apiNtB2_9ApiServer3new
FN:48,_RNvMNtCsi8BTIov83Gj_10pxe_server3apiNtB2_9ApiServer5start
FNDA:0,_RNCNvMNtCsi8BTIov83Gj_10pxe_server3apiNtB4_9ApiServer15get_boot_config0B6_
FNDA:0,_RNCNvMNtCsi8BTIov83Gj_10pxe_server3apiNtB4_9ApiServer15set_boot_config0B6_
FNDA:0,_RNCNvMNtCsi8BTIov83Gj_10pxe_server3apiNtB4_9ApiServer5start0B6_
FNDA:0,_RNvMNtCsi8BTIov83Gj_10pxe_server3apiNtB2_9ApiServer15get_boot_config
FNDA:0,_RNvMNtCsi8BTIov83Gj_10pxe_server3apiNtB2_9ApiServer15set_boot_config
FNDA:0,_RNvMNtCsi8BTIov83Gj_10pxe_server3apiNtB2_9ApiServer3new
FNDA:0,_RNvMNtCsi8BTIov83Gj_10pxe_server3apiNtB2_9ApiServer5start
FNF:7
FNH:0
DA:37,0
DA:42,0
DA:48,0
DA:53,0
DA:57,0
DA:59,0
DA:63,0
DA:65,0
BRF:0
BRH:0
LF:11
LH:0
end_of_record
SF:/Users/casibbald/Workspace/microscaler/DCops/crates/pxe-server/src/dhcp.rs
FN:40,_RNCNvMNtCsi8BTIov83Gj_10pxe_server4dhcpNtB4_10DhcpServer5start0B6_
FN:27,_RNvMNtCsi8BTIov83Gj_10pxe_server4dhcpNtB2_10DhcpServer3new
FN:40,_RNvMNtCsi8BTIov83Gj_10pxe_server4dhcpNtB2_10DhcpServer5start
FNDA:0,_RNCNvMNtCsi8BTIov83Gj_10pxe_server4dhcpNtB4_10DhcpServer5start0B6_
FNDA:0,_RNvMNtCsi8BTIov83Gj_10pxe_server4dhcpNtB2_10DhcpServer3new
FNDA:0,_RNvMNtCsi8BTIov83Gj_10pxe_server4dhcpNtB2_10DhcpServer5start
FNF:3
FNH:0
DA:27,0
DA:34,0
DA:40,0
DA:45,0
BRF:0
BRH:0
LF:5
LH:0
end_of_record
SF:/Users/casibbald/Workspace/microscaler/DCops/crates/pxe-server/src/http.rs
FN:34,_RNCNvMNtCsi8BTIov83Gj_10pxe_server4httpNtB4_10HttpServer5start0B6_
FN:23,_RNvMNtCsi8BTIov83Gj_10pxe_server4httpNtB2_10HttpServer3new
FN:34,_RNvMNtCsi8BTIov83Gj_10pxe_server4httpNtB2_10HttpServer5start
FNDA:0,_RNCNvMNtCsi8BTIov83Gj_10pxe_server4httpNtB4_10HttpServer5start0B6_
FNDA:0,_RNvMNtCsi8BTIov83Gj_10pxe_server4httpNtB2_10HttpServer3new
FNDA:0,_RNvMNtCsi8BTIov83Gj_10pxe_server4httpNtB2_10HttpServer5start
FNF:3
FNH:0
DA:23,0
DA:28,0
DA:34,0
DA:39,0
BRF:0
BRH:0
LF:5
LH:0
end_of_record
SF:/Users/casibbald/Workspace/microscaler/DCops/crates/pxe-server/src/server.rs
FN:36,_RNCNvMNtCsi8BTIov83Gj_10pxe_server6serverNtB4_9PxeServer5start0B6_
FN:49,_RNCNvMNtCsi8BTIov83Gj_10pxe_server6serverNtB4_9PxeServer8shutdown0B6_
FN:27,_RNvMNtCsi8BTIov83Gj_10pxe_server6serverNtB2_9PxeServer3new
FN:36,_RNvMNtCsi8BTIov83Gj_10pxe_server6serverNtB2_9PxeServer5start
FN:49,_RNvMNtCsi8BTIov83Gj_10pxe_server6serverNtB2_9PxeServer8shutdown
FNDA:0,_RNCNvMNtCsi8BTIov83Gj_10pxe_server6serverNtB4_9PxeServer5start0B6_
FNDA:0,_RNCNvMNtCsi8BTIov83Gj_10pxe_server6serverNtB4_9PxeServer8shutdown0B6_
FNDA:0,_RNvMNtCsi8BTIov83Gj_10pxe_server6serverNtB2_9PxeServer3new
FNDA:0,_RNvMNtCsi8BTIov83Gj_10pxe_server6serverNtB2_9PxeServer5start
FNDA:0,_RNvMNtCsi8BTIov83Gj_10pxe_server6serverNtB2_9PxeServer8shutdown
FNF:5
FNH:0
DA:27,0
DA:29,0
DA:36,0
DA:37,0
DA:45,0
DA:49,0
DA:50,0
DA:53,0
BRF:0
BRH:0
LF:10
LH:0
end_of_record
SF:/Users/casibbald/Workspace/microscaler/DCops/crates/pxe-server/src/tftp.rs
FN:31,_RNCNvMNtCsi8BTIov83Gj_10pxe_server4tftpNtB4_10TftpServer5start0B6_
FN:23,_RNvMNtCsi8BTIov83Gj_10pxe_server4tftpNtB2_10TftpServer3new
FN:31,_RNvMNtCsi8BTIov83Gj_10pxe_server4tftpNtB2_10TftpServer5start
FNDA:0,_RNCNvMNtCsi8BTIov83Gj_10pxe_server4tftpNtB4_10TftpServer5start0B6_
FNDA:0,_RNvMNtCsi8BTIov83Gj_10pxe_server4tftpNtB2_10TftpServer3new
FNDA:0,_RNvMNtCsi8BTIov83Gj_10pxe_server4tftpNtB2_10TftpServer5start
FNF:3
FNH:0
DA:23,0
DA:27,0
DA:31,0
DA:35,0
BRF:0
BRH:0
LF:5
LH:0
end_of_record
SF:/Users/casibbald/Workspace/microscaler/DCops/crates/routeros-client/src/client.rs
FN:16,_RNvMNtCs3d8Hief4g9n_15routeros_client6clientNtB2_14RouterOSClient3new
FNDA:0,_RNvMNtCs3d8Hief4g9n_15routeros_client6clientNtB2_14RouterOSClient3new
FNF:1
FNH:0
DA:16,0
DA:17,0
DA:18,0
DA:20,0
DA:21,0
DA:22,0
DA:23,0
DA:24,0
DA:25,0
DA:26,0
BRF:0
BRH:0
LF:10
LH:0
end_of_record